#
# There is insufficient memory for the Java Runtime Environment to continue.
# Native memory allocation (malloc) failed to allocate 2020672 bytes for Chunk::new
# Possible reasons:
#   The system is out of physical RAM or swap space
#   The process is running with CompressedOops enabled, and the Java Heap may be blocking the growth of the native heap
# Possible solutions:
#   Reduce memory load on the system
#   Increase physical memory or swap space
#   Check if swap backing store is full
#   Decrease Java heap size (-Xmx/-Xms)
#   Decrease number of Java threads
#   Decrease Java thread stack sizes (-Xss)
#   Set larger code cache with -XX:ReservedCodeCacheSize=
#   JVM is running with Zero Based Compressed Oops mode in which the Java heap is
#     placed in the first 32GB address space. The Java Heap base address is the
#     maximum limit for the native heap growth. Please use -XX:HeapBaseMinAddress
#     to set the Java Heap base and to place the Java Heap above 32GB virtual address.
# This output file may be truncated or incomplete.
#
#  Out of Memory Error (arena.cpp:189), pid=20904, tid=16808
#
# JRE version: Java(TM) SE Runtime Environment (17.0.12+8) (build 17.0.12+8-LTS-286)
# Java VM: Java HotSpot(TM) 64-Bit Server VM (17.0.12+8-LTS-286, mixed mode, sharing, tiered, compressed oops, compressed class ptrs, g1 gc, windows-amd64)
# No core dump will be written. Minidumps are not enabled by default on client versions of Windows
#

---------------  S U M M A R Y ------------

Command Line: --add-opens=java.base/java.lang=ALL-UNNAMED --add-opens=java.base/java.lang.invoke=ALL-UNNAMED --add-opens=java.base/java.util=ALL-UNNAMED --add-opens=java.prefs/java.util.prefs=ALL-UNNAMED --add-exports=jdk.compiler/com.sun.tools.javac.api=ALL-UNNAMED --add-exports=jdk.compiler/com.sun.tools.javac.util=ALL-UNNAMED --add-opens=java.base/java.util=ALL-UNNAMED --add-opens=java.prefs/java.util.prefs=ALL-UNNAMED --add-opens=java.base/java.nio.charset=ALL-UNNAMED --add-opens=java.base/java.net=ALL-UNNAMED --add-opens=java.base/java.util.concurrent.atomic=ALL-UNNAMED --add-opens=java.xml/javax.xml.namespace=ALL-UNNAMED -XX:+HeapDumpOnOutOfMemoryError -Xmx4096m -Dfile.encoding=UTF-8 -Duser.country=IN -Duser.language=en -Duser.variant -javaagent:C:\Users\rickb\.gradle\wrapper\dists\gradle-8.14.1-bin\baw1sv0jfoi8rxs14qo3h49cs\gradle-8.14.1\lib\agents\gradle-instrumentation-agent-8.14.1.jar org.gradle.launcher.daemon.bootstrap.GradleDaemon 8.14.1

Host: AMD Ryzen 5 5600H with Radeon Graphics         , 12 cores, 5G,  Windows 11 , 64 bit Build 22621 (10.0.22621.5415)
Time: Thu Jul  3 13:55:23 2025 India Standard Time elapsed time: 5.731589 seconds (0d 0h 0m 5s)

---------------  T H R E A D  ---------------

Current thread (0x000001f4e4e0a070):  JavaThread "C2 CompilerThread0" daemon [_thread_in_native, id=16808, stack(0x00000028f7300000,0x00000028f7400000)]


Current CompileTask:
C2:   5731 4138   !   4       java.net.URLClassLoader::findClass (47 bytes)

Stack: [0x00000028f7300000,0x00000028f7400000]
Native frames: (J=compiled Java code, j=interpreted, Vv=VM code, C=native code)
V  [jvm.dll+0x67a04a]
V  [jvm.dll+0x7da4ed]
V  [jvm.dll+0x7dbe33]
V  [jvm.dll+0x7dc4a3]
V  [jvm.dll+0x24508f]
V  [jvm.dll+0xab773]
V  [jvm.dll+0xabd3c]
V  [jvm.dll+0x361bee]
V  [jvm.dll+0x1ba64a]
V  [jvm.dll+0x216997]
V  [jvm.dll+0x215c6f]
V  [jvm.dll+0x1a2960]
V  [jvm.dll+0x22610b]
V  [jvm.dll+0x2242ab]
V  [jvm.dll+0x79075c]
V  [jvm.dll+0x78abea]
V  [jvm.dll+0x678f35]
C  [ucrtbase.dll+0x29333]
C  [KERNEL32.DLL+0x1259d]
C  [ntdll.dll+0x5af78]


---------------  P R O C E S S  ---------------

Threads class SMR info:
_java_thread_list=0x000001f52c88c2d0, length=35, elements={
0x000001f4c1d79580, 0x000001f4e4de13d0, 0x000001f4e4de4260, 0x000001f4e4df2ef0,
0x000001f4e4df4ac0, 0x000001f4e4df7590, 0x000001f4e4df7f50, 0x000001f4e4e0a070,
0x000001f4e4e2b140, 0x000001f4e4e2e170, 0x000001f4e5257bf0, 0x000001f4e53b1f50,
0x000001f52bebc1f0, 0x000001f52c09b030, 0x000001f52c0a8240, 0x000001f52c3b8840,
0x000001f52c3babb0, 0x000001f52c3b7e20, 0x000001f52c3bb0c0, 0x000001f52c3bb5d0,
0x000001f52c3b9260, 0x000001f52c3b8330, 0x000001f52c3ba6a0, 0x000001f52c3b8d50,
0x000001f52c3b9770, 0x000001f52c3ba190, 0x000001f52c765540, 0x000001f52c7678b0,
0x000001f52c7622a0, 0x000001f52c762cc0, 0x000001f52c766e90, 0x000001f52c7627b0,
0x000001f52c763bf0, 0x000001f52c7673a0, 0x000001f52c765a50
}

Java Threads: ( => current thread )
  0x000001f4c1d79580 JavaThread "main" [_thread_blocked, id=29612, stack(0x00000028f6600000,0x00000028f6700000)]
  0x000001f4e4de13d0 JavaThread "Reference Handler" daemon [_thread_blocked, id=29360, stack(0x00000028f6d00000,0x00000028f6e00000)]
  0x000001f4e4de4260 JavaThread "Finalizer" daemon [_thread_blocked, id=20984, stack(0x00000028f6e00000,0x00000028f6f00000)]
  0x000001f4e4df2ef0 JavaThread "Signal Dispatcher" daemon [_thread_blocked, id=18860, stack(0x00000028f6f00000,0x00000028f7000000)]
  0x000001f4e4df4ac0 JavaThread "Attach Listener" daemon [_thread_blocked, id=29328, stack(0x00000028f7000000,0x00000028f7100000)]
  0x000001f4e4df7590 JavaThread "Service Thread" daemon [_thread_blocked, id=25572, stack(0x00000028f7100000,0x00000028f7200000)]
  0x000001f4e4df7f50 JavaThread "Monitor Deflation Thread" daemon [_thread_blocked, id=11208, stack(0x00000028f7200000,0x00000028f7300000)]
=>0x000001f4e4e0a070 JavaThread "C2 CompilerThread0" daemon [_thread_in_native, id=16808, stack(0x00000028f7300000,0x00000028f7400000)]
  0x000001f4e4e2b140 JavaThread "C1 CompilerThread0" daemon [_thread_blocked, id=23296, stack(0x00000028f7400000,0x00000028f7500000)]
  0x000001f4e4e2e170 JavaThread "Sweeper thread" daemon [_thread_blocked, id=23968, stack(0x00000028f7500000,0x00000028f7600000)]
  0x000001f4e5257bf0 JavaThread "Common-Cleaner" daemon [_thread_blocked, id=20196, stack(0x00000028f7600000,0x00000028f7700000)]
  0x000001f4e53b1f50 JavaThread "Notification Thread" daemon [_thread_blocked, id=2772, stack(0x00000028f7700000,0x00000028f7800000)]
  0x000001f52bebc1f0 JavaThread "Daemon health stats" [_thread_blocked, id=21952, stack(0x00000028f7d00000,0x00000028f7e00000)]
  0x000001f52c09b030 JavaThread "Incoming local TCP Connector on port 52751" [_thread_in_native, id=24916, stack(0x00000028f7e00000,0x00000028f7f00000)]
  0x000001f52c0a8240 JavaThread "Daemon periodic checks" [_thread_blocked, id=1776, stack(0x00000028f7f00000,0x00000028f8000000)]
  0x000001f52c3b8840 JavaThread "Daemon" [_thread_blocked, id=25264, stack(0x00000028f8000000,0x00000028f8100000)]
  0x000001f52c3babb0 JavaThread "Handler for socket connection from /127.0.0.1:52751 to /127.0.0.1:52752" [_thread_in_native, id=24724, stack(0x00000028f8100000,0x00000028f8200000)]
  0x000001f52c3b7e20 JavaThread "Cancel handler" [_thread_blocked, id=27708, stack(0x00000028f8200000,0x00000028f8300000)]
  0x000001f52c3bb0c0 JavaThread "Daemon worker" [_thread_in_native, id=29244, stack(0x00000028f8300000,0x00000028f8400000)]
  0x000001f52c3bb5d0 JavaThread "Asynchronous log dispatcher for DefaultDaemonConnection: socket connection from /127.0.0.1:52751 to /127.0.0.1:52752" [_thread_blocked, id=20420, stack(0x00000028f8400000,0x00000028f8500000)]
  0x000001f52c3b9260 JavaThread "Stdin handler" [_thread_blocked, id=30008, stack(0x00000028f8500000,0x00000028f8600000)]
  0x000001f52c3b8330 JavaThread "Daemon client event forwarder" [_thread_blocked, id=4068, stack(0x00000028f8600000,0x00000028f8700000)]
  0x000001f52c3ba6a0 JavaThread "Cache worker for journal cache (C:\Users\rickb\.gradle\caches\journal-1)" [_thread_blocked, id=23052, stack(0x00000028f8c00000,0x00000028f8d00000)]
  0x000001f52c3b8d50 JavaThread "File lock request listener" [_thread_in_native, id=25176, stack(0x00000028f8d00000,0x00000028f8e00000)]
  0x000001f52c3b9770 JavaThread "Cache worker for file hash cache (C:\Users\rickb\.gradle\caches\8.14.1\fileHashes)" [_thread_blocked, id=19996, stack(0x00000028f8e00000,0x00000028f8f00000)]
  0x000001f52c3ba190 JavaThread "Cache worker for file hash cache (E:\App\delhiveryApp\client\App\android\.gradle\8.14.1\fileHashes)" [_thread_blocked, id=5772, stack(0x00000028f8f00000,0x00000028f9000000)]
  0x000001f52c765540 JavaThread "Cache worker for Build Output Cleanup Cache (E:\App\delhiveryApp\client\App\android\.gradle\buildOutputCleanup)" [_thread_blocked, id=29372, stack(0x00000028f9000000,0x00000028f9100000)]
  0x000001f52c7678b0 JavaThread "File watcher server" daemon [_thread_in_native, id=5568, stack(0x00000028f9300000,0x00000028f9400000)]
  0x000001f52c7622a0 JavaThread "File watcher consumer" daemon [_thread_blocked, id=7768, stack(0x00000028f9400000,0x00000028f9500000)]
  0x000001f52c762cc0 JavaThread "jar transforms" [_thread_blocked, id=5412, stack(0x00000028f9500000,0x00000028f9600000)]
  0x000001f52c766e90 JavaThread "Cache worker for checksums cache (E:\App\delhiveryApp\client\App\android\.gradle\8.14.1\checksums)" [_thread_blocked, id=23340, stack(0x00000028f9600000,0x00000028f9700000)]
  0x000001f52c7627b0 JavaThread "Cache worker for file content cache (C:\Users\rickb\.gradle\caches\8.14.1\fileContent)" [_thread_blocked, id=25912, stack(0x00000028f9700000,0x00000028f9800000)]
  0x000001f52c763bf0 JavaThread "Cache worker for cache directory md-supplier (C:\Users\rickb\.gradle\caches\8.14.1\md-supplier)" [_thread_blocked, id=13668, stack(0x00000028f9800000,0x00000028f9900000)]
  0x000001f52c7673a0 JavaThread "Cache worker for cache directory md-rule (C:\Users\rickb\.gradle\caches\8.14.1\md-rule)" [_thread_blocked, id=4120, stack(0x00000028f9900000,0x00000028f9a00000)]
  0x000001f52c765a50 JavaThread "Cache worker for Build Output Cleanup Cache (E:\App\delhiveryApp\client\App\node_modules\@react-native\gradle-plugin\.gradle\buildOutputCleanup)" [_thread_blocked, id=26208, stack(0x00000028f9a00000,0x00000028f9b00000)]

Other Threads:
  0x000001f4e4dde7d0 VMThread "VM Thread" [stack: 0x00000028f6c00000,0x00000028f6d00000] [id=12504]
  0x000001f4c1e1d710 WatcherThread [stack: 0x00000028f7800000,0x00000028f7900000] [id=17280]
  0x000001f4c1de55b0 GCTaskThread "GC Thread#0" [stack: 0x00000028f6700000,0x00000028f6800000] [id=22020]
  0x000001f4e555e780 GCTaskThread "GC Thread#1" [stack: 0x00000028f7900000,0x00000028f7a00000] [id=24568]
  0x000001f4e557b4a0 GCTaskThread "GC Thread#2" [stack: 0x00000028f7a00000,0x00000028f7b00000] [id=18984]
  0x000001f52b720a30 GCTaskThread "GC Thread#3" [stack: 0x00000028f7b00000,0x00000028f7c00000] [id=21184]
  0x000001f52b720cf0 GCTaskThread "GC Thread#4" [stack: 0x00000028f7c00000,0x00000028f7d00000] [id=7960]
  0x000001f52c1193a0 GCTaskThread "GC Thread#5" [stack: 0x00000028f8700000,0x00000028f8800000] [id=4980]
  0x000001f52c1190e0 GCTaskThread "GC Thread#6" [stack: 0x00000028f8800000,0x00000028f8900000] [id=28700]
  0x000001f52c119920 GCTaskThread "GC Thread#7" [stack: 0x00000028f8900000,0x00000028f8a00000] [id=12580]
  0x000001f52c119be0 GCTaskThread "GC Thread#8" [stack: 0x00000028f8a00000,0x00000028f8b00000] [id=20408]
  0x000001f52c11a420 GCTaskThread "GC Thread#9" [stack: 0x00000028f8b00000,0x00000028f8c00000] [id=18468]
  0x000001f4c1df6500 ConcurrentGCThread "G1 Main Marker" [stack: 0x00000028f6800000,0x00000028f6900000] [id=29836]
  0x000001f4c1df6f10 ConcurrentGCThread "G1 Conc#0" [stack: 0x00000028f6900000,0x00000028f6a00000] [id=10904]
  0x000001f52c11a160 ConcurrentGCThread "G1 Conc#1" [stack: 0x00000028f9100000,0x00000028f9200000] [id=25336]
  0x000001f52c11ac60 ConcurrentGCThread "G1 Conc#2" [stack: 0x00000028f9200000,0x00000028f9300000] [id=7176]
  0x000001f4c1e31010 ConcurrentGCThread "G1 Refine#0" [stack: 0x00000028f6a00000,0x00000028f6b00000] [id=3336]
  0x000001f4c1e31a40 ConcurrentGCThread "G1 Service" [stack: 0x00000028f6b00000,0x00000028f6c00000] [id=28388]

Threads with active compile tasks:
C2 CompilerThread0     5766 4138   !   4       java.net.URLClassLoader::findClass (47 bytes)

VM state: not at safepoint (normal execution)

VM Mutex/Monitor currently owned by a thread: None

Heap address: 0x0000000700000000, size: 4096 MB, Compressed Oops mode: Zero based, Oop shift amount: 3

CDS archive(s) mapped at: [0x000001f4e6000000-0x000001f4e6bd0000-0x000001f4e6bd0000), size 12386304, SharedBaseAddress: 0x000001f4e6000000, ArchiveRelocationMode: 1.
Compressed class space mapped at: 0x000001f4e7000000-0x000001f527000000, reserved size: 1073741824
Narrow klass base: 0x000001f4e6000000, Narrow klass shift: 0, Narrow klass range: 0x100000000

GC Precious Log:
 CPUs: 12 total, 12 available
 Memory: 5996M
 Large Page Support: Disabled
 NUMA Support: Disabled
 Compressed Oops: Enabled (Zero based)
 Heap Region Size: 2M
 Heap Min Capacity: 8M
 Heap Initial Capacity: 94M
 Heap Max Capacity: 4G
 Pre-touch: Disabled
 Parallel Workers: 10
 Concurrent Workers: 3
 Concurrent Refinement Workers: 10
 Periodic GC: Disabled

Heap:
 garbage-first heap   total 96256K, used 45123K [0x0000000700000000, 0x0000000800000000)
  region size 2048K, 9 young (18432K), 2 survivors (4096K)
 Metaspace       used 37347K, committed 37824K, reserved 1114112K
  class space    used 5215K, committed 5440K, reserved 1048576K

Heap Regions: E=young(eden), S=young(survivor), O=old, HS=humongous(starts), HC=humongous(continues), CS=collection set, F=free, OA=open archive, CA=closed archive, TAMS=top-at-mark-start (previous, next)
|   0|0x0000000700000000, 0x0000000700200000, 0x0000000700200000|100%|HS|  |TAMS 0x0000000700200000, 0x0000000700000000| Complete 
|   1|0x0000000700200000, 0x0000000700400000, 0x0000000700400000|100%|HC|  |TAMS 0x0000000700400000, 0x0000000700200000| Complete 
|   2|0x0000000700400000, 0x0000000700600000, 0x0000000700600000|100%| O|  |TAMS 0x0000000700600000, 0x0000000700400000| Untracked 
|   3|0x0000000700600000, 0x0000000700800000, 0x0000000700800000|100%| O|  |TAMS 0x0000000700800000, 0x0000000700600000| Untracked 
|   4|0x0000000700800000, 0x0000000700a00000, 0x0000000700a00000|100%| O|  |TAMS 0x0000000700a00000, 0x0000000700800000| Untracked 
|   5|0x0000000700a00000, 0x0000000700c00000, 0x0000000700c00000|100%| O|  |TAMS 0x0000000700c00000, 0x0000000700a00000| Untracked 
|   6|0x0000000700c00000, 0x0000000700e00000, 0x0000000700e00000|100%| O|  |TAMS 0x0000000700e00000, 0x0000000700c00000| Untracked 
|   7|0x0000000700e00000, 0x0000000701000000, 0x0000000701000000|100%| O|  |TAMS 0x0000000701000000, 0x0000000700e00000| Untracked 
|   8|0x0000000701000000, 0x0000000701200000, 0x0000000701200000|100%| O|  |TAMS 0x0000000701200000, 0x0000000701000000| Untracked 
|   9|0x0000000701200000, 0x0000000701400000, 0x0000000701400000|100%| O|  |TAMS 0x0000000701400000, 0x0000000701200000| Untracked 
|  10|0x0000000701400000, 0x0000000701600000, 0x0000000701600000|100%| O|  |TAMS 0x0000000701600000, 0x0000000701400000| Untracked 
|  11|0x0000000701600000, 0x0000000701800000, 0x0000000701800000|100%| O|  |TAMS 0x0000000701800000, 0x0000000701600000| Untracked 
|  12|0x0000000701800000, 0x0000000701a00000, 0x0000000701a00000|100%| O|  |TAMS 0x0000000701a00000, 0x0000000701800000| Untracked 
|  13|0x0000000701a00000, 0x0000000701c00000, 0x0000000701c00000|100%| O|  |TAMS 0x0000000701b28400, 0x0000000701a00000| Untracked 
|  14|0x0000000701c00000, 0x0000000701c00000, 0x0000000701e00000|  0%| F|  |TAMS 0x0000000701c00000, 0x0000000701c00000| Untracked 
|  15|0x0000000701e00000, 0x0000000701e00000, 0x0000000702000000|  0%| F|  |TAMS 0x0000000701e00000, 0x0000000701e00000| Untracked 
|  16|0x0000000702000000, 0x00000007021fd200, 0x0000000702200000| 99%| O|  |TAMS 0x0000000702000000, 0x0000000702000000| Untracked 
|  17|0x0000000702200000, 0x0000000702200000, 0x0000000702400000|  0%| F|  |TAMS 0x0000000702200000, 0x0000000702200000| Untracked 
|  18|0x0000000702400000, 0x0000000702400000, 0x0000000702600000|  0%| F|  |TAMS 0x0000000702400000, 0x0000000702400000| Untracked 
|  19|0x0000000702600000, 0x0000000702600000, 0x0000000702800000|  0%| F|  |TAMS 0x0000000702600000, 0x0000000702600000| Untracked 
|  20|0x0000000702800000, 0x0000000702800000, 0x0000000702a00000|  0%| F|  |TAMS 0x0000000702800000, 0x0000000702800000| Untracked 
|  21|0x0000000702a00000, 0x0000000702a00000, 0x0000000702c00000|  0%| F|  |TAMS 0x0000000702a00000, 0x0000000702a00000| Untracked 
|  22|0x0000000702c00000, 0x0000000702c00000, 0x0000000702e00000|  0%| F|  |TAMS 0x0000000702c00000, 0x0000000702c00000| Untracked 
|  23|0x0000000702e00000, 0x0000000702e00000, 0x0000000703000000|  0%| F|  |TAMS 0x0000000702e00000, 0x0000000702e00000| Untracked 
|  24|0x0000000703000000, 0x0000000703000000, 0x0000000703200000|  0%| F|  |TAMS 0x0000000703000000, 0x0000000703000000| Untracked 
|  25|0x0000000703200000, 0x0000000703200000, 0x0000000703400000|  0%| F|  |TAMS 0x0000000703200000, 0x0000000703200000| Untracked 
|  26|0x0000000703400000, 0x0000000703400000, 0x0000000703600000|  0%| F|  |TAMS 0x0000000703400000, 0x0000000703400000| Untracked 
|  27|0x0000000703600000, 0x0000000703600000, 0x0000000703800000|  0%| F|  |TAMS 0x0000000703600000, 0x0000000703600000| Untracked 
|  28|0x0000000703800000, 0x0000000703813b40, 0x0000000703a00000|  3%| S|CS|TAMS 0x0000000703800000, 0x0000000703800000| Complete 
|  29|0x0000000703a00000, 0x0000000703c00000, 0x0000000703c00000|100%| S|CS|TAMS 0x0000000703a00000, 0x0000000703a00000| Complete 
|  30|0x0000000703c00000, 0x0000000703c00000, 0x0000000703e00000|  0%| F|  |TAMS 0x0000000703c00000, 0x0000000703c00000| Untracked 
|  31|0x0000000703e00000, 0x0000000703e00000, 0x0000000704000000|  0%| F|  |TAMS 0x0000000703e00000, 0x0000000703e00000| Untracked 
|  32|0x0000000704000000, 0x0000000704000000, 0x0000000704200000|  0%| F|  |TAMS 0x0000000704000000, 0x0000000704000000| Untracked 
|  33|0x0000000704200000, 0x0000000704200000, 0x0000000704400000|  0%| F|  |TAMS 0x0000000704200000, 0x0000000704200000| Untracked 
|  34|0x0000000704400000, 0x0000000704400000, 0x0000000704600000|  0%| F|  |TAMS 0x0000000704400000, 0x0000000704400000| Untracked 
|  35|0x0000000704600000, 0x0000000704600000, 0x0000000704800000|  0%| F|  |TAMS 0x0000000704600000, 0x0000000704600000| Untracked 
|  36|0x0000000704800000, 0x0000000704800000, 0x0000000704a00000|  0%| F|  |TAMS 0x0000000704800000, 0x0000000704800000| Untracked 
|  37|0x0000000704a00000, 0x0000000704a00000, 0x0000000704c00000|  0%| F|  |TAMS 0x0000000704a00000, 0x0000000704a00000| Untracked 
|  38|0x0000000704c00000, 0x0000000704c00000, 0x0000000704e00000|  0%| F|  |TAMS 0x0000000704c00000, 0x0000000704c00000| Untracked 
|  39|0x0000000704e00000, 0x0000000704e7fc10, 0x0000000705000000| 24%| E|  |TAMS 0x0000000704e00000, 0x0000000704e00000| Complete 
|  40|0x0000000705000000, 0x00000007051f6710, 0x0000000705200000| 98%| E|  |TAMS 0x0000000705000000, 0x0000000705000000| Complete 
|  41|0x0000000705200000, 0x0000000705400000, 0x0000000705400000|100%| E|CS|TAMS 0x0000000705200000, 0x0000000705200000| Complete 
|  42|0x0000000705400000, 0x0000000705600000, 0x0000000705600000|100%| E|CS|TAMS 0x0000000705400000, 0x0000000705400000| Complete 
|  43|0x0000000705600000, 0x0000000705800000, 0x0000000705800000|100%| E|CS|TAMS 0x0000000705600000, 0x0000000705600000| Complete 
|  44|0x0000000705800000, 0x0000000705a00000, 0x0000000705a00000|100%| E|CS|TAMS 0x0000000705800000, 0x0000000705800000| Complete 
|  45|0x0000000705a00000, 0x0000000705c00000, 0x0000000705c00000|100%| E|CS|TAMS 0x0000000705a00000, 0x0000000705a00000| Complete 
|  46|0x0000000705c00000, 0x0000000705e00000, 0x0000000705e00000|100%| E|CS|TAMS 0x0000000705c00000, 0x0000000705c00000| Complete 

Card table byte_map: [0x000001f4d9390000,0x000001f4d9b90000] _byte_map_base: 0x000001f4d5b90000

Marking Bits (Prev, Next): (CMBitMap*) 0x000001f4c1de5bd0, (CMBitMap*) 0x000001f4c1de5c10
 Prev Bits: [0x000001f4da390000, 0x000001f4de390000)
 Next Bits: [0x000001f4de390000, 0x000001f4e2390000)

Polling page: 0x000001f4bfd00000

Metaspace:

Usage:
  Non-class:     31.38 MB used.
      Class:      5.09 MB used.
       Both:     36.47 MB used.

Virtual space:
  Non-class space:       64.00 MB reserved,      31.62 MB ( 49%) committed,  1 nodes.
      Class space:        1.00 GB reserved,       5.31 MB ( <1%) committed,  1 nodes.
             Both:        1.06 GB reserved,      36.94 MB (  3%) committed. 

Chunk freelists:
   Non-Class:  144.00 KB
       Class:  10.54 MB
        Both:  10.68 MB

MaxMetaspaceSize: unlimited
CompressedClassSpaceSize: 1.00 GB
Initial GC threshold: 21.00 MB
Current GC threshold: 59.19 MB
CDS: on
MetaspaceReclaimPolicy: balanced
 - commit_granule_bytes: 65536.
 - commit_granule_words: 8192.
 - virtual_space_node_default_size: 8388608.
 - enlarge_chunks_in_place: 1.
 - new_chunks_are_fully_committed: 0.
 - uncommit_free_chunks: 1.
 - use_allocation_guard: 0.
 - handle_deallocations: 1.


Internal statistics:

num_allocs_failed_limit: 6.
num_arena_births: 546.
num_arena_deaths: 0.
num_vsnodes_births: 2.
num_vsnodes_deaths: 0.
num_space_committed: 591.
num_space_uncommitted: 0.
num_chunks_returned_to_freelist: 6.
num_chunks_taken_from_freelist: 1996.
num_chunk_merges: 6.
num_chunk_splits: 1322.
num_chunks_enlarged: 901.
num_inconsistent_stats: 0.

CodeHeap 'non-profiled nmethods': size=120000Kb used=1994Kb max_used=1994Kb free=118005Kb
 bounds [0x000001f4d1100000, 0x000001f4d1370000, 0x000001f4d8630000]
CodeHeap 'profiled nmethods': size=120000Kb used=8949Kb max_used=8949Kb free=111050Kb
 bounds [0x000001f4c9630000, 0x000001f4c9ef0000, 0x000001f4d0b60000]
CodeHeap 'non-nmethods': size=5760Kb used=2298Kb max_used=2333Kb free=3461Kb
 bounds [0x000001f4d0b60000, 0x000001f4d0dd0000, 0x000001f4d1100000]
 total_blobs=5094 nmethods=4287 adapters=719
 compilation: enabled
              stopped_count=0, restarted_count=0
 full_count=0

Compilation events (20 events):
Event: 5.705 Thread 0x000001f4e4e2b140 nmethod 4285 0x000001f4c9ee4010 code [0x000001f4c9ee41e0, 0x000001f4c9ee4438]
Event: 5.708 Thread 0x000001f4e4e2b140 4286       1       java.lang.invoke.ClassSpecializer$SpeciesData::getterFunctions (5 bytes)
Event: 5.709 Thread 0x000001f4e4e2b140 nmethod 4286 0x000001f4d12f1390 code [0x000001f4d12f1520, 0x000001f4d12f15f8]
Event: 5.712 Thread 0x000001f4e4e2b140 4287       2       java.lang.invoke.InvokerBytecodeGenerator::emitIconstInsn (75 bytes)
Event: 5.713 Thread 0x000001f4e4e2b140 nmethod 4287 0x000001f4c9ee4590 code [0x000001f4c9ee4780, 0x000001f4c9ee4a78]
Event: 5.713 Thread 0x000001f4e4e2b140 4288       2       java.lang.invoke.LambdaFormBuffer::growNames (281 bytes)
Event: 5.714 Thread 0x000001f4e4e2b140 nmethod 4288 0x000001f4c9ee4b90 code [0x000001f4c9ee4da0, 0x000001f4c9ee55b8]
Event: 5.714 Thread 0x000001f4e4e2b140 4289       3       jdk.internal.org.objectweb.asm.SymbolTable::addTypeInternal (85 bytes)
Event: 5.714 Thread 0x000001f4e4e2b140 nmethod 4289 0x000001f4c9ee5a10 code [0x000001f4c9ee5be0, 0x000001f4c9ee6258]
Event: 5.716 Thread 0x000001f4e4e2b140 4290       2       java.util.concurrent.locks.ReentrantLock::lockInterruptibly (8 bytes)
Event: 5.716 Thread 0x000001f4e4e2b140 nmethod 4290 0x000001f4c9ee6410 code [0x000001f4c9ee65e0, 0x000001f4c9ee6878]
Event: 5.716 Thread 0x000001f4e4e2b140 4291       2       java.util.concurrent.locks.ReentrantLock$Sync::lockInterruptibly (27 bytes)
Event: 5.716 Thread 0x000001f4e4e2b140 nmethod 4291 0x000001f4c9ee6a10 code [0x000001f4c9ee6be0, 0x000001f4c9ee6e58]
Event: 5.722 Thread 0x000001f4e4e2b140 4292       2       sun.security.provider.MD5::implCompress (13 bytes)
Event: 5.723 Thread 0x000001f4e4e2b140 nmethod 4292 0x000001f4c9ee7010 code [0x000001f4c9ee71e0, 0x000001f4c9ee74a8]
Event: 5.723 Thread 0x000001f4e4e2b140 4293       2       sun.security.provider.MD5::implCompressCheck (27 bytes)
Event: 5.723 Thread 0x000001f4e4e2b140 nmethod 4293 0x000001f4c9ee7690 code [0x000001f4c9ee7840, 0x000001f4c9ee7ad8]
Event: 5.726 Thread 0x000001f4e4e2b140 4295       1       java.lang.invoke.MethodHandleImpl$IntrinsicMethodHandle::intrinsicName (5 bytes)
Event: 5.726 Thread 0x000001f4e4e2b140 nmethod 4295 0x000001f4d12f1990 code [0x000001f4d12f1b20, 0x000001f4d12f1bf8]
Event: 5.727 Thread 0x000001f4e4e2b140 4296   !   2       java.lang.invoke.LambdaForm::compileToBytecode (164 bytes)

GC Heap History (18 events):
Event: 0.373 GC heap before
{Heap before GC invocations=0 (full 0):
 garbage-first heap   total 96256K, used 22528K [0x0000000700000000, 0x0000000800000000)
  region size 2048K, 11 young (22528K), 0 survivors (0K)
 Metaspace       used 823K, committed 896K, reserved 1114112K
  class space    used 61K, committed 128K, reserved 1048576K
}
Event: 0.376 GC heap after
{Heap after GC invocations=1 (full 0):
 garbage-first heap   total 96256K, used 1467K [0x0000000700000000, 0x0000000800000000)
  region size 2048K, 1 young (2048K), 1 survivors (2048K)
 Metaspace       used 823K, committed 896K, reserved 1114112K
  class space    used 61K, committed 128K, reserved 1048576K
}
Event: 1.076 GC heap before
{Heap before GC invocations=1 (full 0):
 garbage-first heap   total 96256K, used 44475K [0x0000000700000000, 0x0000000800000000)
  region size 2048K, 20 young (40960K), 1 survivors (2048K)
 Metaspace       used 4396K, committed 4544K, reserved 1114112K
  class space    used 546K, committed 640K, reserved 1048576K
}
Event: 1.084 GC heap after
{Heap after GC invocations=2 (full 0):
 garbage-first heap   total 96256K, used 12075K [0x0000000700000000, 0x0000000800000000)
  region size 2048K, 3 young (6144K), 3 survivors (6144K)
 Metaspace       used 4396K, committed 4544K, reserved 1114112K
  class space    used 546K, committed 640K, reserved 1048576K
}
Event: 1.566 GC heap before
{Heap before GC invocations=2 (full 0):
 garbage-first heap   total 96256K, used 53035K [0x0000000700000000, 0x0000000800000000)
  region size 2048K, 23 young (47104K), 3 survivors (6144K)
 Metaspace       used 4457K, committed 4608K, reserved 1114112K
  class space    used 548K, committed 640K, reserved 1048576K
}
Event: 1.584 GC heap after
{Heap after GC invocations=3 (full 0):
 garbage-first heap   total 96256K, used 16758K [0x0000000700000000, 0x0000000800000000)
  region size 2048K, 3 young (6144K), 3 survivors (6144K)
 Metaspace       used 4457K, committed 4608K, reserved 1114112K
  class space    used 548K, committed 640K, reserved 1048576K
}
Event: 2.477 GC heap before
{Heap before GC invocations=3 (full 0):
 garbage-first heap   total 96256K, used 57718K [0x0000000700000000, 0x0000000800000000)
  region size 2048K, 23 young (47104K), 3 survivors (6144K)
 Metaspace       used 11651K, committed 11904K, reserved 1114112K
  class space    used 1584K, committed 1728K, reserved 1048576K
}
Event: 2.484 GC heap after
{Heap after GC invocations=4 (full 0):
 garbage-first heap   total 96256K, used 20750K [0x0000000700000000, 0x0000000800000000)
  region size 2048K, 3 young (6144K), 3 survivors (6144K)
 Metaspace       used 11651K, committed 11904K, reserved 1114112K
  class space    used 1584K, committed 1728K, reserved 1048576K
}
Event: 3.171 GC heap before
{Heap before GC invocations=4 (full 0):
 garbage-first heap   total 96256K, used 63758K [0x0000000700000000, 0x0000000800000000)
  region size 2048K, 24 young (49152K), 3 survivors (6144K)
 Metaspace       used 17705K, committed 17984K, reserved 1114112K
  class space    used 2543K, committed 2688K, reserved 1048576K
}
Event: 3.178 GC heap after
{Heap after GC invocations=5 (full 0):
 garbage-first heap   total 96256K, used 22899K [0x0000000700000000, 0x0000000800000000)
  region size 2048K, 2 young (4096K), 2 survivors (4096K)
 Metaspace       used 17705K, committed 17984K, reserved 1114112K
  class space    used 2543K, committed 2688K, reserved 1048576K
}
Event: 3.735 GC heap before
{Heap before GC invocations=5 (full 0):
 garbage-first heap   total 96256K, used 53619K [0x0000000700000000, 0x0000000800000000)
  region size 2048K, 18 young (36864K), 2 survivors (4096K)
 Metaspace       used 21182K, committed 21504K, reserved 1114112K
  class space    used 3083K, committed 3264K, reserved 1048576K
}
Event: 3.740 GC heap after
{Heap after GC invocations=6 (full 0):
 garbage-first heap   total 96256K, used 24625K [0x0000000700000000, 0x0000000800000000)
  region size 2048K, 3 young (6144K), 3 survivors (6144K)
 Metaspace       used 21182K, committed 21504K, reserved 1114112K
  class space    used 3083K, committed 3264K, reserved 1048576K
}
Event: 4.488 GC heap before
{Heap before GC invocations=7 (full 0):
 garbage-first heap   total 96256K, used 65585K [0x0000000700000000, 0x0000000800000000)
  region size 2048K, 24 young (49152K), 3 survivors (6144K)
 Metaspace       used 28280K, committed 28672K, reserved 1114112K
  class space    used 3986K, committed 4160K, reserved 1048576K
}
Event: 4.494 GC heap after
{Heap after GC invocations=8 (full 0):
 garbage-first heap   total 96256K, used 28087K [0x0000000700000000, 0x0000000800000000)
  region size 2048K, 3 young (6144K), 3 survivors (6144K)
 Metaspace       used 28280K, committed 28672K, reserved 1114112K
  class space    used 3986K, committed 4160K, reserved 1048576K
}
Event: 4.992 GC heap before
{Heap before GC invocations=8 (full 0):
 garbage-first heap   total 96256K, used 66999K [0x0000000700000000, 0x0000000800000000)
  region size 2048K, 23 young (47104K), 3 survivors (6144K)
 Metaspace       used 31868K, committed 32256K, reserved 1114112K
  class space    used 4486K, committed 4672K, reserved 1048576K
}
Event: 5.000 GC heap after
{Heap after GC invocations=9 (full 0):
 garbage-first heap   total 96256K, used 31450K [0x0000000700000000, 0x0000000800000000)
  region size 2048K, 2 young (4096K), 2 survivors (4096K)
 Metaspace       used 31868K, committed 32256K, reserved 1114112K
  class space    used 4486K, committed 4672K, reserved 1048576K
}
Event: 5.521 GC heap before
{Heap before GC invocations=9 (full 0):
 garbage-first heap   total 96256K, used 66266K [0x0000000700000000, 0x0000000800000000)
  region size 2048K, 19 young (38912K), 2 survivors (4096K)
 Metaspace       used 35723K, committed 36160K, reserved 1114112K
  class space    used 4961K, committed 5120K, reserved 1048576K
}
Event: 5.525 GC heap after
{Heap after GC invocations=10 (full 0):
 garbage-first heap   total 96256K, used 32835K [0x0000000700000000, 0x0000000800000000)
  region size 2048K, 2 young (4096K), 2 survivors (4096K)
 Metaspace       used 35723K, committed 36160K, reserved 1114112K
  class space    used 4961K, committed 5120K, reserved 1048576K
}

Deoptimization events (20 events):
Event: 5.043 Thread 0x000001f52c3bb0c0 DEOPT PACKING pc=0x000001f4d12693ac sp=0x00000028f83f7a90
Event: 5.043 Thread 0x000001f52c3bb0c0 DEOPT UNPACKING pc=0x000001f4d0bb23a3 sp=0x00000028f83f79a0 mode 2
Event: 5.158 Thread 0x000001f52c3bb0c0 Uncommon trap: trap_request=0xffffffde fr.pc=0x000001f4d12cf178 relative=0x00000000000004f8
Event: 5.158 Thread 0x000001f52c3bb0c0 Uncommon trap: reason=class_check action=maybe_recompile pc=0x000001f4d12cf178 method=jdk.internal.loader.URLClassPath.getResource(Ljava/lang/String;Z)Ljdk/internal/loader/Resource; @ 53 c2
Event: 5.158 Thread 0x000001f52c3bb0c0 DEOPT PACKING pc=0x000001f4d12cf178 sp=0x00000028f83f9bb0
Event: 5.159 Thread 0x000001f52c3bb0c0 DEOPT UNPACKING pc=0x000001f4d0bb23a3 sp=0x00000028f83f9b70 mode 2
Event: 5.206 Thread 0x000001f52c3bb0c0 Uncommon trap: trap_request=0xffffffc6 fr.pc=0x000001f4d12737e4 relative=0x0000000000000224
Event: 5.207 Thread 0x000001f52c3bb0c0 Uncommon trap: reason=bimorphic_or_optimized_type_check action=maybe_recompile pc=0x000001f4d12737e4 method=com.google.common.base.CharMatcher.indexIn(Ljava/lang/CharSequence;I)I @ 31 c2
Event: 5.207 Thread 0x000001f52c3bb0c0 DEOPT PACKING pc=0x000001f4d12737e4 sp=0x00000028f83f8390
Event: 5.207 Thread 0x000001f52c3bb0c0 DEOPT UNPACKING pc=0x000001f4d0bb23a3 sp=0x00000028f83f8338 mode 2
Event: 5.266 Thread 0x000001f52c3bb0c0 DEOPT PACKING pc=0x000001f4c9e73915 sp=0x00000028f83f6a30
Event: 5.266 Thread 0x000001f52c3bb0c0 DEOPT UNPACKING pc=0x000001f4d0bb2b43 sp=0x00000028f83f5eb8 mode 0
Event: 5.331 Thread 0x000001f52c3bb0c0 DEOPT PACKING pc=0x000001f4c9e73915 sp=0x00000028f83f7be0
Event: 5.331 Thread 0x000001f52c3bb0c0 DEOPT UNPACKING pc=0x000001f4d0bb2b43 sp=0x00000028f83f7068 mode 0
Event: 5.623 Thread 0x000001f52c3bb0c0 Uncommon trap: trap_request=0xffffffc6 fr.pc=0x000001f4d12737e4 relative=0x0000000000000224
Event: 5.623 Thread 0x000001f52c3bb0c0 Uncommon trap: reason=bimorphic_or_optimized_type_check action=maybe_recompile pc=0x000001f4d12737e4 method=com.google.common.base.CharMatcher.indexIn(Ljava/lang/CharSequence;I)I @ 31 c2
Event: 5.623 Thread 0x000001f52c3bb0c0 DEOPT PACKING pc=0x000001f4d12737e4 sp=0x00000028f83f9d20
Event: 5.623 Thread 0x000001f52c3bb0c0 DEOPT UNPACKING pc=0x000001f4d0bb23a3 sp=0x00000028f83f9cc8 mode 2
Event: 5.648 Thread 0x000001f52c3bb0c0 DEOPT PACKING pc=0x000001f4c9a0f998 sp=0x00000028f83f60c0
Event: 5.648 Thread 0x000001f52c3bb0c0 DEOPT UNPACKING pc=0x000001f4d0bb2b43 sp=0x00000028f83f55c8 mode 0

Classes unloaded (0 events):
No events

Classes redefined (0 events):
No events

Internal exceptions (20 events):
Event: 5.144 Thread 0x000001f52c3bb0c0 Exception <a 'java/lang/ClassNotFoundException'{0x00000007055b0e50}: org/gradle/plugin/management/internal/DefaultPluginManagementSpec_DecoratedCustomizer> (0x00000007055b0e50) 
thrown [s\open\src\hotspot\share\classfile\systemDictionary.cpp, line 256]
Event: 5.197 Thread 0x000001f52c3bb0c0 Exception <a 'java/lang/ClassNotFoundException'{0x000000070509e978}: org/gradle/plugin/use/internal/PluginRequestCollector$PluginDependenciesSpecImplBeanInfo> (0x000000070509e978) 
thrown [s\open\src\hotspot\share\classfile\systemDictionary.cpp, line 256]
Event: 5.197 Thread 0x000001f52c3bb0c0 Exception <a 'java/lang/ClassNotFoundException'{0x00000007050b0528}: org/gradle/plugin/use/internal/PluginRequestCollector$PluginDependenciesSpecImplCustomizer> (0x00000007050b0528) 
thrown [s\open\src\hotspot\share\classfile\systemDictionary.cpp, line 256]
Event: 5.255 Thread 0x000001f52c3bb0c0 Exception <a 'java/lang/IncompatibleClassChangeError'{0x0000000704fd4928}: Found class java.lang.Object, but interface was expected> (0x0000000704fd4928) 
thrown [s\open\src\hotspot\share\interpreter\linkResolver.cpp, line 826]
Event: 5.436 Thread 0x000001f52c3bb0c0 Exception <a 'java/lang/NoSuchMethodError'{0x0000000704370308}: 'java.lang.Object java.lang.invoke.DirectMethodHandle$Holder.newInvokeSpecial(java.lang.Object, java.lang.Object, java.lang.Object, java.lang.Object, java.lang.Object, java.lang.Object, java.lang.Object, java.lang.Object, java.lang.Object, java.lang.Object, java.lang.Object)'> (0x0000000704370308) 
thrown [s\open\src\hotspot\share\interpreter\linkResolver.cpp, line 759]
Event: 5.436 Thread 0x000001f52c3bb0c0 Exception <a 'java/lang/NoSuchMethodError'{0x0000000704375e40}: 'java.lang.Object java.lang.invoke.DirectMethodHandle$Holder.invokeSpecial(java.lang.Object, java.lang.Object, java.lang.Object, java.lang.Object, java.lang.Object, java.lang.Object, java.lang.Object, java.lang.Object, java.lang.Object, java.lang.Object, java.lang.Object, java.lang.Object)'> (0x0000000704375e40) 
thrown [s\open\src\hotspot\share\interpreter\linkResolver.cpp, line 759]
Event: 5.436 Thread 0x000001f52c3bb0c0 Exception <a 'java/lang/NoSuchMethodError'{0x000000070437b4d8}: 'java.lang.Object java.lang.invoke.Invokers$Holder.linkToTargetMethod(java.lang.Object, java.lang.Object, java.lang.Object, java.lang.Object, java.lang.Object, java.lang.Object, java.lang.Object, java.lang.Object, java.lang.Object, java.lang.Object, java.lang.Object)'> (0x000000070437b4d8) 
thrown [s\open\src\hotspot\share\interpreter\linkResolver.cpp, line 759]
Event: 5.446 Thread 0x000001f52c3bb0c0 Exception <a 'java/lang/NoSuchMethodError'{0x00000007043ecfd0}: 'java.lang.Object java.lang.invoke.DirectMethodHandle$Holder.newInvokeSpecial(java.lang.Object, java.lang.Object, java.lang.Object, java.lang.Object, java.lang.Object, java.lang.Object, java.lang.Object, java.lang.Object, java.lang.Object, java.lang.Object, java.lang.Object, java.lang.Object)'> (0x00000007043ecfd0) 
thrown [s\open\src\hotspot\share\interpreter\linkResolver.cpp, line 759]
Event: 5.447 Thread 0x000001f52c3bb0c0 Exception <a 'java/lang/NoSuchMethodError'{0x00000007043f2cf0}: 'java.lang.Object java.lang.invoke.DirectMethodHandle$Holder.invokeSpecial(java.lang.Object, java.lang.Object, java.lang.Object, java.lang.Object, java.lang.Object, java.lang.Object, java.lang.Object, java.lang.Object, java.lang.Object, java.lang.Object, java.lang.Object, java.lang.Object, java.lang.Object)'> (0x00000007043f2cf0) 
thrown [s\open\src\hotspot\share\interpreter\linkResolver.cpp, line 759]
Event: 5.447 Thread 0x000001f52c3bb0c0 Exception <a 'java/lang/NoSuchMethodError'{0x00000007043f8510}: 'java.lang.Object java.lang.invoke.Invokers$Holder.linkToTargetMethod(java.lang.Object, java.lang.Object, java.lang.Object, java.lang.Object, java.lang.Object, java.lang.Object, java.lang.Object, java.lang.Object, java.lang.Object, java.lang.Object, java.lang.Object, java.lang.Object)'> (0x00000007043f8510) 
thrown [s\open\src\hotspot\share\interpreter\linkResolver.cpp, line 759]
Event: 5.608 Thread 0x000001f52c3bb0c0 Exception <a 'java/lang/NoSuchMethodError'{0x000000070592f610}: 'void java.lang.invoke.DirectMethodHandle$Holder.invokeInterface(java.lang.Object, java.lang.Object)'> (0x000000070592f610) 
thrown [s\open\src\hotspot\share\interpreter\linkResolver.cpp, line 759]
Event: 5.676 Thread 0x000001f52c3bb0c0 Exception <a 'sun/nio/fs/WindowsException'{0x00000007057a8298}> (0x00000007057a8298) 
thrown [s\open\src\hotspot\share\prims\jni.cpp, line 516]
Event: 5.678 Thread 0x000001f52c3bb0c0 Exception <a 'sun/nio/fs/WindowsException'{0x00000007057a9d60}> (0x00000007057a9d60) 
thrown [s\open\src\hotspot\share\prims\jni.cpp, line 516]
Event: 5.680 Thread 0x000001f52c3bb0c0 Exception <a 'sun/nio/fs/WindowsException'{0x00000007057ab828}> (0x00000007057ab828) 
thrown [s\open\src\hotspot\share\prims\jni.cpp, line 516]
Event: 5.682 Thread 0x000001f52c3bb0c0 Exception <a 'sun/nio/fs/WindowsException'{0x00000007057ad2d0}> (0x00000007057ad2d0) 
thrown [s\open\src\hotspot\share\prims\jni.cpp, line 516]
Event: 5.700 Thread 0x000001f52c3bb0c0 Exception <a 'java/lang/NoSuchMethodError'{0x00000007054c1c78}: 'java.lang.Object java.lang.invoke.Invokers$Holder.invoker(java.lang.Object, java.lang.Object, java.lang.Object, java.lang.Object, java.lang.Object, java.lang.Object)'> (0x00000007054c1c78) 
thrown [s\open\src\hotspot\share\interpreter\linkResolver.cpp, line 759]
Event: 5.725 Thread 0x000001f52c3bb0c0 Exception <a 'java/lang/NoSuchMethodError'{0x000000070521dad0}: 'java.lang.Object java.lang.invoke.DirectMethodHandle$Holder.invokeSpecial(java.lang.Object, java.lang.Object, java.lang.Object, java.lang.Object, java.lang.Object, java.lang.Object, java.lang.Object, java.lang.Object, java.lang.Object, java.lang.Object, java.lang.Object, java.lang.Object, java.lang.Object, java.lang.Object, java.lang.Object, java.lang.Object, java.lang.Object, java.lang.Object, java.lang.Object, java.lang.Object, java.lang.Ob
Event: 5.725 Thread 0x000001f52c3bb0c0 Exception <a 'java/lang/NoSuchMethodError'{0x00000007052242c0}: 'java.lang.Object java.lang.invoke.DelegatingMethodHandle$Holder.reinvoke_L(java.lang.Object, java.lang.Object, java.lang.Object, java.lang.Object, java.lang.Object, java.lang.Object, java.lang.Object, java.lang.Object, java.lang.Object, java.lang.Object, java.lang.Object, java.lang.Object, java.lang.Object, java.lang.Object, java.lang.Object, java.lang.Object, java.lang.Object, java.lang.Object, java.lang.Object, java.lang.Object, java.lang.O
Event: 5.726 Thread 0x000001f52c3bb0c0 Exception <a 'java/lang/NoSuchMethodError'{0x0000000705230b18}: 'java.lang.Object java.lang.invoke.Invokers$Holder.invoker(java.lang.Object, java.lang.Object, java.lang.Object, java.lang.Object, java.lang.Object, java.lang.Object, java.lang.Object, java.lang.Object, java.lang.Object, java.lang.Object, java.lang.Object, java.lang.Object, java.lang.Object, java.lang.Object, java.lang.Object, java.lang.Object, java.lang.Object, java.lang.Object, java.lang.Object, java.lang.Object, java.lang.Object, java.lang.
Event: 5.726 Thread 0x000001f52c3bb0c0 Exception <a 'java/lang/NoSuchMethodError'{0x0000000705237c88}: 'java.lang.Object java.lang.invoke.DelegatingMethodHandle$Holder.delegate(java.lang.Object, java.lang.Object, java.lang.Object, java.lang.Object, java.lang.Object, java.lang.Object, java.lang.Object, java.lang.Object, java.lang.Object, java.lang.Object, java.lang.Object, java.lang.Object, java.lang.Object, java.lang.Object, java.lang.Object, java.lang.Object, java.lang.Object, java.lang.Object, java.lang.Object, java.lang.Object, java.lang.Obj

VM Operations (20 events):
Event: 4.546 Executing VM operation: HandshakeAllThreads
Event: 4.546 Executing VM operation: HandshakeAllThreads done
Event: 4.552 Executing VM operation: HandshakeAllThreads
Event: 4.552 Executing VM operation: HandshakeAllThreads done
Event: 4.616 Executing VM operation: HandshakeAllThreads
Event: 4.616 Executing VM operation: HandshakeAllThreads done
Event: 4.746 Executing VM operation: HandshakeAllThreads
Event: 4.746 Executing VM operation: HandshakeAllThreads done
Event: 4.762 Executing VM operation: HandshakeAllThreads
Event: 4.763 Executing VM operation: HandshakeAllThreads done
Event: 4.768 Executing VM operation: ICBufferFull
Event: 4.769 Executing VM operation: ICBufferFull done
Event: 4.992 Executing VM operation: G1CollectForAllocation
Event: 5.000 Executing VM operation: G1CollectForAllocation done
Event: 5.520 Executing VM operation: CollectForMetadataAllocation
Event: 5.526 Executing VM operation: CollectForMetadataAllocation done
Event: 5.543 Executing VM operation: G1Concurrent
Event: 5.547 Executing VM operation: G1Concurrent done
Event: 5.547 Executing VM operation: G1Concurrent
Event: 5.548 Executing VM operation: G1Concurrent done

Events (20 events):
Event: 5.203 loading class java/util/DualPivotQuicksort done
Event: 5.455 Thread 0x000001f52c763bf0 Thread added: 0x000001f52c763bf0
Event: 5.483 Thread 0x000001f52c7673a0 Thread added: 0x000001f52c7673a0
Event: 5.612 loading class java/util/PrimitiveIterator$OfInt
Event: 5.613 loading class java/util/PrimitiveIterator
Event: 5.613 loading class java/util/PrimitiveIterator done
Event: 5.613 loading class java/util/PrimitiveIterator$OfInt done
Event: 5.616 loading class java/util/concurrent/RecursiveAction
Event: 5.617 loading class java/util/concurrent/RecursiveAction done
Event: 5.632 loading class java/util/stream/ReduceOps$2
Event: 5.633 loading class java/util/stream/ReduceOps$2 done
Event: 5.633 loading class java/util/stream/ReduceOps$2ReducingSink
Event: 5.633 loading class java/util/stream/ReduceOps$2ReducingSink done
Event: 5.639 loading class java/lang/StringIndexOutOfBoundsException
Event: 5.639 loading class java/lang/StringIndexOutOfBoundsException done
Event: 5.649 Thread 0x000001f52c765a50 Thread added: 0x000001f52c765a50
Event: 5.710 loading class java/util/Collections$SynchronizedRandomAccessList
Event: 5.710 loading class java/util/Collections$SynchronizedList
Event: 5.711 loading class java/util/Collections$SynchronizedList done
Event: 5.711 loading class java/util/Collections$SynchronizedRandomAccessList done


Dynamic libraries:
0x00007ff62b0a0000 - 0x00007ff62b0b0000 	C:\Program Files\Java\jdk-17\bin\java.exe
0x00007ffdfc070000 - 0x00007ffdfc287000 	C:\WINDOWS\SYSTEM32\ntdll.dll
0x00007ffdfb5f0000 - 0x00007ffdfb6b4000 	C:\WINDOWS\System32\KERNEL32.DLL
0x00007ffdf9660000 - 0x00007ffdf9a32000 	C:\WINDOWS\System32\KERNELBASE.dll
0x00007ffdf9160000 - 0x00007ffdf9271000 	C:\WINDOWS\System32\ucrtbase.dll
0x00007ffdc5ab0000 - 0x00007ffdc5ac9000 	C:\Program Files\Java\jdk-17\bin\jli.dll
0x00007ffdc0120000 - 0x00007ffdc013b000 	C:\Program Files\Java\jdk-17\bin\VCRUNTIME140.dll
0x00007ffdfbe40000 - 0x00007ffdfbef1000 	C:\WINDOWS\System32\ADVAPI32.dll
0x00007ffdfad90000 - 0x00007ffdfae37000 	C:\WINDOWS\System32\msvcrt.dll
0x00007ffdfb710000 - 0x00007ffdfb7b8000 	C:\WINDOWS\System32\sechost.dll
0x00007ffdf9b60000 - 0x00007ffdf9b88000 	C:\WINDOWS\System32\bcrypt.dll
0x00007ffdfbf10000 - 0x00007ffdfc024000 	C:\WINDOWS\System32\RPCRT4.dll
0x00007ffdf9d00000 - 0x00007ffdf9eb1000 	C:\WINDOWS\System32\USER32.dll
0x00007ffdf93c0000 - 0x00007ffdf93e6000 	C:\WINDOWS\System32\win32u.dll
0x00007ffdfb350000 - 0x00007ffdfb379000 	C:\WINDOWS\System32\GDI32.dll
0x00007ffde99c0000 - 0x00007ffde9c5b000 	C:\WINDOWS\WinSxS\amd64_microsoft.windows.common-controls_6595b64144ccf1df_6.0.22621.5415_none_270d77d17387d7da\COMCTL32.dll
0x00007ffdf9530000 - 0x00007ffdf9653000 	C:\WINDOWS\System32\gdi32full.dll
0x00007ffdf9a40000 - 0x00007ffdf9ada000 	C:\WINDOWS\System32\msvcp_win.dll
0x00007ffdf24c0000 - 0x00007ffdf24ca000 	C:\WINDOWS\SYSTEM32\VERSION.dll
0x00007ffdf9ec0000 - 0x00007ffdf9ef1000 	C:\WINDOWS\System32\IMM32.DLL
0x00007ffde49a0000 - 0x00007ffde49ac000 	C:\Program Files\Java\jdk-17\bin\vcruntime140_1.dll
0x00007ffdb2e10000 - 0x00007ffdb2e9e000 	C:\Program Files\Java\jdk-17\bin\msvcp140.dll
0x00007ffd84a90000 - 0x00007ffd85670000 	C:\Program Files\Java\jdk-17\bin\server\jvm.dll
0x00007ffdfbe30000 - 0x00007ffdfbe38000 	C:\WINDOWS\System32\PSAPI.DLL
0x00007ffdd7520000 - 0x00007ffdd7529000 	C:\WINDOWS\SYSTEM32\WSOCK32.dll
0x00007ffdfb380000 - 0x00007ffdfb3f1000 	C:\WINDOWS\System32\WS2_32.dll
0x00007ffdf4cc0000 - 0x00007ffdf4cf4000 	C:\WINDOWS\SYSTEM32\WINMM.dll
0x00007ffdf8150000 - 0x00007ffdf8168000 	C:\WINDOWS\SYSTEM32\kernel.appcore.dll
0x00007ffde2900000 - 0x00007ffde290a000 	C:\Program Files\Java\jdk-17\bin\jimage.dll
0x00007ffdf6c70000 - 0x00007ffdf6ea3000 	C:\WINDOWS\SYSTEM32\DBGHELP.DLL
0x00007ffdf9f00000 - 0x00007ffdfa293000 	C:\WINDOWS\System32\combase.dll
0x00007ffdfbd50000 - 0x00007ffdfbe27000 	C:\WINDOWS\System32\OLEAUT32.dll
0x00007ffddd450000 - 0x00007ffddd482000 	C:\WINDOWS\SYSTEM32\dbgcore.DLL
0x00007ffdf9ae0000 - 0x00007ffdf9b5b000 	C:\WINDOWS\System32\bcryptPrimitives.dll
0x00007ffdd4760000 - 0x00007ffdd476e000 	C:\Program Files\Java\jdk-17\bin\instrument.dll
0x00007ffdb2de0000 - 0x00007ffdb2e05000 	C:\Program Files\Java\jdk-17\bin\java.dll
0x00007ffd9aa20000 - 0x00007ffd9aaf7000 	C:\Program Files\Java\jdk-17\bin\jsvml.dll
0x00007ffdfa440000 - 0x00007ffdface2000 	C:\WINDOWS\System32\SHELL32.dll
0x00007ffdf9280000 - 0x00007ffdf93bf000 	C:\WINDOWS\System32\wintypes.dll
0x00007ffdf7040000 - 0x00007ffdf795e000 	C:\WINDOWS\SYSTEM32\windows.storage.dll
0x00007ffdfb0d0000 - 0x00007ffdfb1db000 	C:\WINDOWS\System32\SHCORE.dll
0x00007ffdfa2a0000 - 0x00007ffdfa309000 	C:\WINDOWS\System32\shlwapi.dll
0x00007ffdf9090000 - 0x00007ffdf90bb000 	C:\WINDOWS\SYSTEM32\profapi.dll
0x00007ffdb79a0000 - 0x00007ffdb79b8000 	C:\Program Files\Java\jdk-17\bin\zip.dll
0x00007ffdbe380000 - 0x00007ffdbe399000 	C:\Program Files\Java\jdk-17\bin\net.dll
0x00007ffdf4a00000 - 0x00007ffdf4b2c000 	C:\WINDOWS\SYSTEM32\WINHTTP.dll
0x00007ffdf85c0000 - 0x00007ffdf8629000 	C:\WINDOWS\system32\mswsock.dll
0x00007ffdbc4c0000 - 0x00007ffdbc4d6000 	C:\Program Files\Java\jdk-17\bin\nio.dll
0x00007ffdd5650000 - 0x00007ffdd5660000 	C:\Program Files\Java\jdk-17\bin\verify.dll
0x00007ffdd4770000 - 0x00007ffdd4797000 	C:\Users\rickb\.gradle\native\1def1411415f61bf3af743bc5b6707747c0891f09f0c88961ee8f79bc544acac\windows-amd64\native-platform.dll
0x00007ffd85700000 - 0x00007ffd85778000 	C:\Users\rickb\.gradle\native\0.2.7\x86_64-windows-gnu\gradle-fileevents.dll
0x00007ffdce8d0000 - 0x00007ffdce8da000 	C:\Program Files\Java\jdk-17\bin\management.dll
0x00007ffdcc880000 - 0x00007ffdcc88b000 	C:\Program Files\Java\jdk-17\bin\management_ext.dll
0x00007ffdf7bc0000 - 0x00007ffdf7bed000 	C:\WINDOWS\SYSTEM32\IPHLPAPI.DLL
0x00007ffdfacf0000 - 0x00007ffdfacf9000 	C:\WINDOWS\System32\NSI.dll
0x00007ffdf3fd0000 - 0x00007ffdf3fe9000 	C:\WINDOWS\SYSTEM32\dhcpcsvc6.DLL
0x00007ffdf3500000 - 0x00007ffdf351f000 	C:\WINDOWS\SYSTEM32\dhcpcsvc.DLL
0x00007ffdf7c30000 - 0x00007ffdf7d28000 	C:\WINDOWS\SYSTEM32\DNSAPI.dll
0x00007ffdf87e0000 - 0x00007ffdf87fb000 	C:\WINDOWS\SYSTEM32\CRYPTSP.dll
0x00007ffdf80b0000 - 0x00007ffdf80e7000 	C:\WINDOWS\system32\rsaenh.dll
0x00007ffdf8670000 - 0x00007ffdf8698000 	C:\WINDOWS\SYSTEM32\USERENV.dll
0x00007ffdf87d0000 - 0x00007ffdf87dc000 	C:\WINDOWS\SYSTEM32\CRYPTBASE.dll
0x00007ffdca710000 - 0x00007ffdca71e000 	C:\Program Files\Java\jdk-17\bin\sunmscapi.dll
0x00007ffdf9b90000 - 0x00007ffdf9cf7000 	C:\WINDOWS\System32\CRYPT32.dll
0x00007ffdf8a20000 - 0x00007ffdf8a4d000 	C:\WINDOWS\SYSTEM32\ncrypt.dll
0x00007ffdf89e0000 - 0x00007ffdf8a17000 	C:\WINDOWS\SYSTEM32\NTASN1.dll
0x00007ffdaaf70000 - 0x00007ffdaaf78000 	C:\WINDOWS\system32\wshunix.dll

dbghelp: loaded successfully - version: 4.0.5 - missing functions: none
symbol engine: initialized successfully - sym options: 0x614 - pdb path: .;C:\Program Files\Java\jdk-17\bin;C:\WINDOWS\SYSTEM32;C:\WINDOWS\WinSxS\amd64_microsoft.windows.common-controls_6595b64144ccf1df_6.0.22621.5415_none_270d77d17387d7da;C:\Program Files\Java\jdk-17\bin\server;C:\Users\rickb\.gradle\native\1def1411415f61bf3af743bc5b6707747c0891f09f0c88961ee8f79bc544acac\windows-amd64;C:\Users\rickb\.gradle\native\0.2.7\x86_64-windows-gnu

VM Arguments:
jvm_args: --add-opens=java.base/java.lang=ALL-UNNAMED --add-opens=java.base/java.lang.invoke=ALL-UNNAMED --add-opens=java.base/java.util=ALL-UNNAMED --add-opens=java.prefs/java.util.prefs=ALL-UNNAMED --add-exports=jdk.compiler/com.sun.tools.javac.api=ALL-UNNAMED --add-exports=jdk.compiler/com.sun.tools.javac.util=ALL-UNNAMED --add-opens=java.base/java.util=ALL-UNNAMED --add-opens=java.prefs/java.util.prefs=ALL-UNNAMED --add-opens=java.base/java.nio.charset=ALL-UNNAMED --add-opens=java.base/java.net=ALL-UNNAMED --add-opens=java.base/java.util.concurrent.atomic=ALL-UNNAMED --add-opens=java.xml/javax.xml.namespace=ALL-UNNAMED -XX:+HeapDumpOnOutOfMemoryError -Xmx4096m -Dfile.encoding=UTF-8 -Duser.country=IN -Duser.language=en -Duser.variant -javaagent:C:\Users\rickb\.gradle\wrapper\dists\gradle-8.14.1-bin\baw1sv0jfoi8rxs14qo3h49cs\gradle-8.14.1\lib\agents\gradle-instrumentation-agent-8.14.1.jar 
java_command: org.gradle.launcher.daemon.bootstrap.GradleDaemon 8.14.1
java_class_path (initial): C:\Users\rickb\.gradle\wrapper\dists\gradle-8.14.1-bin\baw1sv0jfoi8rxs14qo3h49cs\gradle-8.14.1\lib\gradle-daemon-main-8.14.1.jar
Launcher Type: SUN_STANDARD

[Global flags]
     intx CICompilerCount                          = 4                                         {product} {ergonomic}
     uint ConcGCThreads                            = 3                                         {product} {ergonomic}
     uint G1ConcRefinementThreads                  = 10                                        {product} {ergonomic}
   size_t G1HeapRegionSize                         = 2097152                                   {product} {ergonomic}
    uintx GCDrainStackTargetSize                   = 64                                        {product} {ergonomic}
     bool HeapDumpOnOutOfMemoryError               = true                                   {manageable} {command line}
   size_t InitialHeapSize                          = 98566144                                  {product} {ergonomic}
   size_t MarkStackSize                            = 4194304                                   {product} {ergonomic}
   size_t MaxHeapSize                              = 4294967296                                {product} {command line}
   size_t MaxNewSize                               = 2575302656                                {product} {ergonomic}
   size_t MinHeapDeltaBytes                        = 2097152                                   {product} {ergonomic}
   size_t MinHeapSize                              = 8388608                                   {product} {ergonomic}
    uintx NonNMethodCodeHeapSize                   = 5839372                                {pd product} {ergonomic}
    uintx NonProfiledCodeHeapSize                  = 122909434                              {pd product} {ergonomic}
    uintx ProfiledCodeHeapSize                     = 122909434                              {pd product} {ergonomic}
    uintx ReservedCodeCacheSize                    = 251658240                              {pd product} {ergonomic}
     bool SegmentedCodeCache                       = true                                      {product} {ergonomic}
   size_t SoftMaxHeapSize                          = 4294967296                             {manageable} {ergonomic}
     bool UseCompressedClassPointers               = true                           {product lp64_product} {ergonomic}
     bool UseCompressedOops                        = true                           {product lp64_product} {ergonomic}
     bool UseG1GC                                  = true                                      {product} {ergonomic}
     bool UseLargePagesIndividualAllocation        = false                                  {pd product} {ergonomic}

Logging:
Log output configuration:
 #0: stdout all=warning uptime,level,tags
 #1: stderr all=off uptime,level,tags

Environment Variables:
JAVA_HOME=C:\Program Files\Java\jdk-17
PATH=E:\App\delhiveryApp\client\App\node_modules\.bin;E:\App\delhiveryApp\client\App\node_modules\.bin;E:\App\delhiveryApp\client\node_modules\.bin;E:\App\delhiveryApp\node_modules\.bin;E:\App\node_modules\.bin;E:\node_modules\.bin;C:\Users\rickb\AppData\Roaming\npm\node_modules\npm\node_modules\@npmcli\run-script\lib\node-gyp-bin;C:\Program Files\Common Files\Oracle\Java\javapath;C:\Program Files\Python310\Scripts\;C:\Program Files\Python310\;C:\Windows\system32;C:\Windows;C:\Windows\System32\Wbem;C:\Windows\System32\WindowsPowerShell\v1.0\;C:\Windows\System32\OpenSSH\;C:\Program Files (x86)\NVIDIA Corporation\PhysX\Common;C:\Program Files\Java\jdk-17\bin;C:\WINDOWS\system32;C:\WINDOWS;C:\WINDOWS\System32\Wbem;C:\WINDOWS\System32\WindowsPowerShell\v1.0\;C:\WINDOWS\System32\OpenSSH\;C:\Program Files\MySQL\MySQL Server 8.0\bin;C:\Program Files\nodejs\;C:\Program Files\Git\cmd;C:\Users\rickb\AppData\Local\Android\Sdk\platform-tools;C:\Users\rickb\AppData\Local\Android\Sdk\tools;C:\Users\rickb\AppData\Local\Android\Sdk\platform-tools;C:\Users\rickb\AppData\Local\Android\Sdk\tools;C:\Users\rickb\AppData\Local\Android\Sdk\platform-tools;C:\Users\rickb\AppData\Local\Android\Sdk\tools;C:\Program Files\MySQL\MySQL Shell 8.0\bin\;C:\Users\rickb\AppData\Local\Programs\Python\Launcher\;C:\Users\rickb\AppData\Local\Microsoft\WindowsApps;C:\Users\rickb\AppData\Roaming\Python\Python310\Scripts;C:\Users\rickb\AppData\Local\Programs\Microsoft VS Code\bin;C:\Users\rickb\AppData\Roaming\npm;C:\Users\rickb\AppData\Local\GitHubDesktop\bin
USERNAME=rickb
OS=Windows_NT
PROCESSOR_IDENTIFIER=AMD64 Family 25 Model 80 Stepping 0, AuthenticAMD



---------------  S Y S T E M  ---------------

OS:
 Windows 11 , 64 bit Build 22621 (10.0.22621.5415)
OS uptime: 10 days 18:58 hours
Hyper-V role detected

CPU: total 12 (initial active 12) (12 cores per cpu, 2 threads per core) family 25 model 80 stepping 0 microcode 0x0, cx8, cmov, fxsr, ht, mmx, 3dnowpref, sse, sse2, sse3, ssse3, sse4a, sse4.1, sse4.2, popcnt, lzcnt, tsc, tscinvbit, avx, avx2, aes, erms, clmul, bmi1, bmi2, adx, sha, fma, vzeroupper, clflush, clflushopt, hv

Memory: 4k page, system-wide physical 5996M (230M free)
TotalPageFile size 24428M (AvailPageFile size 6M)
current process WorkingSet (physical memory assigned to process): 230M, peak: 233M
current process commit charge ("private bytes"): 286M, peak: 287M

vm_info: Java HotSpot(TM) 64-Bit Server VM (17.0.12+8-LTS-286) for windows-amd64 JRE (17.0.12+8-LTS-286), built on Jun  5 2024 06:46:59 by "mach5one" with MS VC++ 17.6 (VS2022)

END.
