#
# There is insufficient memory for the Java Runtime Environment to continue.
# Native memory allocation (malloc) failed to allocate 1697008 bytes for Chunk::new
# Possible reasons:
#   The system is out of physical RAM or swap space
#   The process is running with CompressedOops enabled, and the Java Heap may be blocking the growth of the native heap
# Possible solutions:
#   Reduce memory load on the system
#   Increase physical memory or swap space
#   Check if swap backing store is full
#   Decrease Java heap size (-Xmx/-Xms)
#   Decrease number of Java threads
#   Decrease Java thread stack sizes (-Xss)
#   Set larger code cache with -XX:ReservedCodeCacheSize=
#   JVM is running with Zero Based Compressed Oops mode in which the Java heap is
#     placed in the first 32GB address space. The Java Heap base address is the
#     maximum limit for the native heap growth. Please use -XX:HeapBaseMinAddress
#     to set the Java Heap base and to place the Java Heap above 32GB virtual address.
# This output file may be truncated or incomplete.
#
#  Out of Memory Error (arena.cpp:189), pid=29656, tid=18240
#
# JRE version: Java(TM) SE Runtime Environment (17.0.12+8) (build 17.0.12+8-LTS-286)
# Java VM: Java HotSpot(TM) 64-Bit Server VM (17.0.12+8-LTS-286, mixed mode, sharing, tiered, compressed oops, compressed class ptrs, g1 gc, windows-amd64)
# No core dump will be written. Minidumps are not enabled by default on client versions of Windows
#

---------------  S U M M A R Y ------------

Command Line: --add-opens=java.base/java.lang=ALL-UNNAMED --add-opens=java.base/java.lang.invoke=ALL-UNNAMED --add-opens=java.base/java.util=ALL-UNNAMED --add-opens=java.prefs/java.util.prefs=ALL-UNNAMED --add-exports=jdk.compiler/com.sun.tools.javac.api=ALL-UNNAMED --add-exports=jdk.compiler/com.sun.tools.javac.util=ALL-UNNAMED --add-opens=java.base/java.util=ALL-UNNAMED --add-opens=java.prefs/java.util.prefs=ALL-UNNAMED --add-opens=java.base/java.nio.charset=ALL-UNNAMED --add-opens=java.base/java.net=ALL-UNNAMED --add-opens=java.base/java.util.concurrent.atomic=ALL-UNNAMED --add-opens=java.xml/javax.xml.namespace=ALL-UNNAMED -XX:+HeapDumpOnOutOfMemoryError -Xmx4096m -Dfile.encoding=UTF-8 -Duser.country=IN -Duser.language=en -Duser.variant -javaagent:C:\Users\rickb\.gradle\wrapper\dists\gradle-8.14.1-bin\baw1sv0jfoi8rxs14qo3h49cs\gradle-8.14.1\lib\agents\gradle-instrumentation-agent-8.14.1.jar org.gradle.launcher.daemon.bootstrap.GradleDaemon 8.14.1

Host: AMD Ryzen 5 5600H with Radeon Graphics         , 12 cores, 5G,  Windows 11 , 64 bit Build 22621 (10.0.22621.5415)
Time: Fri Oct 24 16:30:27 2025 India Standard Time elapsed time: 145.567130 seconds (0d 0h 2m 25s)

---------------  T H R E A D  ---------------

Current thread (0x000002677f970060):  JavaThread "C2 CompilerThread0" daemon [_thread_in_native, id=18240, stack(0x000000bf81200000,0x000000bf81300000)]


Current CompileTask:
C2: 145567 15095       4       org.gradle.cache.internal.AsyncCacheAccessDecoratedCache$$Lambda$484/0x0000026707482660::get (12 bytes)

Stack: [0x000000bf81200000,0x000000bf81300000]
Native frames: (J=compiled Java code, j=interpreted, Vv=VM code, C=native code)
V  [jvm.dll+0x67a04a]
V  [jvm.dll+0x7da4ed]
V  [jvm.dll+0x7dbe33]
V  [jvm.dll+0x7dc4a3]
V  [jvm.dll+0x24508f]
V  [jvm.dll+0xab773]
V  [jvm.dll+0xabd3c]
V  [jvm.dll+0x361bee]
V  [jvm.dll+0x32c431]
V  [jvm.dll+0x32b8ca]
V  [jvm.dll+0x21683f]
V  [jvm.dll+0x215c6f]
V  [jvm.dll+0x1a2960]
V  [jvm.dll+0x22610b]
V  [jvm.dll+0x2242ab]
V  [jvm.dll+0x79075c]
V  [jvm.dll+0x78abea]
V  [jvm.dll+0x678f35]
C  [ucrtbase.dll+0x29333]
C  [KERNEL32.DLL+0x1259d]
C  [ntdll.dll+0x5af78]


---------------  P R O C E S S  ---------------

Threads class SMR info:
_java_thread_list=0x0000026751a40650, length=196, elements={
0x000002676273b300, 0x000002677f95bea0, 0x000002677f95eb30, 0x000002677f96c010,
0x000002677f96c9d0, 0x000002677f96e3a0, 0x000002677f96ed60, 0x000002677f970060,
0x000002677f97c200, 0x000002677f97f860, 0x000002677fb50490, 0x000002677fc57150,
0x000002674c2442c0, 0x000002674b678da0, 0x000002674c46baf0, 0x000002674cd2a0c0,
0x000002674cd2ba10, 0x000002674cd2b500, 0x000002674cd29bb0, 0x000002674ddbb100,
0x000002674ddbc030, 0x000002674ddbd980, 0x000002674f19da00, 0x000002674f1a0ca0,
0x000002674f19ee40, 0x000002674f1a11b0, 0x000002674f1a0280, 0x000002674f1a16c0,
0x000002674f1a1bd0, 0x000002674f1a20e0, 0x000002674f1a25f0, 0x000002674f19b180,
0x000002674f1a2b00, 0x000002674f41c730, 0x000002674f849110, 0x000002674f8481e0,
0x000002674f846380, 0x000002674f847cd0, 0x000002674f846890, 0x000002674f849620,
0x000002674f846da0, 0x000002674f8472b0, 0x000002674f849b30, 0x000002674f84a040,
0x000002674f8477c0, 0x000002674f8486f0, 0x000002674f84a550, 0x000002674f84aa60,
0x000002674f848c00, 0x000002674f845960, 0x000002674f8435f0, 0x000002674f84af70,
0x000002674f843b00, 0x000002674f844010, 0x000002674f844520, 0x000002674f845450,
0x000002674f844a30, 0x000002674f844f40, 0x000002674f41c220, 0x000002674f418a70,
0x000002674f41cc40, 0x000002674f41d150, 0x000002674f41b2f0, 0x000002674f419eb0,
0x000002674f41d660, 0x000002674f41b800, 0x000002674f4199a0, 0x000002674f41a8d0,
0x000002674f41bd10, 0x000002674f41ade0, 0x000002674f41eaa0, 0x000002674f41a3c0,
0x000002674f419490, 0x000002674f41efb0, 0x000002674f41db70, 0x000002674f41e080,
0x000002674f41e590, 0x000002674f41f4c0, 0x000002674f418050, 0x000002674f41f9d0,
0x000002674f418560, 0x000002674f418f80, 0x000002674ddbb610, 0x000002674ddb8880,
0x000002674ddb92a0, 0x000002674ddbf2d0, 0x000002674ddb8d90, 0x000002674ddbd470,
0x000002674ddc0200, 0x000002674ddbbb20, 0x000002674ddbe8b0, 0x000002674ddbf7e0,
0x000002674ddb9cc0, 0x000002674ddb97b0, 0x000002674ddbfcf0, 0x000002674ddba1d0,
0x000002674ddba6e0, 0x000002674ddbabf0, 0x000002674ddbc540, 0x000002674ddbca50,
0x000002674ddbcf60, 0x000002674f19c5c0, 0x000002674f19c0b0, 0x000002674f19f350,
0x000002674f19df10, 0x000002674f19d4f0, 0x000002674f19f860, 0x000002674f19cad0,
0x000002674f19fd70, 0x000002674f19bba0, 0x000002674f19cfe0, 0x000002674cd28770,
0x000002674cd28c80, 0x000002674cd2a5d0, 0x000002674cd29190, 0x000002674cd296a0,
0x000002674cd2aae0, 0x000002674cd2aff0, 0x000002674e2e6b00, 0x000002674e2e4280,
0x000002674e2e4ca0, 0x000002674e2e9da0, 0x000002674e2e51b0, 0x000002674e2e9380,
0x000002674e2e7010, 0x000002674e2e7520, 0x000002674e2e7f40, 0x000002674e2e5bd0,
0x000002674e2e3860, 0x000002674e2e7a30, 0x000002674e2e56c0, 0x000002674e2e60e0,
0x000002674e2e8960, 0x000002674e2e4790, 0x000002674e2e3d70, 0x000002674e2e8e70,
0x000002674e2e9890, 0x000002674e2ea2b0, 0x000002674e2e2e40, 0x000002674e2e65f0,
0x000002674e2ea7c0, 0x000002674e2e3350, 0x00000267516bbdb0, 0x00000267516bd700,
0x00000267516c13c0, 0x00000267516c22f0, 0x00000267516c0eb0, 0x00000267516c2d10,
0x00000267516c09a0, 0x00000267516c0490, 0x00000267516beb40, 0x00000267516bd1f0,
0x00000267516bdc10, 0x00000267516c18d0, 0x00000267516c2800, 0x00000267516bf050,
0x00000267516be120, 0x00000267516c3220, 0x00000267516c1de0, 0x00000267516c3730,
0x00000267516be630, 0x00000267516bc2c0, 0x00000267516bf560, 0x00000267516bc7d0,
0x00000267516bcce0, 0x00000267516bfa70, 0x00000267516bff80, 0x000002674cad0f20,
0x000002674cad1430, 0x000002674cad2870, 0x000002674cad1940, 0x000002674cad5600,
0x000002674cad1e50, 0x000002674cad37a0, 0x000002674cad5b10, 0x000002674cad2360,
0x000002674cad7460, 0x000002674cad7970, 0x000002674cad6f50, 0x000002674cad3cb0,
0x000002674cad2d80, 0x000002674cad0500, 0x000002674cad3290, 0x000002674cad6530,
0x000002674cad6020, 0x000002674cad7e80, 0x000002674cad41c0, 0x000002674cad46d0,
0x000002674cad0a10, 0x000002674cad4be0, 0x000002674cad50f0, 0x000002674d56dee0,
0x00000267515dd510, 0x00000267515dc520, 0x000002674d56f320, 0x000002674d56e3f0
}

Java Threads: ( => current thread )
  0x000002676273b300 JavaThread "main" [_thread_blocked, id=20188, stack(0x000000bf80500000,0x000000bf80600000)]
  0x000002677f95bea0 JavaThread "Reference Handler" daemon [_thread_blocked, id=25020, stack(0x000000bf80c00000,0x000000bf80d00000)]
  0x000002677f95eb30 JavaThread "Finalizer" daemon [_thread_blocked, id=7108, stack(0x000000bf80d00000,0x000000bf80e00000)]
  0x000002677f96c010 JavaThread "Signal Dispatcher" daemon [_thread_blocked, id=7272, stack(0x000000bf80e00000,0x000000bf80f00000)]
  0x000002677f96c9d0 JavaThread "Attach Listener" daemon [_thread_blocked, id=29288, stack(0x000000bf80f00000,0x000000bf81000000)]
  0x000002677f96e3a0 JavaThread "Service Thread" daemon [_thread_blocked, id=29312, stack(0x000000bf81000000,0x000000bf81100000)]
  0x000002677f96ed60 JavaThread "Monitor Deflation Thread" daemon [_thread_blocked, id=21420, stack(0x000000bf81100000,0x000000bf81200000)]
=>0x000002677f970060 JavaThread "C2 CompilerThread0" daemon [_thread_in_native, id=18240, stack(0x000000bf81200000,0x000000bf81300000)]
  0x000002677f97c200 JavaThread "C1 CompilerThread0" daemon [_thread_blocked, id=26256, stack(0x000000bf81300000,0x000000bf81400000)]
  0x000002677f97f860 JavaThread "Sweeper thread" daemon [_thread_blocked, id=24620, stack(0x000000bf81400000,0x000000bf81500000)]
  0x000002677fb50490 JavaThread "Common-Cleaner" daemon [_thread_blocked, id=26708, stack(0x000000bf81500000,0x000000bf81600000)]
  0x000002677fc57150 JavaThread "Notification Thread" daemon [_thread_blocked, id=20544, stack(0x000000bf81600000,0x000000bf81700000)]
  0x000002674c2442c0 JavaThread "Daemon health stats" [_thread_blocked, id=16684, stack(0x000000bf81c00000,0x000000bf81d00000)]
  0x000002674b678da0 JavaThread "Incoming local TCP Connector on port 50215" [_thread_in_native, id=3216, stack(0x000000bf81d00000,0x000000bf81e00000)]
  0x000002674c46baf0 JavaThread "Daemon periodic checks" [_thread_blocked, id=26448, stack(0x000000bf81e00000,0x000000bf81f00000)]
  0x000002674cd2a0c0 JavaThread "Cache worker for journal cache (C:\Users\rickb\.gradle\caches\journal-1)" [_thread_blocked, id=23328, stack(0x000000bf82b00000,0x000000bf82c00000)]
  0x000002674cd2ba10 JavaThread "File lock request listener" [_thread_in_native, id=28764, stack(0x000000bf82c00000,0x000000bf82d00000)]
  0x000002674cd2b500 JavaThread "Cache worker for file hash cache (C:\Users\rickb\.gradle\caches\8.14.1\fileHashes)" [_thread_blocked, id=26064, stack(0x000000bf82d00000,0x000000bf82e00000)]
  0x000002674cd29bb0 JavaThread "File watcher server" daemon [_thread_in_native, id=28804, stack(0x000000bf83200000,0x000000bf83300000)]
  0x000002674ddbb100 JavaThread "File watcher consumer" daemon [_thread_blocked, id=23788, stack(0x000000bf83300000,0x000000bf83400000)]
  0x000002674ddbc030 JavaThread "jar transforms" [_thread_blocked, id=18128, stack(0x000000bf83400000,0x000000bf83500000)]
  0x000002674ddbd980 JavaThread "Cache worker for file content cache (C:\Users\rickb\.gradle\caches\8.14.1\fileContent)" [_thread_blocked, id=15244, stack(0x000000bf83600000,0x000000bf83700000)]
  0x000002674f19da00 JavaThread "Memory manager" [_thread_blocked, id=22556, stack(0x000000bf86200000,0x000000bf86300000)]
  0x000002674f1a0ca0 JavaThread "ForkJoinPool.commonPool-worker-1" daemon [_thread_blocked, id=27704, stack(0x000000bf86300000,0x000000bf86400000)]
  0x000002674f19ee40 JavaThread "ForkJoinPool.commonPool-worker-2" daemon [_thread_blocked, id=20192, stack(0x000000bf86400000,0x000000bf86500000)]
  0x000002674f1a11b0 JavaThread "ForkJoinPool.commonPool-worker-3" daemon [_thread_blocked, id=28148, stack(0x000000bf86500000,0x000000bf86600000)]
  0x000002674f1a0280 JavaThread "ForkJoinPool.commonPool-worker-4" daemon [_thread_blocked, id=23824, stack(0x000000bf86600000,0x000000bf86700000)]
  0x000002674f1a16c0 JavaThread "ForkJoinPool.commonPool-worker-5" daemon [_thread_blocked, id=21084, stack(0x000000bf86700000,0x000000bf86800000)]
  0x000002674f1a1bd0 JavaThread "ForkJoinPool.commonPool-worker-6" daemon [_thread_blocked, id=25100, stack(0x000000bf86800000,0x000000bf86900000)]
  0x000002674f1a20e0 JavaThread "ForkJoinPool.commonPool-worker-7" daemon [_thread_blocked, id=19092, stack(0x000000bf86900000,0x000000bf86a00000)]
  0x000002674f1a25f0 JavaThread "ForkJoinPool.commonPool-worker-9" daemon [_thread_blocked, id=13252, stack(0x000000bf86b00000,0x000000bf86c00000)]
  0x000002674f19b180 JavaThread "ForkJoinPool.commonPool-worker-10" daemon [_thread_blocked, id=23944, stack(0x000000bf86c00000,0x000000bf86d00000)]
  0x000002674f1a2b00 JavaThread "ForkJoinPool.commonPool-worker-11" daemon [_thread_blocked, id=4660, stack(0x000000bf86d00000,0x000000bf86e00000)]
  0x000002674f41c730 JavaThread "jar transforms Thread 2" [_thread_blocked, id=22420, stack(0x000000bf8c900000,0x000000bf8ca00000)]
  0x000002674f849110 JavaThread "Daemon Thread 2" [_thread_blocked, id=28596, stack(0x000000bf80200000,0x000000bf80300000)]
  0x000002674f8481e0 JavaThread "Handler for socket connection from /127.0.0.1:50215 to /127.0.0.1:63304" [_thread_in_native, id=19380, stack(0x000000bf80300000,0x000000bf80400000)]
  0x000002674f846380 JavaThread "Cancel handler" [_thread_blocked, id=15624, stack(0x000000bf80400000,0x000000bf80500000)]
  0x000002674f847cd0 JavaThread "Daemon worker Thread 2" [_thread_in_native, id=5508, stack(0x000000bf81f00000,0x000000bf82000000)]
  0x000002674f846890 JavaThread "Asynchronous log dispatcher for DefaultDaemonConnection: socket connection from /127.0.0.1:50215 to /127.0.0.1:63304" [_thread_blocked, id=1092, stack(0x000000bf82200000,0x000000bf82300000)]
  0x000002674f849620 JavaThread "Stdin handler" [_thread_blocked, id=23584, stack(0x000000bf82300000,0x000000bf82400000)]
  0x000002674f846da0 JavaThread "Daemon client event forwarder" [_thread_blocked, id=21644, stack(0x000000bf82400000,0x000000bf82500000)]
  0x000002674f8472b0 JavaThread "Cache worker for file hash cache (E:\App\TempApp\Cffappfrontend-1\android\.gradle\8.14.1\fileHashes)" [_thread_blocked, id=5784, stack(0x000000bf82500000,0x000000bf82600000)]
  0x000002674f849b30 JavaThread "Cache worker for Build Output Cleanup Cache (E:\App\TempApp\Cffappfrontend-1\android\.gradle\buildOutputCleanup)" [_thread_blocked, id=27608, stack(0x000000bf82e00000,0x000000bf82f00000)]
  0x000002674f84a040 JavaThread "Cache worker for checksums cache (E:\App\TempApp\Cffappfrontend-1\android\.gradle\8.14.1\checksums)" [_thread_blocked, id=5884, stack(0x000000bf82f00000,0x000000bf83000000)]
  0x000002674f8477c0 JavaThread "Cache worker for cache directory md-supplier (C:\Users\rickb\.gradle\caches\8.14.1\md-supplier)" [_thread_blocked, id=29148, stack(0x000000bf83500000,0x000000bf83600000)]
  0x000002674f8486f0 JavaThread "Cache worker for cache directory md-rule (C:\Users\rickb\.gradle\caches\8.14.1\md-rule)" [_thread_blocked, id=19920, stack(0x000000bf83700000,0x000000bf83800000)]
  0x000002674f84a550 JavaThread "Cache worker for Build Output Cleanup Cache (E:\App\TempApp\Cffappfrontend-1\node_modules\@react-native\gradle-plugin\.gradle\buildOutputCleanup)" [_thread_blocked, id=10236, stack(0x000000bf83800000,0x000000bf83900000)]
  0x000002674f84aa60 JavaThread "Unconstrained build operations" [_thread_blocked, id=25732, stack(0x000000bf83900000,0x000000bf83a00000)]
  0x000002674f848c00 JavaThread "Unconstrained build operations Thread 2" [_thread_blocked, id=16548, stack(0x000000bf83a00000,0x000000bf83b00000)]
  0x000002674f845960 JavaThread "Unconstrained build operations Thread 3" [_thread_blocked, id=26004, stack(0x000000bf83b00000,0x000000bf83c00000)]
  0x000002674f8435f0 JavaThread "Unconstrained build operations Thread 4" [_thread_blocked, id=28316, stack(0x000000bf83c00000,0x000000bf83d00000)]
  0x000002674f84af70 JavaThread "Unconstrained build operations Thread 5" [_thread_blocked, id=17588, stack(0x000000bf83d00000,0x000000bf83e00000)]
  0x000002674f843b00 JavaThread "Unconstrained build operations Thread 6" [_thread_blocked, id=3296, stack(0x000000bf83e00000,0x000000bf83f00000)]
  0x000002674f844010 JavaThread "Unconstrained build operations Thread 7" [_thread_blocked, id=1800, stack(0x000000bf83f00000,0x000000bf84000000)]
  0x000002674f844520 JavaThread "Unconstrained build operations Thread 8" [_thread_blocked, id=16288, stack(0x000000bf84000000,0x000000bf84100000)]
  0x000002674f845450 JavaThread "Unconstrained build operations Thread 9" [_thread_blocked, id=16880, stack(0x000000bf84100000,0x000000bf84200000)]
  0x000002674f844a30 JavaThread "Unconstrained build operations Thread 10" [_thread_blocked, id=7992, stack(0x000000bf84200000,0x000000bf84300000)]
  0x000002674f844f40 JavaThread "Unconstrained build operations Thread 11" [_thread_blocked, id=26416, stack(0x000000bf84300000,0x000000bf84400000)]
  0x000002674f41c220 JavaThread "Unconstrained build operations Thread 12" [_thread_blocked, id=27068, stack(0x000000bf84400000,0x000000bf84500000)]
  0x000002674f418a70 JavaThread "Unconstrained build operations Thread 13" [_thread_blocked, id=15032, stack(0x000000bf84500000,0x000000bf84600000)]
  0x000002674f41cc40 JavaThread "Unconstrained build operations Thread 14" [_thread_blocked, id=29412, stack(0x000000bf84600000,0x000000bf84700000)]
  0x000002674f41d150 JavaThread "Unconstrained build operations Thread 15" [_thread_blocked, id=24152, stack(0x000000bf84700000,0x000000bf84800000)]
  0x000002674f41b2f0 JavaThread "Unconstrained build operations Thread 16" [_thread_blocked, id=16232, stack(0x000000bf84800000,0x000000bf84900000)]
  0x000002674f419eb0 JavaThread "Unconstrained build operations Thread 17" [_thread_blocked, id=28472, stack(0x000000bf84900000,0x000000bf84a00000)]
  0x000002674f41d660 JavaThread "Unconstrained build operations Thread 18" [_thread_blocked, id=27996, stack(0x000000bf84a00000,0x000000bf84b00000)]
  0x000002674f41b800 JavaThread "Unconstrained build operations Thread 19" [_thread_blocked, id=23056, stack(0x000000bf84b00000,0x000000bf84c00000)]
  0x000002674f4199a0 JavaThread "Unconstrained build operations Thread 20" [_thread_blocked, id=28320, stack(0x000000bf84c00000,0x000000bf84d00000)]
  0x000002674f41a8d0 JavaThread "Unconstrained build operations Thread 21" [_thread_blocked, id=24612, stack(0x000000bf84d00000,0x000000bf84e00000)]
  0x000002674f41bd10 JavaThread "Unconstrained build operations Thread 22" [_thread_blocked, id=20864, stack(0x000000bf84e00000,0x000000bf84f00000)]
  0x000002674f41ade0 JavaThread "Unconstrained build operations Thread 23" [_thread_blocked, id=18032, stack(0x000000bf84f00000,0x000000bf85000000)]
  0x000002674f41eaa0 JavaThread "Unconstrained build operations Thread 24" [_thread_blocked, id=26264, stack(0x000000bf85000000,0x000000bf85100000)]
  0x000002674f41a3c0 JavaThread "Unconstrained build operations Thread 25" [_thread_blocked, id=24344, stack(0x000000bf85100000,0x000000bf85200000)]
  0x000002674f419490 JavaThread "Unconstrained build operations Thread 26" [_thread_blocked, id=19424, stack(0x000000bf85200000,0x000000bf85300000)]
  0x000002674f41efb0 JavaThread "build event listener" [_thread_blocked, id=13456, stack(0x000000bf85300000,0x000000bf85400000)]
  0x000002674f41db70 JavaThread "Exec process Thread 4" [_thread_blocked, id=18864, stack(0x000000bf85500000,0x000000bf85600000)]
  0x000002674f41e080 JavaThread "Exec process Thread 5" [_thread_blocked, id=28408, stack(0x000000bf85600000,0x000000bf85700000)]
  0x000002674f41e590 JavaThread "Exec process Thread 6" [_thread_blocked, id=14732, stack(0x000000bf85700000,0x000000bf85800000)]
  0x000002674f41f4c0 JavaThread "included builds" [_thread_blocked, id=28428, stack(0x000000bf85400000,0x000000bf85500000)]
  0x000002674f418050 JavaThread "Execution worker" [_thread_blocked, id=10928, stack(0x000000bf85800000,0x000000bf85900000)]
  0x000002674f41f9d0 JavaThread "Execution worker Thread 2" [_thread_blocked, id=9788, stack(0x000000bf85900000,0x000000bf85a00000)]
  0x000002674f418560 JavaThread "Execution worker Thread 3" [_thread_blocked, id=22172, stack(0x000000bf85a00000,0x000000bf85b00000)]
  0x000002674f418f80 JavaThread "Execution worker Thread 4" [_thread_blocked, id=9532, stack(0x000000bf85b00000,0x000000bf85c00000)]
  0x000002674ddbb610 JavaThread "Execution worker Thread 5" [_thread_blocked, id=16404, stack(0x000000bf85c00000,0x000000bf85d00000)]
  0x000002674ddb8880 JavaThread "Execution worker Thread 6" [_thread_blocked, id=21064, stack(0x000000bf85d00000,0x000000bf85e00000)]
  0x000002674ddb92a0 JavaThread "Execution worker Thread 7" [_thread_blocked, id=23928, stack(0x000000bf85e00000,0x000000bf85f00000)]
  0x000002674ddbf2d0 JavaThread "Execution worker Thread 8" [_thread_blocked, id=21436, stack(0x000000bf85f00000,0x000000bf86000000)]
  0x000002674ddb8d90 JavaThread "Execution worker Thread 9" [_thread_blocked, id=14304, stack(0x000000bf86000000,0x000000bf86100000)]
  0x000002674ddbd470 JavaThread "Execution worker Thread 10" [_thread_blocked, id=6212, stack(0x000000bf86100000,0x000000bf86200000)]
  0x000002674ddc0200 JavaThread "Execution worker Thread 11" [_thread_blocked, id=7920, stack(0x000000bf86a00000,0x000000bf86b00000)]
  0x000002674ddbbb20 JavaThread "Cache worker for execution history cache (E:\App\TempApp\Cffappfrontend-1\node_modules\@react-native\gradle-plugin\.gradle\8.14.1\executionHistory)" [_thread_blocked, id=14848, stack(0x000000bf86e00000,0x000000bf86f00000)]
  0x000002674ddbe8b0 JavaThread "Unconstrained build operations Thread 27" [_thread_blocked, id=10304, stack(0x000000bf86f00000,0x000000bf87000000)]
  0x000002674ddbf7e0 JavaThread "Unconstrained build operations Thread 28" [_thread_blocked, id=14252, stack(0x000000bf87000000,0x000000bf87100000)]
  0x000002674ddb9cc0 JavaThread "Unconstrained build operations Thread 29" [_thread_blocked, id=8736, stack(0x000000bf87100000,0x000000bf87200000)]
  0x000002674ddb97b0 JavaThread "Unconstrained build operations Thread 30" [_thread_blocked, id=2588, stack(0x000000bf87200000,0x000000bf87300000)]
  0x000002674ddbfcf0 JavaThread "Unconstrained build operations Thread 31" [_thread_blocked, id=24516, stack(0x000000bf87300000,0x000000bf87400000)]
  0x000002674ddba1d0 JavaThread "Unconstrained build operations Thread 32" [_thread_blocked, id=22360, stack(0x000000bf87400000,0x000000bf87500000)]
  0x000002674ddba6e0 JavaThread "Unconstrained build operations Thread 33" [_thread_blocked, id=24540, stack(0x000000bf87500000,0x000000bf87600000)]
  0x000002674ddbabf0 JavaThread "Unconstrained build operations Thread 34" [_thread_blocked, id=6936, stack(0x000000bf87600000,0x000000bf87700000)]
  0x000002674ddbc540 JavaThread "Unconstrained build operations Thread 35" [_thread_blocked, id=19176, stack(0x000000bf87700000,0x000000bf87800000)]
  0x000002674ddbca50 JavaThread "Unconstrained build operations Thread 36" [_thread_blocked, id=15112, stack(0x000000bf87800000,0x000000bf87900000)]
  0x000002674ddbcf60 JavaThread "Unconstrained build operations Thread 37" [_thread_blocked, id=23416, stack(0x000000bf87900000,0x000000bf87a00000)]
  0x000002674f19c5c0 JavaThread "Unconstrained build operations Thread 38" [_thread_blocked, id=21928, stack(0x000000bf87a00000,0x000000bf87b00000)]
  0x000002674f19c0b0 JavaThread "Unconstrained build operations Thread 39" [_thread_blocked, id=29364, stack(0x000000bf87b00000,0x000000bf87c00000)]
  0x000002674f19f350 JavaThread "Unconstrained build operations Thread 40" [_thread_blocked, id=13732, stack(0x000000bf87c00000,0x000000bf87d00000)]
  0x000002674f19df10 JavaThread "Unconstrained build operations Thread 41" [_thread_blocked, id=7868, stack(0x000000bf87d00000,0x000000bf87e00000)]
  0x000002674f19d4f0 JavaThread "Unconstrained build operations Thread 42" [_thread_blocked, id=11708, stack(0x000000bf87e00000,0x000000bf87f00000)]
  0x000002674f19f860 JavaThread "Unconstrained build operations Thread 43" [_thread_blocked, id=19120, stack(0x000000bf87f00000,0x000000bf88000000)]
  0x000002674f19cad0 JavaThread "Unconstrained build operations Thread 44" [_thread_blocked, id=27936, stack(0x000000bf88000000,0x000000bf88100000)]
  0x000002674f19fd70 JavaThread "Unconstrained build operations Thread 45" [_thread_blocked, id=4240, stack(0x000000bf88100000,0x000000bf88200000)]
  0x000002674f19bba0 JavaThread "Unconstrained build operations Thread 46" [_thread_blocked, id=29552, stack(0x000000bf88200000,0x000000bf88300000)]
  0x000002674f19cfe0 JavaThread "Unconstrained build operations Thread 47" [_thread_blocked, id=20488, stack(0x000000bf88300000,0x000000bf88400000)]
  0x000002674cd28770 JavaThread "Unconstrained build operations Thread 48" [_thread_blocked, id=21924, stack(0x000000bf88400000,0x000000bf88500000)]
  0x000002674cd28c80 JavaThread "Unconstrained build operations Thread 49" [_thread_blocked, id=7856, stack(0x000000bf88500000,0x000000bf88600000)]
  0x000002674cd2a5d0 JavaThread "Unconstrained build operations Thread 50" [_thread_blocked, id=28404, stack(0x000000bf88600000,0x000000bf88700000)]
  0x000002674cd29190 JavaThread "Unconstrained build operations Thread 51" [_thread_blocked, id=13048, stack(0x000000bf88700000,0x000000bf88800000)]
  0x000002674cd296a0 JavaThread "Unconstrained build operations Thread 52" [_thread_blocked, id=18132, stack(0x000000bf88800000,0x000000bf88900000)]
  0x000002674cd2aae0 JavaThread "Unconstrained build operations Thread 53" [_thread_blocked, id=27520, stack(0x000000bf88900000,0x000000bf88a00000)]
  0x000002674cd2aff0 JavaThread "Unconstrained build operations Thread 54" [_thread_blocked, id=29184, stack(0x000000bf88a00000,0x000000bf88b00000)]
  0x000002674e2e6b00 JavaThread "Unconstrained build operations Thread 55" [_thread_blocked, id=23568, stack(0x000000bf88b00000,0x000000bf88c00000)]
  0x000002674e2e4280 JavaThread "Unconstrained build operations Thread 56" [_thread_blocked, id=24688, stack(0x000000bf88c00000,0x000000bf88d00000)]
  0x000002674e2e4ca0 JavaThread "Unconstrained build operations Thread 57" [_thread_blocked, id=23212, stack(0x000000bf88d00000,0x000000bf88e00000)]
  0x000002674e2e9da0 JavaThread "Unconstrained build operations Thread 58" [_thread_blocked, id=24176, stack(0x000000bf88e00000,0x000000bf88f00000)]
  0x000002674e2e51b0 JavaThread "Unconstrained build operations Thread 59" [_thread_blocked, id=5224, stack(0x000000bf88f00000,0x000000bf89000000)]
  0x000002674e2e9380 JavaThread "Unconstrained build operations Thread 60" [_thread_blocked, id=24656, stack(0x000000bf89000000,0x000000bf89100000)]
  0x000002674e2e7010 JavaThread "Unconstrained build operations Thread 61" [_thread_blocked, id=27624, stack(0x000000bf89100000,0x000000bf89200000)]
  0x000002674e2e7520 JavaThread "Unconstrained build operations Thread 62" [_thread_blocked, id=29564, stack(0x000000bf89200000,0x000000bf89300000)]
  0x000002674e2e7f40 JavaThread "Unconstrained build operations Thread 63" [_thread_blocked, id=22068, stack(0x000000bf89300000,0x000000bf89400000)]
  0x000002674e2e5bd0 JavaThread "Unconstrained build operations Thread 64" [_thread_blocked, id=24088, stack(0x000000bf89400000,0x000000bf89500000)]
  0x000002674e2e3860 JavaThread "Unconstrained build operations Thread 65" [_thread_blocked, id=11300, stack(0x000000bf89500000,0x000000bf89600000)]
  0x000002674e2e7a30 JavaThread "Unconstrained build operations Thread 66" [_thread_blocked, id=29048, stack(0x000000bf89600000,0x000000bf89700000)]
  0x000002674e2e56c0 JavaThread "Unconstrained build operations Thread 67" [_thread_blocked, id=29180, stack(0x000000bf89700000,0x000000bf89800000)]
  0x000002674e2e60e0 JavaThread "Unconstrained build operations Thread 68" [_thread_blocked, id=14168, stack(0x000000bf89800000,0x000000bf89900000)]
  0x000002674e2e8960 JavaThread "Unconstrained build operations Thread 69" [_thread_blocked, id=12348, stack(0x000000bf89900000,0x000000bf89a00000)]
  0x000002674e2e4790 JavaThread "jar transforms Thread 3" [_thread_blocked, id=24820, stack(0x000000bf89a00000,0x000000bf89b00000)]
  0x000002674e2e3d70 JavaThread "Unconstrained build operations Thread 70" [_thread_blocked, id=6120, stack(0x000000bf82000000,0x000000bf82100000)]
  0x000002674e2e8e70 JavaThread "Unconstrained build operations Thread 71" [_thread_blocked, id=28468, stack(0x000000bf82100000,0x000000bf82200000)]
  0x000002674e2e9890 JavaThread "Unconstrained build operations Thread 72" [_thread_blocked, id=8964, stack(0x000000bf89b00000,0x000000bf89c00000)]
  0x000002674e2ea2b0 JavaThread "Unconstrained build operations Thread 73" [_thread_blocked, id=21072, stack(0x000000bf89c00000,0x000000bf89d00000)]
  0x000002674e2e2e40 JavaThread "Unconstrained build operations Thread 74" [_thread_blocked, id=17444, stack(0x000000bf89d00000,0x000000bf89e00000)]
  0x000002674e2e65f0 JavaThread "Unconstrained build operations Thread 75" [_thread_blocked, id=23756, stack(0x000000bf89e00000,0x000000bf89f00000)]
  0x000002674e2ea7c0 JavaThread "Unconstrained build operations Thread 76" [_thread_blocked, id=16024, stack(0x000000bf89f00000,0x000000bf8a000000)]
  0x000002674e2e3350 JavaThread "Unconstrained build operations Thread 77" [_thread_blocked, id=19664, stack(0x000000bf8a000000,0x000000bf8a100000)]
  0x00000267516bbdb0 JavaThread "Unconstrained build operations Thread 78" [_thread_blocked, id=2832, stack(0x000000bf8a100000,0x000000bf8a200000)]
  0x00000267516bd700 JavaThread "Unconstrained build operations Thread 79" [_thread_blocked, id=3972, stack(0x000000bf8a200000,0x000000bf8a300000)]
  0x00000267516c13c0 JavaThread "Unconstrained build operations Thread 80" [_thread_blocked, id=11792, stack(0x000000bf8a300000,0x000000bf8a400000)]
  0x00000267516c22f0 JavaThread "Unconstrained build operations Thread 81" [_thread_blocked, id=26604, stack(0x000000bf8a400000,0x000000bf8a500000)]
  0x00000267516c0eb0 JavaThread "Unconstrained build operations Thread 82" [_thread_blocked, id=6048, stack(0x000000bf8a500000,0x000000bf8a600000)]
  0x00000267516c2d10 JavaThread "Unconstrained build operations Thread 83" [_thread_blocked, id=16072, stack(0x000000bf8a600000,0x000000bf8a700000)]
  0x00000267516c09a0 JavaThread "Unconstrained build operations Thread 84" [_thread_blocked, id=29000, stack(0x000000bf8a700000,0x000000bf8a800000)]
  0x00000267516c0490 JavaThread "Unconstrained build operations Thread 85" [_thread_blocked, id=21916, stack(0x000000bf8a800000,0x000000bf8a900000)]
  0x00000267516beb40 JavaThread "Unconstrained build operations Thread 86" [_thread_blocked, id=27032, stack(0x000000bf8a900000,0x000000bf8aa00000)]
  0x00000267516bd1f0 JavaThread "Unconstrained build operations Thread 87" [_thread_blocked, id=21908, stack(0x000000bf8aa00000,0x000000bf8ab00000)]
  0x00000267516bdc10 JavaThread "Unconstrained build operations Thread 88" [_thread_blocked, id=6192, stack(0x000000bf8ab00000,0x000000bf8ac00000)]
  0x00000267516c18d0 JavaThread "Unconstrained build operations Thread 89" [_thread_blocked, id=14104, stack(0x000000bf8ac00000,0x000000bf8ad00000)]
  0x00000267516c2800 JavaThread "Unconstrained build operations Thread 90" [_thread_blocked, id=8268, stack(0x000000bf8ad00000,0x000000bf8ae00000)]
  0x00000267516bf050 JavaThread "Unconstrained build operations Thread 91" [_thread_blocked, id=3624, stack(0x000000bf8ae00000,0x000000bf8af00000)]
  0x00000267516be120 JavaThread "Unconstrained build operations Thread 92" [_thread_blocked, id=26472, stack(0x000000bf8af00000,0x000000bf8b000000)]
  0x00000267516c3220 JavaThread "Unconstrained build operations Thread 93" [_thread_blocked, id=28688, stack(0x000000bf8b000000,0x000000bf8b100000)]
  0x00000267516c1de0 JavaThread "Unconstrained build operations Thread 94" [_thread_blocked, id=22952, stack(0x000000bf8b100000,0x000000bf8b200000)]
  0x00000267516c3730 JavaThread "Unconstrained build operations Thread 95" [_thread_blocked, id=29296, stack(0x000000bf8b200000,0x000000bf8b300000)]
  0x00000267516be630 JavaThread "Unconstrained build operations Thread 96" [_thread_blocked, id=17728, stack(0x000000bf8b300000,0x000000bf8b400000)]
  0x00000267516bc2c0 JavaThread "Unconstrained build operations Thread 97" [_thread_blocked, id=11324, stack(0x000000bf8b400000,0x000000bf8b500000)]
  0x00000267516bf560 JavaThread "Unconstrained build operations Thread 98" [_thread_blocked, id=24964, stack(0x000000bf8b500000,0x000000bf8b600000)]
  0x00000267516bc7d0 JavaThread "Unconstrained build operations Thread 99" [_thread_blocked, id=15128, stack(0x000000bf8b600000,0x000000bf8b700000)]
  0x00000267516bcce0 JavaThread "Unconstrained build operations Thread 100" [_thread_blocked, id=9180, stack(0x000000bf8b700000,0x000000bf8b800000)]
  0x00000267516bfa70 JavaThread "Unconstrained build operations Thread 101" [_thread_blocked, id=19816, stack(0x000000bf8b800000,0x000000bf8b900000)]
  0x00000267516bff80 JavaThread "Unconstrained build operations Thread 102" [_thread_blocked, id=2516, stack(0x000000bf8b900000,0x000000bf8ba00000)]
  0x000002674cad0f20 JavaThread "Unconstrained build operations Thread 103" [_thread_blocked, id=21708, stack(0x000000bf8ba00000,0x000000bf8bb00000)]
  0x000002674cad1430 JavaThread "Unconstrained build operations Thread 104" [_thread_blocked, id=25756, stack(0x000000bf8bb00000,0x000000bf8bc00000)]
  0x000002674cad2870 JavaThread "Unconstrained build operations Thread 105" [_thread_blocked, id=27124, stack(0x000000bf8bc00000,0x000000bf8bd00000)]
  0x000002674cad1940 JavaThread "Unconstrained build operations Thread 106" [_thread_blocked, id=28892, stack(0x000000bf8bd00000,0x000000bf8be00000)]
  0x000002674cad5600 JavaThread "Unconstrained build operations Thread 107" [_thread_blocked, id=26388, stack(0x000000bf8be00000,0x000000bf8bf00000)]
  0x000002674cad1e50 JavaThread "Unconstrained build operations Thread 108" [_thread_blocked, id=24228, stack(0x000000bf8bf00000,0x000000bf8c000000)]
  0x000002674cad37a0 JavaThread "Unconstrained build operations Thread 109" [_thread_blocked, id=27308, stack(0x000000bf8c000000,0x000000bf8c100000)]
  0x000002674cad5b10 JavaThread "Unconstrained build operations Thread 110" [_thread_blocked, id=2304, stack(0x000000bf8c100000,0x000000bf8c200000)]
  0x000002674cad2360 JavaThread "Unconstrained build operations Thread 111" [_thread_blocked, id=16528, stack(0x000000bf8c200000,0x000000bf8c300000)]
  0x000002674cad7460 JavaThread "Unconstrained build operations Thread 112" [_thread_blocked, id=4428, stack(0x000000bf8c300000,0x000000bf8c400000)]
  0x000002674cad7970 JavaThread "Unconstrained build operations Thread 113" [_thread_blocked, id=21008, stack(0x000000bf8c400000,0x000000bf8c500000)]
  0x000002674cad6f50 JavaThread "Unconstrained build operations Thread 114" [_thread_blocked, id=856, stack(0x000000bf8c500000,0x000000bf8c600000)]
  0x000002674cad3cb0 JavaThread "Unconstrained build operations Thread 115" [_thread_blocked, id=25496, stack(0x000000bf8c600000,0x000000bf8c700000)]
  0x000002674cad2d80 JavaThread "Unconstrained build operations Thread 116" [_thread_blocked, id=23064, stack(0x000000bf8c700000,0x000000bf8c800000)]
  0x000002674cad0500 JavaThread "Unconstrained build operations Thread 117" [_thread_blocked, id=15948, stack(0x000000bf8c800000,0x000000bf8c900000)]
  0x000002674cad3290 JavaThread "Unconstrained build operations Thread 118" [_thread_blocked, id=15468, stack(0x000000bf8ca00000,0x000000bf8cb00000)]
  0x000002674cad6530 JavaThread "Unconstrained build operations Thread 119" [_thread_blocked, id=26144, stack(0x000000bf8cb00000,0x000000bf8cc00000)]
  0x000002674cad6020 JavaThread "Unconstrained build operations Thread 120" [_thread_blocked, id=11136, stack(0x000000bf8cc00000,0x000000bf8cd00000)]
  0x000002674cad7e80 JavaThread "jar transforms Thread 4" [_thread_blocked, id=25304, stack(0x000000bf8cd00000,0x000000bf8ce00000)]
  0x000002674cad41c0 JavaThread "jar transforms Thread 5" [_thread_blocked, id=3920, stack(0x000000bf8ce00000,0x000000bf8cf00000)]
  0x000002674cad46d0 JavaThread "jar transforms Thread 6" [_thread_blocked, id=25912, stack(0x000000bf8cf00000,0x000000bf8d000000)]
  0x000002674cad0a10 JavaThread "Problems report writer" [_thread_blocked, id=13544, stack(0x000000bf8d000000,0x000000bf8d100000)]
  0x000002674cad4be0 JavaThread "build event listener" [_thread_blocked, id=25012, stack(0x000000bf8d100000,0x000000bf8d200000)]
  0x000002674cad50f0 JavaThread "jar transforms Thread 7" [_thread_blocked, id=28664, stack(0x000000bf8d200000,0x000000bf8d300000)]
  0x000002674d56dee0 JavaThread "jar transforms Thread 8" [_thread_blocked, id=13248, stack(0x000000bf8d300000,0x000000bf8d400000)]
  0x00000267515dd510 JavaThread "C2 CompilerThread1" daemon [_thread_blocked, id=27712, stack(0x000000bf8d400000,0x000000bf8d500000)]
  0x00000267515dc520 JavaThread "C2 CompilerThread2" daemon [_thread_in_native, id=27320, stack(0x000000bf8d500000,0x000000bf8d600000)]
  0x000002674d56f320 JavaThread "jar transforms Thread 9" [_thread_blocked, id=4640, stack(0x000000bf8d600000,0x000000bf8d700000)]
  0x000002674d56e3f0 JavaThread "jar transforms Thread 10" [_thread_blocked, id=6264, stack(0x000000bf8d700000,0x000000bf8d800000)]

Other Threads:
  0x000002677f958490 VMThread "VM Thread" [stack: 0x000000bf80b00000,0x000000bf80c00000] [id=27956]
  0x000002677fc037d0 WatcherThread [stack: 0x000000bf81700000,0x000000bf81800000] [id=29352]
  0x00000267627a7320 GCTaskThread "GC Thread#0" [stack: 0x000000bf80600000,0x000000bf80700000] [id=26088]
  0x000002677fd2a8e0 GCTaskThread "GC Thread#1" [stack: 0x000000bf81800000,0x000000bf81900000] [id=25128]
  0x000002677fd784d0 GCTaskThread "GC Thread#2" [stack: 0x000000bf81900000,0x000000bf81a00000] [id=27488]
  0x000002674be9c0d0 GCTaskThread "GC Thread#3" [stack: 0x000000bf81a00000,0x000000bf81b00000] [id=26300]
  0x000002674be9be10 GCTaskThread "GC Thread#4" [stack: 0x000000bf81b00000,0x000000bf81c00000] [id=26912]
  0x000002674be9c390 GCTaskThread "GC Thread#5" [stack: 0x000000bf82600000,0x000000bf82700000] [id=23160]
  0x000002674be9c650 GCTaskThread "GC Thread#6" [stack: 0x000000bf82700000,0x000000bf82800000] [id=21464]
  0x000002674be9b890 GCTaskThread "GC Thread#7" [stack: 0x000000bf82800000,0x000000bf82900000] [id=3732]
  0x000002674be9c910 GCTaskThread "GC Thread#8" [stack: 0x000000bf82900000,0x000000bf82a00000] [id=12344]
  0x000002674be9cbd0 GCTaskThread "GC Thread#9" [stack: 0x000000bf82a00000,0x000000bf82b00000] [id=20012]
  0x00000267627b9180 ConcurrentGCThread "G1 Main Marker" [stack: 0x000000bf80700000,0x000000bf80800000] [id=26224]
  0x00000267627ba230 ConcurrentGCThread "G1 Conc#0" [stack: 0x000000bf80800000,0x000000bf80900000] [id=9460]
  0x000002674be9ce90 ConcurrentGCThread "G1 Conc#1" [stack: 0x000000bf83000000,0x000000bf83100000] [id=17168]
  0x000002674be9d150 ConcurrentGCThread "G1 Conc#2" [stack: 0x000000bf83100000,0x000000bf83200000] [id=23908]
  0x000002677f8110b0 ConcurrentGCThread "G1 Refine#0" [stack: 0x000000bf80900000,0x000000bf80a00000] [id=2952]
  0x000002677f8119e0 ConcurrentGCThread "G1 Service" [stack: 0x000000bf80a00000,0x000000bf80b00000] [id=14816]

Threads with active compile tasks:
C2 CompilerThread0   145611 15095       4       org.gradle.cache.internal.AsyncCacheAccessDecoratedCache$$Lambda$484/0x0000026707482660::get (12 bytes)
C2 CompilerThread2   145611 15191       4       org.codehaus.groovy.reflection.CachedClass$3$$Lambda$371/0x00000267073bda20::test (8 bytes)

VM state: not at safepoint (normal execution)

VM Mutex/Monitor currently owned by a thread: None

Heap address: 0x0000000700000000, size: 4096 MB, Compressed Oops mode: Zero based, Oop shift amount: 3

CDS archive(s) mapped at: [0x0000026706000000-0x0000026706bd0000-0x0000026706bd0000), size 12386304, SharedBaseAddress: 0x0000026706000000, ArchiveRelocationMode: 1.
Compressed class space mapped at: 0x0000026707000000-0x0000026747000000, reserved size: 1073741824
Narrow klass base: 0x0000026706000000, Narrow klass shift: 0, Narrow klass range: 0x100000000

GC Precious Log:
 CPUs: 12 total, 12 available
 Memory: 5996M
 Large Page Support: Disabled
 NUMA Support: Disabled
 Compressed Oops: Enabled (Zero based)
 Heap Region Size: 2M
 Heap Min Capacity: 8M
 Heap Initial Capacity: 94M
 Heap Max Capacity: 4G
 Pre-touch: Disabled
 Parallel Workers: 10
 Concurrent Workers: 3
 Concurrent Refinement Workers: 10
 Periodic GC: Disabled

Heap:
 garbage-first heap   total 221184K, used 170176K [0x0000000700000000, 0x0000000800000000)
  region size 2048K, 15 young (30720K), 2 survivors (4096K)
 Metaspace       used 103113K, committed 104256K, reserved 1179648K
  class space    used 14336K, committed 14848K, reserved 1048576K

Heap Regions: E=young(eden), S=young(survivor), O=old, HS=humongous(starts), HC=humongous(continues), CS=collection set, F=free, OA=open archive, CA=closed archive, TAMS=top-at-mark-start (previous, next)
|   0|0x0000000700000000, 0x0000000700200000, 0x0000000700200000|100%|HS|  |TAMS 0x0000000700200000, 0x0000000700000000| Complete 
|   1|0x0000000700200000, 0x0000000700400000, 0x0000000700400000|100%|HC|  |TAMS 0x0000000700400000, 0x0000000700200000| Complete 
|   2|0x0000000700400000, 0x0000000700600000, 0x0000000700600000|100%| O|  |TAMS 0x0000000700600000, 0x0000000700400000| Untracked 
|   3|0x0000000700600000, 0x0000000700800000, 0x0000000700800000|100%| O|  |TAMS 0x0000000700800000, 0x0000000700600000| Untracked 
|   4|0x0000000700800000, 0x0000000700a00000, 0x0000000700a00000|100%| O|  |TAMS 0x0000000700a00000, 0x0000000700800000| Untracked 
|   5|0x0000000700a00000, 0x0000000700c00000, 0x0000000700c00000|100%| O|  |TAMS 0x0000000700c00000, 0x0000000700a00000| Untracked 
|   6|0x0000000700c00000, 0x0000000700e00000, 0x0000000700e00000|100%| O|  |TAMS 0x0000000700e00000, 0x0000000700c00000| Untracked 
|   7|0x0000000700e00000, 0x0000000701000000, 0x0000000701000000|100%| O|  |TAMS 0x0000000701000000, 0x0000000700e00000| Untracked 
|   8|0x0000000701000000, 0x0000000701200000, 0x0000000701200000|100%| O|  |TAMS 0x0000000701200000, 0x0000000701000000| Untracked 
|   9|0x0000000701200000, 0x0000000701400000, 0x0000000701400000|100%| O|  |TAMS 0x0000000701400000, 0x0000000701200000| Untracked 
|  10|0x0000000701400000, 0x0000000701600000, 0x0000000701600000|100%| O|  |TAMS 0x0000000701600000, 0x0000000701400000| Untracked 
|  11|0x0000000701600000, 0x0000000701800000, 0x0000000701800000|100%| O|  |TAMS 0x0000000701800000, 0x0000000701600000| Untracked 
|  12|0x0000000701800000, 0x0000000701a00000, 0x0000000701a00000|100%| O|  |TAMS 0x0000000701a00000, 0x0000000701800000| Untracked 
|  13|0x0000000701a00000, 0x0000000701c00000, 0x0000000701c00000|100%| O|  |TAMS 0x0000000701c00000, 0x0000000701a00000| Untracked 
|  14|0x0000000701c00000, 0x0000000701e00000, 0x0000000701e00000|100%| O|  |TAMS 0x0000000701e00000, 0x0000000701c00000| Untracked 
|  15|0x0000000701e00000, 0x0000000702000000, 0x0000000702000000|100%| O|  |TAMS 0x0000000702000000, 0x0000000701e00000| Untracked 
|  16|0x0000000702000000, 0x0000000702200000, 0x0000000702200000|100%| O|  |TAMS 0x0000000702200000, 0x0000000702000000| Untracked 
|  17|0x0000000702200000, 0x0000000702400000, 0x0000000702400000|100%| O|  |TAMS 0x0000000702200000, 0x0000000702200000| Untracked 
|  18|0x0000000702400000, 0x0000000702600000, 0x0000000702600000|100%| O|  |TAMS 0x0000000702600000, 0x0000000702400000| Untracked 
|  19|0x0000000702600000, 0x0000000702800000, 0x0000000702800000|100%|HS|  |TAMS 0x0000000702800000, 0x0000000702600000| Complete 
|  20|0x0000000702800000, 0x0000000702a00000, 0x0000000702a00000|100%|HC|  |TAMS 0x0000000702a00000, 0x0000000702800000| Complete 
|  21|0x0000000702a00000, 0x0000000702c00000, 0x0000000702c00000|100%|HS|  |TAMS 0x0000000702c00000, 0x0000000702a00000| Complete 
|  22|0x0000000702c00000, 0x0000000702e00000, 0x0000000702e00000|100%|HC|  |TAMS 0x0000000702e00000, 0x0000000702c00000| Complete 
|  23|0x0000000702e00000, 0x0000000703000000, 0x0000000703000000|100%| O|  |TAMS 0x0000000703000000, 0x0000000702e00000| Untracked 
|  24|0x0000000703000000, 0x0000000703200000, 0x0000000703200000|100%| O|  |TAMS 0x0000000703200000, 0x0000000703000000| Untracked 
|  25|0x0000000703200000, 0x0000000703400000, 0x0000000703400000|100%| O|  |TAMS 0x0000000703400000, 0x0000000703200000| Untracked 
|  26|0x0000000703400000, 0x0000000703600000, 0x0000000703600000|100%| O|  |TAMS 0x0000000703600000, 0x0000000703400000| Untracked 
|  27|0x0000000703600000, 0x0000000703800000, 0x0000000703800000|100%| O|  |TAMS 0x0000000703800000, 0x0000000703600000| Untracked 
|  28|0x0000000703800000, 0x0000000703a00000, 0x0000000703a00000|100%| O|  |TAMS 0x0000000703a00000, 0x0000000703800000| Untracked 
|  29|0x0000000703a00000, 0x0000000703c00000, 0x0000000703c00000|100%| O|  |TAMS 0x0000000703a49c00, 0x0000000703a00000| Untracked 
|  30|0x0000000703c00000, 0x0000000703e00000, 0x0000000703e00000|100%| O|  |TAMS 0x0000000703c00000, 0x0000000703c00000| Untracked 
|  31|0x0000000703e00000, 0x0000000704000000, 0x0000000704000000|100%| O|  |TAMS 0x0000000703e00000, 0x0000000703e00000| Untracked 
|  32|0x0000000704000000, 0x0000000704200000, 0x0000000704200000|100%| O|  |TAMS 0x0000000704000000, 0x0000000704000000| Untracked 
|  33|0x0000000704200000, 0x0000000704400000, 0x0000000704400000|100%| O|  |TAMS 0x0000000704200000, 0x0000000704200000| Untracked 
|  34|0x0000000704400000, 0x0000000704600000, 0x0000000704600000|100%| O|  |TAMS 0x0000000704400000, 0x0000000704400000| Untracked 
|  35|0x0000000704600000, 0x0000000704800000, 0x0000000704800000|100%| O|  |TAMS 0x0000000704600000, 0x0000000704600000| Untracked 
|  36|0x0000000704800000, 0x0000000704a00000, 0x0000000704a00000|100%| O|  |TAMS 0x0000000704800000, 0x0000000704800000| Untracked 
|  37|0x0000000704a00000, 0x0000000704c00000, 0x0000000704c00000|100%| O|  |TAMS 0x0000000704a00000, 0x0000000704a00000| Untracked 
|  38|0x0000000704c00000, 0x0000000704e00000, 0x0000000704e00000|100%| O|  |TAMS 0x0000000704c00000, 0x0000000704c00000| Untracked 
|  39|0x0000000704e00000, 0x0000000705000000, 0x0000000705000000|100%| O|  |TAMS 0x0000000704e00000, 0x0000000704e00000| Untracked 
|  40|0x0000000705000000, 0x0000000705200000, 0x0000000705200000|100%| O|  |TAMS 0x0000000705000000, 0x0000000705000000| Untracked 
|  41|0x0000000705200000, 0x0000000705400000, 0x0000000705400000|100%| O|  |TAMS 0x0000000705200000, 0x0000000705200000| Untracked 
|  42|0x0000000705400000, 0x0000000705600000, 0x0000000705600000|100%| O|  |TAMS 0x0000000705400000, 0x0000000705400000| Untracked 
|  43|0x0000000705600000, 0x0000000705800000, 0x0000000705800000|100%| O|  |TAMS 0x0000000705600000, 0x0000000705600000| Untracked 
|  44|0x0000000705800000, 0x0000000705a00000, 0x0000000705a00000|100%| O|  |TAMS 0x0000000705800000, 0x0000000705800000| Untracked 
|  45|0x0000000705a00000, 0x0000000705c00000, 0x0000000705c00000|100%| O|  |TAMS 0x0000000705a00000, 0x0000000705a00000| Untracked 
|  46|0x0000000705c00000, 0x0000000705e00000, 0x0000000705e00000|100%| O|  |TAMS 0x0000000705c00000, 0x0000000705c00000| Untracked 
|  47|0x0000000705e00000, 0x0000000706000000, 0x0000000706000000|100%| O|  |TAMS 0x0000000705e00000, 0x0000000705e00000| Untracked 
|  48|0x0000000706000000, 0x0000000706200000, 0x0000000706200000|100%| O|  |TAMS 0x0000000706000000, 0x0000000706000000| Untracked 
|  49|0x0000000706200000, 0x0000000706400000, 0x0000000706400000|100%| O|  |TAMS 0x0000000706200000, 0x0000000706200000| Untracked 
|  50|0x0000000706400000, 0x0000000706600000, 0x0000000706600000|100%| O|  |TAMS 0x0000000706400000, 0x0000000706400000| Untracked 
|  51|0x0000000706600000, 0x0000000706800000, 0x0000000706800000|100%| O|  |TAMS 0x0000000706600000, 0x0000000706600000| Untracked 
|  52|0x0000000706800000, 0x0000000706a00000, 0x0000000706a00000|100%| O|  |TAMS 0x0000000706800000, 0x0000000706800000| Untracked 
|  53|0x0000000706a00000, 0x0000000706c00000, 0x0000000706c00000|100%| O|  |TAMS 0x0000000706a00000, 0x0000000706a00000| Untracked 
|  54|0x0000000706c00000, 0x0000000706e00000, 0x0000000706e00000|100%| O|  |TAMS 0x0000000706c00000, 0x0000000706c00000| Untracked 
|  55|0x0000000706e00000, 0x0000000707000000, 0x0000000707000000|100%| O|  |TAMS 0x0000000706e00000, 0x0000000706e00000| Untracked 
|  56|0x0000000707000000, 0x0000000707200000, 0x0000000707200000|100%|HS|  |TAMS 0x0000000707000000, 0x0000000707000000| Complete 
|  57|0x0000000707200000, 0x0000000707400000, 0x0000000707400000|100%|HC|  |TAMS 0x0000000707200000, 0x0000000707200000| Complete 
|  58|0x0000000707400000, 0x0000000707600000, 0x0000000707600000|100%| O|  |TAMS 0x0000000707400000, 0x0000000707400000| Untracked 
|  59|0x0000000707600000, 0x0000000707800000, 0x0000000707800000|100%| O|  |TAMS 0x0000000707600000, 0x0000000707600000| Untracked 
|  60|0x0000000707800000, 0x0000000707a00000, 0x0000000707a00000|100%| O|  |TAMS 0x0000000707800000, 0x0000000707800000| Untracked 
|  61|0x0000000707a00000, 0x0000000707c00000, 0x0000000707c00000|100%| O|  |TAMS 0x0000000707a00000, 0x0000000707a00000| Untracked 
|  62|0x0000000707c00000, 0x0000000707e00000, 0x0000000707e00000|100%| O|  |TAMS 0x0000000707c00000, 0x0000000707c00000| Untracked 
|  63|0x0000000707e00000, 0x0000000708000000, 0x0000000708000000|100%| O|  |TAMS 0x0000000707e00000, 0x0000000707e00000| Untracked 
|  64|0x0000000708000000, 0x0000000708200000, 0x0000000708200000|100%| O|  |TAMS 0x0000000708000000, 0x0000000708000000| Untracked 
|  65|0x0000000708200000, 0x0000000708400000, 0x0000000708400000|100%| O|  |TAMS 0x0000000708200000, 0x0000000708200000| Untracked 
|  66|0x0000000708400000, 0x0000000708600000, 0x0000000708600000|100%| O|  |TAMS 0x0000000708400000, 0x0000000708400000| Untracked 
|  67|0x0000000708600000, 0x0000000708800000, 0x0000000708800000|100%| O|  |TAMS 0x0000000708600000, 0x0000000708600000| Untracked 
|  68|0x0000000708800000, 0x0000000708872800, 0x0000000708a00000| 22%| O|  |TAMS 0x0000000708800000, 0x0000000708800000| Untracked 
|  69|0x0000000708a00000, 0x0000000708c00000, 0x0000000708c00000|100%|HS|  |TAMS 0x0000000708a00000, 0x0000000708a00000| Complete 
|  70|0x0000000708c00000, 0x0000000708e00000, 0x0000000708e00000|100%|HC|  |TAMS 0x0000000708c00000, 0x0000000708c00000| Complete 
|  71|0x0000000708e00000, 0x0000000708e00000, 0x0000000709000000|  0%| F|  |TAMS 0x0000000708e00000, 0x0000000708e00000| Untracked 
|  72|0x0000000709000000, 0x0000000709000000, 0x0000000709200000|  0%| F|  |TAMS 0x0000000709000000, 0x0000000709000000| Untracked 
|  73|0x0000000709200000, 0x0000000709200000, 0x0000000709400000|  0%| F|  |TAMS 0x0000000709200000, 0x0000000709200000| Untracked 
|  74|0x0000000709400000, 0x0000000709400000, 0x0000000709600000|  0%| F|  |TAMS 0x0000000709400000, 0x0000000709400000| Untracked 
|  75|0x0000000709600000, 0x0000000709600000, 0x0000000709800000|  0%| F|  |TAMS 0x0000000709600000, 0x0000000709600000| Untracked 
|  76|0x0000000709800000, 0x0000000709800000, 0x0000000709a00000|  0%| F|  |TAMS 0x0000000709800000, 0x0000000709800000| Untracked 
|  77|0x0000000709a00000, 0x0000000709a00000, 0x0000000709c00000|  0%| F|  |TAMS 0x0000000709a00000, 0x0000000709a00000| Untracked 
|  78|0x0000000709c00000, 0x0000000709c00000, 0x0000000709e00000|  0%| F|  |TAMS 0x0000000709c00000, 0x0000000709c00000| Untracked 
|  79|0x0000000709e00000, 0x0000000709e00000, 0x000000070a000000|  0%| F|  |TAMS 0x0000000709e00000, 0x0000000709e00000| Untracked 
|  80|0x000000070a000000, 0x000000070a000000, 0x000000070a200000|  0%| F|  |TAMS 0x000000070a000000, 0x000000070a000000| Untracked 
|  81|0x000000070a200000, 0x000000070a200000, 0x000000070a400000|  0%| F|  |TAMS 0x000000070a200000, 0x000000070a200000| Untracked 
|  82|0x000000070a400000, 0x000000070a400000, 0x000000070a600000|  0%| F|  |TAMS 0x000000070a400000, 0x000000070a400000| Untracked 
|  83|0x000000070a600000, 0x000000070a600000, 0x000000070a800000|  0%| F|  |TAMS 0x000000070a600000, 0x000000070a600000| Untracked 
|  84|0x000000070a800000, 0x000000070a800000, 0x000000070aa00000|  0%| F|  |TAMS 0x000000070a800000, 0x000000070a800000| Untracked 
|  85|0x000000070aa00000, 0x000000070abbda70, 0x000000070ac00000| 87%| S|CS|TAMS 0x000000070aa00000, 0x000000070aa00000| Complete 
|  86|0x000000070ac00000, 0x000000070ae00000, 0x000000070ae00000|100%| S|CS|TAMS 0x000000070ac00000, 0x000000070ac00000| Complete 
|  87|0x000000070ae00000, 0x000000070ae00000, 0x000000070b000000|  0%| F|  |TAMS 0x000000070ae00000, 0x000000070ae00000| Untracked 
|  88|0x000000070b000000, 0x000000070b000000, 0x000000070b200000|  0%| F|  |TAMS 0x000000070b000000, 0x000000070b000000| Untracked 
|  89|0x000000070b200000, 0x000000070b200000, 0x000000070b400000|  0%| F|  |TAMS 0x000000070b200000, 0x000000070b200000| Untracked 
|  90|0x000000070b400000, 0x000000070b400000, 0x000000070b600000|  0%| F|  |TAMS 0x000000070b400000, 0x000000070b400000| Untracked 
|  91|0x000000070b600000, 0x000000070b600000, 0x000000070b800000|  0%| F|  |TAMS 0x000000070b600000, 0x000000070b600000| Untracked 
|  92|0x000000070b800000, 0x000000070b800000, 0x000000070ba00000|  0%| F|  |TAMS 0x000000070b800000, 0x000000070b800000| Untracked 
|  93|0x000000070ba00000, 0x000000070ba00000, 0x000000070bc00000|  0%| F|  |TAMS 0x000000070ba00000, 0x000000070ba00000| Untracked 
|  94|0x000000070bc00000, 0x000000070bc00000, 0x000000070be00000|  0%| F|  |TAMS 0x000000070bc00000, 0x000000070bc00000| Untracked 
|  95|0x000000070be00000, 0x000000070bfdf680, 0x000000070c000000| 93%| E|  |TAMS 0x000000070be00000, 0x000000070be00000| Complete 
|  96|0x000000070c000000, 0x000000070c200000, 0x000000070c200000|100%| E|  |TAMS 0x000000070c000000, 0x000000070c000000| Complete 
|  97|0x000000070c200000, 0x000000070c400000, 0x000000070c400000|100%| E|CS|TAMS 0x000000070c200000, 0x000000070c200000| Complete 
|  98|0x000000070c400000, 0x000000070c600000, 0x000000070c600000|100%| E|CS|TAMS 0x000000070c400000, 0x000000070c400000| Complete 
|  99|0x000000070c600000, 0x000000070c800000, 0x000000070c800000|100%| E|CS|TAMS 0x000000070c600000, 0x000000070c600000| Complete 
| 100|0x000000070c800000, 0x000000070ca00000, 0x000000070ca00000|100%| E|CS|TAMS 0x000000070c800000, 0x000000070c800000| Complete 
| 101|0x000000070ca00000, 0x000000070cc00000, 0x000000070cc00000|100%| E|CS|TAMS 0x000000070ca00000, 0x000000070ca00000| Complete 
| 102|0x000000070cc00000, 0x000000070ce00000, 0x000000070ce00000|100%| E|CS|TAMS 0x000000070cc00000, 0x000000070cc00000| Complete 
| 103|0x000000070ce00000, 0x000000070d000000, 0x000000070d000000|100%| E|CS|TAMS 0x000000070ce00000, 0x000000070ce00000| Complete 
| 104|0x000000070d000000, 0x000000070d200000, 0x000000070d200000|100%| E|CS|TAMS 0x000000070d000000, 0x000000070d000000| Complete 
| 105|0x000000070d200000, 0x000000070d400000, 0x000000070d400000|100%| E|CS|TAMS 0x000000070d200000, 0x000000070d200000| Complete 
| 106|0x000000070d400000, 0x000000070d600000, 0x000000070d600000|100%| E|CS|TAMS 0x000000070d400000, 0x000000070d400000| Complete 
| 107|0x000000070d600000, 0x000000070d800000, 0x000000070d800000|100%| E|CS|TAMS 0x000000070d600000, 0x000000070d600000| Complete 

Card table byte_map: [0x0000026779d40000,0x000002677a540000] _byte_map_base: 0x0000026776540000

Marking Bits (Prev, Next): (CMBitMap*) 0x00000267627a7840, (CMBitMap*) 0x00000267627a7880
 Prev Bits: [0x000002677ad40000, 0x000002677ed40000)
 Next Bits: [0x0000026700000000, 0x0000026704000000)

Polling page: 0x0000026761f00000

Metaspace:

Usage:
  Non-class:     86.70 MB used.
      Class:     14.00 MB used.
       Both:    100.70 MB used.

Virtual space:
  Non-class space:      128.00 MB reserved,      87.31 MB ( 68%) committed,  2 nodes.
      Class space:        1.00 GB reserved,      14.50 MB (  1%) committed,  1 nodes.
             Both:        1.12 GB reserved,     101.81 MB (  9%) committed. 

Chunk freelists:
   Non-Class:  8.55 MB
       Class:  1.53 MB
        Both:  10.09 MB

MaxMetaspaceSize: unlimited
CompressedClassSpaceSize: 1.00 GB
Initial GC threshold: 21.00 MB
Current GC threshold: 106.25 MB
CDS: on
MetaspaceReclaimPolicy: balanced
 - commit_granule_bytes: 65536.
 - commit_granule_words: 8192.
 - virtual_space_node_default_size: 8388608.
 - enlarge_chunks_in_place: 1.
 - new_chunks_are_fully_committed: 0.
 - uncommit_free_chunks: 1.
 - use_allocation_guard: 0.
 - handle_deallocations: 1.


Internal statistics:

num_allocs_failed_limit: 9.
num_arena_births: 1512.
num_arena_deaths: 0.
num_vsnodes_births: 3.
num_vsnodes_deaths: 0.
num_space_committed: 1629.
num_space_uncommitted: 0.
num_chunks_returned_to_freelist: 9.
num_chunks_taken_from_freelist: 6232.
num_chunk_merges: 9.
num_chunk_splits: 3963.
num_chunks_enlarged: 2445.
num_inconsistent_stats: 0.

CodeHeap 'non-profiled nmethods': size=120000Kb used=6945Kb max_used=7039Kb free=113054Kb
 bounds [0x0000026771ac0000, 0x00000267721b0000, 0x0000026778ff0000]
CodeHeap 'profiled nmethods': size=120000Kb used=24062Kb max_used=25260Kb free=95937Kb
 bounds [0x0000026769ff0000, 0x000002676b8a0000, 0x0000026771520000]
CodeHeap 'non-nmethods': size=5760Kb used=2427Kb max_used=2481Kb free=3332Kb
 bounds [0x0000026771520000, 0x00000267717a0000, 0x0000026771ac0000]
 total_blobs=13278 nmethods=12308 adapters=882
 compilation: enabled
              stopped_count=0, restarted_count=0
 full_count=0

Compilation events (20 events):
Event: 145.527 Thread 0x000002677f97c200 nmethod 15186 0x000002676ae85a90 code [0x000002676ae85c60, 0x000002676ae860b8]
Event: 145.527 Thread 0x000002677f97c200 15187       3       com.android.build.gradle.internal.api.DefaultAndroidSourceSet::getName (8 bytes)
Event: 145.527 Thread 0x000002677f97c200 nmethod 15187 0x000002676a5a7510 code [0x000002676a5a76a0, 0x000002676a5a77d8]
Event: 145.527 Thread 0x000002677f97c200 15178       3       jdk.internal.reflect.UnsafeObjectFieldAccessorImpl::get (17 bytes)
Event: 145.528 Thread 0x000002677f97c200 nmethod 15178 0x000002676a0aa610 code [0x000002676a0aa800, 0x000002676a0aae68]
Event: 145.530 Thread 0x00000267515dd510 nmethod 15182 0x0000026772076c10 code [0x0000026772076d80, 0x00000267720774b8]
Event: 145.530 Thread 0x00000267515dd510 15185       4       org.gradle.internal.operations.BuildOperationDescriptor::<init> (50 bytes)
Event: 145.535 Thread 0x00000267515dd510 nmethod 15185 0x0000026772076310 code [0x0000026772076480, 0x0000026772076b78]
Event: 145.535 Thread 0x00000267515dd510 15190       4       org.codehaus.groovy.runtime.metaclass.MetaMethodIndex::copyNonPrivateMethods (149 bytes)
Event: 145.540 Thread 0x00000267515dc520 nmethod 15180 0x0000026772074690 code [0x00000267720748a0, 0x00000267720759b8]
Event: 145.540 Thread 0x00000267515dc520 15192       4       java.util.stream.SpinedBuffer::accept (94 bytes)
Event: 145.542 Thread 0x00000267515dd510 nmethod 15190 0x0000026771bfa210 code [0x0000026771bfa3e0, 0x0000026771bfa930]
Event: 145.542 Thread 0x00000267515dd510 15188       4       java.util.stream.Nodes$SpinedNodeBuilder::accept (29 bytes)
Event: 145.547 Thread 0x00000267515dc520 nmethod 15192 0x0000026771bf9490 code [0x0000026771bf9660, 0x0000026771bf9eb8]
Event: 145.548 Thread 0x00000267515dc520 15183       4       org.gradle.internal.operations.OperationFinishEvent::<init> (27 bytes)
Event: 145.548 Thread 0x00000267515dd510 nmethod 15188 0x0000026771bf8710 code [0x0000026771bf88e0, 0x0000026771bf9118]
Event: 145.548 Thread 0x00000267515dd510 15189       4       groovy.lang.MetaClassImpl::addToAllMethodsIfPublic (22 bytes)
Event: 145.549 Thread 0x00000267515dc520 nmethod 15183 0x0000026771bf8310 code [0x0000026771bf8480, 0x0000026771bf86b8]
Event: 145.549 Thread 0x00000267515dc520 15191       4       org.codehaus.groovy.reflection.CachedClass$3$$Lambda$371/0x00000267073bda20::test (8 bytes)
Event: 145.553 Thread 0x00000267515dd510 nmethod 15189 0x0000026771bf7590 code [0x0000026771bf7740, 0x0000026771bf7ff8]

GC Heap History (20 events):
Event: 138.779 GC heap before
{Heap before GC invocations=42 (full 0):
 garbage-first heap   total 184320K, used 149533K [0x0000000700000000, 0x0000000800000000)
  region size 2048K, 20 young (40960K), 3 survivors (6144K)
 Metaspace       used 83961K, committed 84928K, reserved 1179648K
  class space    used 11590K, committed 12032K, reserved 1048576K
}
Event: 138.783 GC heap after
{Heap after GC invocations=43 (full 0):
 garbage-first heap   total 184320K, used 115920K [0x0000000700000000, 0x0000000800000000)
  region size 2048K, 2 young (4096K), 2 survivors (4096K)
 Metaspace       used 83961K, committed 84928K, reserved 1179648K
  class space    used 11590K, committed 12032K, reserved 1048576K
}
Event: 139.392 GC heap before
{Heap before GC invocations=43 (full 0):
 garbage-first heap   total 184320K, used 150736K [0x0000000700000000, 0x0000000800000000)
  region size 2048K, 19 young (38912K), 2 survivors (4096K)
 Metaspace       used 86697K, committed 87616K, reserved 1179648K
  class space    used 11901K, committed 12352K, reserved 1048576K
}
Event: 139.399 GC heap after
{Heap after GC invocations=44 (full 0):
 garbage-first heap   total 184320K, used 117728K [0x0000000700000000, 0x0000000800000000)
  region size 2048K, 3 young (6144K), 3 survivors (6144K)
 Metaspace       used 86697K, committed 87616K, reserved 1179648K
  class space    used 11901K, committed 12352K, reserved 1048576K
}
Event: 140.186 GC heap before
{Heap before GC invocations=44 (full 0):
 garbage-first heap   total 184320K, used 154592K [0x0000000700000000, 0x0000000800000000)
  region size 2048K, 19 young (38912K), 3 survivors (6144K)
 Metaspace       used 89089K, committed 89984K, reserved 1179648K
  class space    used 12238K, committed 12672K, reserved 1048576K
}
Event: 140.190 GC heap after
{Heap after GC invocations=45 (full 0):
 garbage-first heap   total 221184K, used 122777K [0x0000000700000000, 0x0000000800000000)
  region size 2048K, 2 young (4096K), 2 survivors (4096K)
 Metaspace       used 89089K, committed 89984K, reserved 1179648K
  class space    used 12238K, committed 12672K, reserved 1048576K
}
Event: 141.132 GC heap before
{Heap before GC invocations=45 (full 0):
 garbage-first heap   total 221184K, used 180121K [0x0000000700000000, 0x0000000800000000)
  region size 2048K, 30 young (61440K), 2 survivors (4096K)
 Metaspace       used 92088K, committed 93056K, reserved 1179648K
  class space    used 12677K, committed 13120K, reserved 1048576K
}
Event: 141.138 GC heap after
{Heap after GC invocations=46 (full 0):
 garbage-first heap   total 221184K, used 125514K [0x0000000700000000, 0x0000000800000000)
  region size 2048K, 3 young (6144K), 3 survivors (6144K)
 Metaspace       used 92088K, committed 93056K, reserved 1179648K
  class space    used 12677K, committed 13120K, reserved 1048576K
}
Event: 141.764 GC heap before
{Heap before GC invocations=46 (full 0):
 garbage-first heap   total 221184K, used 180810K [0x0000000700000000, 0x0000000800000000)
  region size 2048K, 30 young (61440K), 3 survivors (6144K)
 Metaspace       used 93199K, committed 94208K, reserved 1179648K
  class space    used 12827K, committed 13312K, reserved 1048576K
}
Event: 141.772 GC heap after
{Heap after GC invocations=47 (full 0):
 garbage-first heap   total 221184K, used 129277K [0x0000000700000000, 0x0000000800000000)
  region size 2048K, 4 young (8192K), 4 survivors (8192K)
 Metaspace       used 93199K, committed 94208K, reserved 1179648K
  class space    used 12827K, committed 13312K, reserved 1048576K
}
Event: 142.578 GC heap before
{Heap before GC invocations=47 (full 0):
 garbage-first heap   total 221184K, used 180477K [0x0000000700000000, 0x0000000800000000)
  region size 2048K, 30 young (61440K), 4 survivors (8192K)
 Metaspace       used 96427K, committed 97472K, reserved 1179648K
  class space    used 13338K, committed 13824K, reserved 1048576K
}
Event: 142.585 GC heap after
{Heap after GC invocations=48 (full 0):
 garbage-first heap   total 221184K, used 130941K [0x0000000700000000, 0x0000000800000000)
  region size 2048K, 3 young (6144K), 3 survivors (6144K)
 Metaspace       used 96427K, committed 97472K, reserved 1179648K
  class space    used 13338K, committed 13824K, reserved 1048576K
}
Event: 143.524 GC heap before
{Heap before GC invocations=48 (full 0):
 garbage-first heap   total 221184K, used 184189K [0x0000000700000000, 0x0000000800000000)
  region size 2048K, 29 young (59392K), 3 survivors (6144K)
 Metaspace       used 99916K, committed 100992K, reserved 1179648K
  class space    used 13914K, committed 14400K, reserved 1048576K
}
Event: 143.531 GC heap after
{Heap after GC invocations=49 (full 0):
 garbage-first heap   total 221184K, used 133215K [0x0000000700000000, 0x0000000800000000)
  region size 2048K, 2 young (4096K), 2 survivors (4096K)
 Metaspace       used 99916K, committed 100992K, reserved 1179648K
  class space    used 13914K, committed 14400K, reserved 1048576K
}
Event: 144.355 GC heap before
{Heap before GC invocations=49 (full 0):
 garbage-first heap   total 221184K, used 186463K [0x0000000700000000, 0x0000000800000000)
  region size 2048K, 28 young (57344K), 2 survivors (4096K)
 Metaspace       used 101974K, committed 103040K, reserved 1179648K
  class space    used 14200K, committed 14720K, reserved 1048576K
}
Event: 144.363 GC heap after
{Heap after GC invocations=50 (full 0):
 garbage-first heap   total 221184K, used 137305K [0x0000000700000000, 0x0000000800000000)
  region size 2048K, 4 young (8192K), 4 survivors (8192K)
 Metaspace       used 101974K, committed 103040K, reserved 1179648K
  class space    used 14200K, committed 14720K, reserved 1048576K
}
Event: 145.206 GC heap before
{Heap before GC invocations=50 (full 0):
 garbage-first heap   total 221184K, used 184409K [0x0000000700000000, 0x0000000800000000)
  region size 2048K, 28 young (57344K), 4 survivors (8192K)
 Metaspace       used 102688K, committed 103744K, reserved 1179648K
  class space    used 14281K, committed 14784K, reserved 1048576K
}
Event: 145.220 GC heap after
{Heap after GC invocations=51 (full 0):
 garbage-first heap   total 221184K, used 142189K [0x0000000700000000, 0x0000000800000000)
  region size 2048K, 3 young (6144K), 3 survivors (6144K)
 Metaspace       used 102688K, committed 103744K, reserved 1179648K
  class space    used 14281K, committed 14784K, reserved 1048576K
}
Event: 145.343 GC heap before
{Heap before GC invocations=51 (full 0):
 garbage-first heap   total 221184K, used 183149K [0x0000000700000000, 0x0000000800000000)
  region size 2048K, 24 young (49152K), 3 survivors (6144K)
 Metaspace       used 102688K, committed 103744K, reserved 1179648K
  class space    used 14281K, committed 14784K, reserved 1048576K
}
Event: 145.349 GC heap after
{Heap after GC invocations=52 (full 0):
 garbage-first heap   total 221184K, used 143552K [0x0000000700000000, 0x0000000800000000)
  region size 2048K, 2 young (4096K), 2 survivors (4096K)
 Metaspace       used 102688K, committed 103744K, reserved 1179648K
  class space    used 14281K, committed 14784K, reserved 1048576K
}

Deoptimization events (20 events):
Event: 145.360 Thread 0x000002674ddba1d0 DEOPT PACKING pc=0x000002676a3d03f0 sp=0x000000bf874fd1d0
Event: 145.361 Thread 0x000002674ddba1d0 DEOPT UNPACKING pc=0x0000026771572b43 sp=0x000000bf874fc6d8 mode 0
Event: 145.383 Thread 0x000002674ddb97b0 Uncommon trap: trap_request=0xffffffd6 fr.pc=0x0000026771f0f7c0 relative=0x00000000000026c0
Event: 145.383 Thread 0x000002674ddb97b0 Uncommon trap: reason=array_check action=maybe_recompile pc=0x0000026771f0f7c0 method=java.util.TimSort.reverseRange([Ljava/lang/Object;II)V @ 20 c2
Event: 145.383 Thread 0x000002674ddb97b0 DEOPT PACKING pc=0x0000026771f0f7c0 sp=0x000000bf872fdb40
Event: 145.383 Thread 0x000002674ddb97b0 DEOPT UNPACKING pc=0x00000267715723a3 sp=0x000000bf872fda08 mode 2
Event: 145.387 Thread 0x000002674ddba1d0 Uncommon trap: trap_request=0xffffffd6 fr.pc=0x0000026771f0f7c0 relative=0x00000000000026c0
Event: 145.387 Thread 0x000002674ddbe8b0 Uncommon trap: trap_request=0xffffffd6 fr.pc=0x0000026771f0f7c0 relative=0x00000000000026c0
Event: 145.387 Thread 0x000002674ddba1d0 Uncommon trap: reason=array_check action=maybe_recompile pc=0x0000026771f0f7c0 method=java.util.TimSort.reverseRange([Ljava/lang/Object;II)V @ 20 c2
Event: 145.387 Thread 0x000002674ddbe8b0 Uncommon trap: reason=array_check action=maybe_recompile pc=0x0000026771f0f7c0 method=java.util.TimSort.reverseRange([Ljava/lang/Object;II)V @ 20 c2
Event: 145.387 Thread 0x000002674ddba1d0 DEOPT PACKING pc=0x0000026771f0f7c0 sp=0x000000bf874fd590
Event: 145.387 Thread 0x000002674ddbe8b0 DEOPT PACKING pc=0x0000026771f0f7c0 sp=0x000000bf86ffd920
Event: 145.387 Thread 0x000002674ddba1d0 DEOPT UNPACKING pc=0x00000267715723a3 sp=0x000000bf874fd458 mode 2
Event: 145.387 Thread 0x000002674ddbe8b0 DEOPT UNPACKING pc=0x00000267715723a3 sp=0x000000bf86ffd7e8 mode 2
Event: 145.408 Thread 0x000002674f847cd0 Uncommon trap: trap_request=0xffffff76 fr.pc=0x0000026771f0f6bc relative=0x00000000000025bc
Event: 145.408 Thread 0x000002674f847cd0 Uncommon trap: reason=predicate action=maybe_recompile pc=0x0000026771f0f6bc method=java.util.TimSort.binarySort([Ljava/lang/Object;IIILjava/util/Comparator;)V @ 34 c2
Event: 145.408 Thread 0x000002674f847cd0 DEOPT PACKING pc=0x0000026771f0f6bc sp=0x000000bf81ff90c0
Event: 145.408 Thread 0x000002674f847cd0 DEOPT UNPACKING pc=0x00000267715723a3 sp=0x000000bf81ff8fe8 mode 2
Event: 145.465 Thread 0x000002674f847cd0 DEOPT PACKING pc=0x000002676b20dbdc sp=0x000000bf81ff76f0
Event: 145.465 Thread 0x000002674f847cd0 DEOPT UNPACKING pc=0x0000026771572b43 sp=0x000000bf81ff6c10 mode 0

Classes unloaded (0 events):
No events

Classes redefined (0 events):
No events

Internal exceptions (20 events):
Event: 144.114 Thread 0x000002674f847cd0 Exception <a 'java/lang/ClassNotFoundException'{0x000000070acecca8}: org/gradle/api/DefaultTask_DecoratedBeanInfo> (0x000000070acecca8) 
thrown [s\open\src\hotspot\share\classfile\systemDictionary.cpp, line 256]
Event: 144.115 Thread 0x000002674f847cd0 Exception <a 'java/lang/ClassNotFoundException'{0x000000070ad0b7c8}: org/gradle/api/DefaultTask_DecoratedCustomizer> (0x000000070ad0b7c8) 
thrown [s\open\src\hotspot\share\classfile\systemDictionary.cpp, line 256]
Event: 144.585 Thread 0x000002674f847cd0 Exception <a 'java/lang/ClassNotFoundException'{0x000000070d3f8570}: com/android/build/gradle/internal/lint/AndroidLintAnalysisTask_DecoratedBeanInfo> (0x000000070d3f8570) 
thrown [s\open\src\hotspot\share\classfile\systemDictionary.cpp, line 256]
Event: 144.586 Thread 0x000002674f847cd0 Exception <a 'java/lang/ClassNotFoundException'{0x000000070d00d370}: com/android/build/gradle/internal/lint/AndroidLintAnalysisTaskBeanInfo> (0x000000070d00d370) 
thrown [s\open\src\hotspot\share\classfile\systemDictionary.cpp, line 256]
Event: 144.587 Thread 0x000002674f847cd0 Exception <a 'java/lang/ClassNotFoundException'{0x000000070d021bf8}: com/android/build/gradle/internal/tasks/NonIncrementalTaskBeanInfo> (0x000000070d021bf8) 
thrown [s\open\src\hotspot\share\classfile\systemDictionary.cpp, line 256]
Event: 144.588 Thread 0x000002674f847cd0 Exception <a 'java/lang/ClassNotFoundException'{0x000000070d036488}: com/android/build/gradle/internal/tasks/AndroidVariantTaskBeanInfo> (0x000000070d036488) 
thrown [s\open\src\hotspot\share\classfile\systemDictionary.cpp, line 256]
Event: 144.588 Thread 0x000002674f847cd0 Exception <a 'java/lang/ClassNotFoundException'{0x000000070d04ab30}: com/android/build/gradle/internal/tasks/BaseTaskBeanInfo> (0x000000070d04ab30) 
thrown [s\open\src\hotspot\share\classfile\systemDictionary.cpp, line 256]
Event: 144.589 Thread 0x000002674f847cd0 Exception <a 'java/lang/ClassNotFoundException'{0x000000070d05f1f0}: com/android/build/gradle/internal/tasks/BaseTaskCustomizer> (0x000000070d05f1f0) 
thrown [s\open\src\hotspot\share\classfile\systemDictionary.cpp, line 256]
Event: 144.591 Thread 0x000002674f847cd0 Exception <a 'java/lang/ClassNotFoundException'{0x000000070d083048}: com/android/build/gradle/internal/tasks/AndroidVariantTaskCustomizer> (0x000000070d083048) 
thrown [s\open\src\hotspot\share\classfile\systemDictionary.cpp, line 256]
Event: 144.592 Thread 0x000002674f847cd0 Exception <a 'java/lang/ClassNotFoundException'{0x000000070d0a68c0}: com/android/build/gradle/internal/tasks/NonIncrementalTaskCustomizer> (0x000000070d0a68c0) 
thrown [s\open\src\hotspot\share\classfile\systemDictionary.cpp, line 256]
Event: 144.593 Thread 0x000002674f847cd0 Exception <a 'java/lang/ClassNotFoundException'{0x000000070d0c8eb0}: com/android/build/gradle/internal/lint/AndroidLintAnalysisTaskCustomizer> (0x000000070d0c8eb0) 
thrown [s\open\src\hotspot\share\classfile\systemDictionary.cpp, line 256]
Event: 144.595 Thread 0x000002674f847cd0 Exception <a 'java/lang/ClassNotFoundException'{0x000000070d107d10}: com/android/build/gradle/internal/lint/AndroidLintAnalysisTask_DecoratedCustomizer> (0x000000070d107d10) 
thrown [s\open\src\hotspot\share\classfile\systemDictionary.cpp, line 256]
Event: 144.624 Thread 0x000002674f847cd0 Exception <a 'java/lang/ClassNotFoundException'{0x000000070cefd410}: com/android/build/gradle/internal/lint/LintModelWriterTask_DecoratedBeanInfo> (0x000000070cefd410) 
thrown [s\open\src\hotspot\share\classfile\systemDictionary.cpp, line 256]
Event: 144.625 Thread 0x000002674f847cd0 Exception <a 'java/lang/ClassNotFoundException'{0x000000070cf11ca0}: com/android/build/gradle/internal/lint/LintModelWriterTaskBeanInfo> (0x000000070cf11ca0) 
thrown [s\open\src\hotspot\share\classfile\systemDictionary.cpp, line 256]
Event: 144.625 Thread 0x000002674f847cd0 Exception <a 'java/lang/ClassNotFoundException'{0x000000070cf26520}: com/android/build/gradle/internal/lint/LintModelWriterTaskCustomizer> (0x000000070cf26520) 
thrown [s\open\src\hotspot\share\classfile\systemDictionary.cpp, line 256]
Event: 144.627 Thread 0x000002674f847cd0 Exception <a 'java/lang/ClassNotFoundException'{0x000000070cf51820}: com/android/build/gradle/internal/lint/LintModelWriterTask_DecoratedCustomizer> (0x000000070cf51820) 
thrown [s\open\src\hotspot\share\classfile\systemDictionary.cpp, line 256]
Event: 144.748 Thread 0x000002674f847cd0 Exception <a 'java/lang/ClassNotFoundException'{0x000000070caa2a78}: build_ehbr5iorddsdwysu0z2m7lc0pBeanInfo> (0x000000070caa2a78) 
thrown [s\open\src\hotspot\share\classfile\systemDictionary.cpp, line 256]
Event: 144.749 Thread 0x000002674f847cd0 Exception <a 'java/lang/ClassNotFoundException'{0x000000070caaa008}: build_ehbr5iorddsdwysu0z2m7lc0pCustomizer> (0x000000070caaa008) 
thrown [s\open\src\hotspot\share\classfile\systemDictionary.cpp, line 256]
Event: 145.426 Thread 0x000002674f847cd0 Exception <a 'java/lang/ClassNotFoundException'{0x000000070c9da470}: build_ehbr5iorddsdwysu0z2m7lc0pBeanInfo> (0x000000070c9da470) 
thrown [s\open\src\hotspot\share\classfile\systemDictionary.cpp, line 256]
Event: 145.426 Thread 0x000002674f847cd0 Exception <a 'java/lang/ClassNotFoundException'{0x000000070c9e1998}: build_ehbr5iorddsdwysu0z2m7lc0pCustomizer> (0x000000070c9e1998) 
thrown [s\open\src\hotspot\share\classfile\systemDictionary.cpp, line 256]

VM Operations (20 events):
Event: 143.798 Executing VM operation: HandshakeAllThreads
Event: 143.799 Executing VM operation: HandshakeAllThreads done
Event: 144.068 Executing VM operation: ICBufferFull
Event: 144.069 Executing VM operation: ICBufferFull done
Event: 144.178 Executing VM operation: HandshakeAllThreads
Event: 144.178 Executing VM operation: HandshakeAllThreads done
Event: 144.209 Executing VM operation: HandshakeAllThreads
Event: 144.209 Executing VM operation: HandshakeAllThreads done
Event: 144.355 Executing VM operation: G1CollectForAllocation
Event: 144.363 Executing VM operation: G1CollectForAllocation done
Event: 144.540 Executing VM operation: HandshakeAllThreads
Event: 144.541 Executing VM operation: HandshakeAllThreads done
Event: 144.681 Executing VM operation: HandshakeAllThreads
Event: 144.681 Executing VM operation: HandshakeAllThreads done
Event: 145.061 Executing VM operation: ICBufferFull
Event: 145.061 Executing VM operation: ICBufferFull done
Event: 145.206 Executing VM operation: G1CollectForAllocation
Event: 145.220 Executing VM operation: G1CollectForAllocation done
Event: 145.343 Executing VM operation: G1CollectForAllocation
Event: 145.349 Executing VM operation: G1CollectForAllocation done

Events (20 events):
Event: 144.229 Thread 0x000002677f97f860 flushing nmethod 0x000002676b52b390
Event: 144.229 Thread 0x000002677f97f860 flushing nmethod 0x000002676b544110
Event: 144.229 Thread 0x000002677f97f860 flushing nmethod 0x000002676b548110
Event: 144.229 Thread 0x000002677f97f860 flushing nmethod 0x000002676b553990
Event: 144.229 Thread 0x000002677f97f860 flushing nmethod 0x000002676b554110
Event: 144.230 Thread 0x000002677f97f860 flushing nmethod 0x000002676b5ee890
Event: 144.230 Thread 0x000002677f97f860 flushing nmethod 0x000002676b5f8f90
Event: 144.230 Thread 0x000002677f97f860 flushing nmethod 0x000002676b611710
Event: 144.230 Thread 0x000002677f97f860 flushing nmethod 0x000002676b71d510
Event: 144.230 Thread 0x000002677f97f860 flushing nmethod 0x000002676b748f10
Event: 144.230 Thread 0x000002677f97f860 flushing nmethod 0x000002676b768b10
Event: 144.230 Thread 0x000002677f97f860 flushing nmethod 0x000002676b76ed90
Event: 144.230 Thread 0x000002677f97f860 flushing nmethod 0x000002676b76fa10
Event: 144.231 Thread 0x000002677f97f860 flushing nmethod 0x000002676b789410
Event: 144.537 loading class java/io/NotSerializableException
Event: 144.538 loading class java/io/NotSerializableException done
Event: 144.591 Thread 0x00000267515dd510 Thread added: 0x00000267515dd510
Event: 144.591 Thread 0x00000267515dc520 Thread added: 0x00000267515dc520
Event: 144.739 Thread 0x000002674d56f320 Thread added: 0x000002674d56f320
Event: 145.417 Thread 0x000002674d56e3f0 Thread added: 0x000002674d56e3f0


Dynamic libraries:
0x00007ff6b45e0000 - 0x00007ff6b45f0000 	C:\Program Files\Java\jdk-17\bin\java.exe
0x00007fffe0630000 - 0x00007fffe0848000 	C:\WINDOWS\SYSTEM32\ntdll.dll
0x00007fffdfd90000 - 0x00007fffdfe54000 	C:\WINDOWS\System32\KERNEL32.DLL
0x00007fffdd7e0000 - 0x00007fffddbb3000 	C:\WINDOWS\System32\KERNELBASE.dll
0x00007fffddbc0000 - 0x00007fffddcd1000 	C:\WINDOWS\System32\ucrtbase.dll
0x00007fffca7a0000 - 0x00007fffca7b9000 	C:\Program Files\Java\jdk-17\bin\jli.dll
0x00007fffd7e60000 - 0x00007fffd7e7b000 	C:\Program Files\Java\jdk-17\bin\VCRUNTIME140.dll
0x00007fffe0130000 - 0x00007fffe01e1000 	C:\WINDOWS\System32\ADVAPI32.dll
0x00007fffe0210000 - 0x00007fffe02b7000 	C:\WINDOWS\System32\msvcrt.dll
0x00007fffe0480000 - 0x00007fffe0528000 	C:\WINDOWS\System32\sechost.dll
0x00007fffdde90000 - 0x00007fffddeb8000 	C:\WINDOWS\System32\bcrypt.dll
0x00007fffde770000 - 0x00007fffde888000 	C:\WINDOWS\System32\RPCRT4.dll
0x00007fffe02c0000 - 0x00007fffe0472000 	C:\WINDOWS\System32\USER32.dll
0x00007fffdd7b0000 - 0x00007fffdd7d6000 	C:\WINDOWS\System32\win32u.dll
0x00007fffccaa0000 - 0x00007fffccd3c000 	C:\WINDOWS\WinSxS\amd64_microsoft.windows.common-controls_6595b64144ccf1df_6.0.22621.6060_none_2712eda17382d24b\COMCTL32.dll
0x00007fffde6f0000 - 0x00007fffde719000 	C:\WINDOWS\System32\GDI32.dll
0x00007fffddd60000 - 0x00007fffdde83000 	C:\WINDOWS\System32\gdi32full.dll
0x00007fffde230000 - 0x00007fffde2ca000 	C:\WINDOWS\System32\msvcp_win.dll
0x00007fffd5480000 - 0x00007fffd548a000 	C:\WINDOWS\SYSTEM32\VERSION.dll
0x00007fffde730000 - 0x00007fffde761000 	C:\WINDOWS\System32\IMM32.DLL
0x00007fffd8a40000 - 0x00007fffd8a4c000 	C:\Program Files\Java\jdk-17\bin\vcruntime140_1.dll
0x00007fffa2c60000 - 0x00007fffa2cee000 	C:\Program Files\Java\jdk-17\bin\msvcp140.dll
0x00007fff64190000 - 0x00007fff64d70000 	C:\Program Files\Java\jdk-17\bin\server\jvm.dll
0x00007fffde720000 - 0x00007fffde728000 	C:\WINDOWS\System32\PSAPI.DLL
0x00007fffbfe50000 - 0x00007fffbfe59000 	C:\WINDOWS\SYSTEM32\WSOCK32.dll
0x00007fffd7c10000 - 0x00007fffd7c44000 	C:\WINDOWS\SYSTEM32\WINMM.dll
0x00007fffdf890000 - 0x00007fffdf901000 	C:\WINDOWS\System32\WS2_32.dll
0x00007fffdc620000 - 0x00007fffdc638000 	C:\WINDOWS\SYSTEM32\kernel.appcore.dll
0x00007fffcd250000 - 0x00007fffcd25a000 	C:\Program Files\Java\jdk-17\bin\jimage.dll
0x00007fffdb190000 - 0x00007fffdb3c3000 	C:\WINDOWS\SYSTEM32\DBGHELP.DLL
0x00007fffde350000 - 0x00007fffde6e2000 	C:\WINDOWS\System32\combase.dll
0x00007fffdf290000 - 0x00007fffdf368000 	C:\WINDOWS\System32\OLEAUT32.dll
0x00007fffcb130000 - 0x00007fffcb162000 	C:\WINDOWS\SYSTEM32\dbgcore.DLL
0x00007fffdd730000 - 0x00007fffdd7ab000 	C:\WINDOWS\System32\bcryptPrimitives.dll
0x00007fffcac20000 - 0x00007fffcac2e000 	C:\Program Files\Java\jdk-17\bin\instrument.dll
0x00007fffb3010000 - 0x00007fffb3035000 	C:\Program Files\Java\jdk-17\bin\java.dll
0x00007fff9bd30000 - 0x00007fff9be07000 	C:\Program Files\Java\jdk-17\bin\jsvml.dll
0x00007fffde890000 - 0x00007fffdf12e000 	C:\WINDOWS\System32\SHELL32.dll
0x00007fffddec0000 - 0x00007fffddfff000 	C:\WINDOWS\System32\wintypes.dll
0x00007fffdb5c0000 - 0x00007fffdbed8000 	C:\WINDOWS\SYSTEM32\windows.storage.dll
0x00007fffdf3e0000 - 0x00007fffdf4e4000 	C:\WINDOWS\System32\SHCORE.dll
0x00007fffdf4f0000 - 0x00007fffdf559000 	C:\WINDOWS\System32\shlwapi.dll
0x00007fffdd660000 - 0x00007fffdd685000 	C:\WINDOWS\SYSTEM32\profapi.dll
0x00007fffb3f90000 - 0x00007fffb3fa8000 	C:\Program Files\Java\jdk-17\bin\zip.dll
0x00007fffb8ca0000 - 0x00007fffb8cb9000 	C:\Program Files\Java\jdk-17\bin\net.dll
0x00007fffd87e0000 - 0x00007fffd890c000 	C:\WINDOWS\SYSTEM32\WINHTTP.dll
0x00007fffdcb80000 - 0x00007fffdcbe9000 	C:\WINDOWS\system32\mswsock.dll
0x00007fffb5a70000 - 0x00007fffb5a86000 	C:\Program Files\Java\jdk-17\bin\nio.dll
0x00007fffcac70000 - 0x00007fffcac80000 	C:\Program Files\Java\jdk-17\bin\verify.dll
0x00007fff7cc10000 - 0x00007fff7cc37000 	C:\Users\rickb\.gradle\native\1def1411415f61bf3af743bc5b6707747c0891f09f0c88961ee8f79bc544acac\windows-amd64\native-platform.dll
0x00007fff73a40000 - 0x00007fff73ab8000 	C:\Users\rickb\.gradle\native\0.2.7\x86_64-windows-gnu\gradle-fileevents.dll
0x00007fffcd150000 - 0x00007fffcd15a000 	C:\Program Files\Java\jdk-17\bin\management.dll
0x00007fffc9d90000 - 0x00007fffc9d9b000 	C:\Program Files\Java\jdk-17\bin\management_ext.dll
0x00007fffdc140000 - 0x00007fffdc16d000 	C:\WINDOWS\SYSTEM32\IPHLPAPI.DLL
0x00007fffdf370000 - 0x00007fffdf379000 	C:\WINDOWS\System32\NSI.dll
0x00007fffd8f70000 - 0x00007fffd8f89000 	C:\WINDOWS\SYSTEM32\dhcpcsvc6.DLL
0x00007fffd8e40000 - 0x00007fffd8e5f000 	C:\WINDOWS\SYSTEM32\dhcpcsvc.DLL
0x00007fffdc1b0000 - 0x00007fffdc2a8000 	C:\WINDOWS\SYSTEM32\DNSAPI.dll
0x00007fffdcdd0000 - 0x00007fffdcdeb000 	C:\WINDOWS\SYSTEM32\CRYPTSP.dll
0x00007fffdc640000 - 0x00007fffdc677000 	C:\WINDOWS\system32\rsaenh.dll
0x00007fffdcc20000 - 0x00007fffdcc48000 	C:\WINDOWS\SYSTEM32\USERENV.dll
0x00007fffdcd90000 - 0x00007fffdcd9c000 	C:\WINDOWS\SYSTEM32\CRYPTBASE.dll
0x00007fffd8c30000 - 0x00007fffd8c3e000 	C:\Program Files\Java\jdk-17\bin\sunmscapi.dll
0x00007fffde000000 - 0x00007fffde168000 	C:\WINDOWS\System32\CRYPT32.dll
0x00007fffdcff0000 - 0x00007fffdd01e000 	C:\WINDOWS\SYSTEM32\ncrypt.dll
0x00007fffdcfb0000 - 0x00007fffdcfe7000 	C:\WINDOWS\SYSTEM32\NTASN1.dll
0x00007fffc8df0000 - 0x00007fffc8df8000 	C:\WINDOWS\system32\wshunix.dll

dbghelp: loaded successfully - version: 4.0.5 - missing functions: none
symbol engine: initialized successfully - sym options: 0x614 - pdb path: .;C:\Program Files\Java\jdk-17\bin;C:\WINDOWS\SYSTEM32;C:\WINDOWS\WinSxS\amd64_microsoft.windows.common-controls_6595b64144ccf1df_6.0.22621.6060_none_2712eda17382d24b;C:\Program Files\Java\jdk-17\bin\server;C:\Users\rickb\.gradle\native\1def1411415f61bf3af743bc5b6707747c0891f09f0c88961ee8f79bc544acac\windows-amd64;C:\Users\rickb\.gradle\native\0.2.7\x86_64-windows-gnu

VM Arguments:
jvm_args: --add-opens=java.base/java.lang=ALL-UNNAMED --add-opens=java.base/java.lang.invoke=ALL-UNNAMED --add-opens=java.base/java.util=ALL-UNNAMED --add-opens=java.prefs/java.util.prefs=ALL-UNNAMED --add-exports=jdk.compiler/com.sun.tools.javac.api=ALL-UNNAMED --add-exports=jdk.compiler/com.sun.tools.javac.util=ALL-UNNAMED --add-opens=java.base/java.util=ALL-UNNAMED --add-opens=java.prefs/java.util.prefs=ALL-UNNAMED --add-opens=java.base/java.nio.charset=ALL-UNNAMED --add-opens=java.base/java.net=ALL-UNNAMED --add-opens=java.base/java.util.concurrent.atomic=ALL-UNNAMED --add-opens=java.xml/javax.xml.namespace=ALL-UNNAMED -XX:+HeapDumpOnOutOfMemoryError -Xmx4096m -Dfile.encoding=UTF-8 -Duser.country=IN -Duser.language=en -Duser.variant -javaagent:C:\Users\rickb\.gradle\wrapper\dists\gradle-8.14.1-bin\baw1sv0jfoi8rxs14qo3h49cs\gradle-8.14.1\lib\agents\gradle-instrumentation-agent-8.14.1.jar 
java_command: org.gradle.launcher.daemon.bootstrap.GradleDaemon 8.14.1
java_class_path (initial): C:\Users\rickb\.gradle\wrapper\dists\gradle-8.14.1-bin\baw1sv0jfoi8rxs14qo3h49cs\gradle-8.14.1\lib\gradle-daemon-main-8.14.1.jar
Launcher Type: SUN_STANDARD

[Global flags]
     intx CICompilerCount                          = 4                                         {product} {ergonomic}
     uint ConcGCThreads                            = 3                                         {product} {ergonomic}
     uint G1ConcRefinementThreads                  = 10                                        {product} {ergonomic}
   size_t G1HeapRegionSize                         = 2097152                                   {product} {ergonomic}
    uintx GCDrainStackTargetSize                   = 64                                        {product} {ergonomic}
     bool HeapDumpOnOutOfMemoryError               = true                                   {manageable} {command line}
   size_t InitialHeapSize                          = 98566144                                  {product} {ergonomic}
   size_t MarkStackSize                            = 4194304                                   {product} {ergonomic}
   size_t MaxHeapSize                              = 4294967296                                {product} {command line}
   size_t MaxNewSize                               = 2575302656                                {product} {ergonomic}
   size_t MinHeapDeltaBytes                        = 2097152                                   {product} {ergonomic}
   size_t MinHeapSize                              = 8388608                                   {product} {ergonomic}
    uintx NonNMethodCodeHeapSize                   = 5839372                                {pd product} {ergonomic}
    uintx NonProfiledCodeHeapSize                  = 122909434                              {pd product} {ergonomic}
    uintx ProfiledCodeHeapSize                     = 122909434                              {pd product} {ergonomic}
    uintx ReservedCodeCacheSize                    = 251658240                              {pd product} {ergonomic}
     bool SegmentedCodeCache                       = true                                      {product} {ergonomic}
   size_t SoftMaxHeapSize                          = 4294967296                             {manageable} {ergonomic}
     bool UseCompressedClassPointers               = true                           {product lp64_product} {ergonomic}
     bool UseCompressedOops                        = true                           {product lp64_product} {ergonomic}
     bool UseG1GC                                  = true                                      {product} {ergonomic}
     bool UseLargePagesIndividualAllocation        = false                                  {pd product} {ergonomic}

Logging:
Log output configuration:
 #0: stdout all=warning uptime,level,tags
 #1: stderr all=off uptime,level,tags

Environment Variables:
JAVA_HOME=C:\Program Files\Java\jdk-17
PATH=E:\App\TempApp\Cffappfrontend-1\node_modules\.bin;E:\App\TempApp\Cffappfrontend-1\node_modules\.bin;E:\App\TempApp\node_modules\.bin;E:\App\node_modules\.bin;E:\node_modules\.bin;C:\Users\rickb\AppData\Roaming\npm\node_modules\npm\node_modules\@npmcli\run-script\lib\node-gyp-bin;C:\Program Files\Common Files\Oracle\Java\javapath;C:\Program Files\Python310\Scripts\;C:\Program Files\Python310\;C:\Windows\system32;C:\Windows;C:\Windows\System32\Wbem;C:\Windows\System32\WindowsPowerShell\v1.0\;C:\Windows\System32\OpenSSH\;C:\Program Files (x86)\NVIDIA Corporation\PhysX\Common;C:\Program Files\Java\jdk-17\bin;C:\WINDOWS\system32;C:\WINDOWS;C:\WINDOWS\System32\Wbem;C:\WINDOWS\System32\WindowsPowerShell\v1.0\;C:\WINDOWS\System32\OpenSSH\;C:\Program Files\MySQL\MySQL Server 8.0\bin;C:\Program Files\nodejs\;C:\Program Files\Git\cmd;C:\Users\rickb\AppData\Local\Android\Sdk\platform-tools;C:\Users\rickb\AppData\Local\Android\Sdk\tools;C:\Users\rickb\AppData\Local\Android\Sdk\platform-tools;C:\Users\rickb\AppData\Local\Android\Sdk\tools;C:\Users\rickb\AppData\Local\Android\Sdk\platform-tools;C:\Users\rickb\AppData\Local\Android\Sdk\tools;C:\Program Files\MySQL\MySQL Shell 8.0\bin\;C:\Users\rickb\AppData\Local\Programs\Python\Launcher\;C:\Users\rickb\AppData\Local\Microsoft\WindowsApps;C:\Users\rickb\AppData\Roaming\Python\Python310\Scripts;C:\Users\rickb\AppData\Local\Programs\Microsoft VS Code\bin;C:\Users\rickb\AppData\Roaming\npm;C:\Users\rickb\AppData\Local\GitHubDesktop\bin
USERNAME=rickb
OS=Windows_NT
PROCESSOR_IDENTIFIER=AMD64 Family 25 Model 80 Stepping 0, AuthenticAMD



---------------  S Y S T E M  ---------------

OS:
 Windows 11 , 64 bit Build 22621 (10.0.22621.5415)
OS uptime: 1 days 22:19 hours
Hyper-V role detected

CPU: total 12 (initial active 12) (12 cores per cpu, 2 threads per core) family 25 model 80 stepping 0 microcode 0x0, cx8, cmov, fxsr, ht, mmx, 3dnowpref, sse, sse2, sse3, ssse3, sse4a, sse4.1, sse4.2, popcnt, lzcnt, tsc, tscinvbit, avx, avx2, aes, erms, clmul, bmi1, bmi2, adx, sha, fma, vzeroupper, clflush, clflushopt, hv

Memory: 4k page, system-wide physical 5996M (576M free)
TotalPageFile size 24428M (AvailPageFile size 5M)
current process WorkingSet (physical memory assigned to process): 387M, peak: 387M
current process commit charge ("private bytes"): 567M, peak: 570M

vm_info: Java HotSpot(TM) 64-Bit Server VM (17.0.12+8-LTS-286) for windows-amd64 JRE (17.0.12+8-LTS-286), built on Jun  5 2024 06:46:59 by "mach5one" with MS VC++ 17.6 (VS2022)

END.
