#
# There is insufficient memory for the Java Runtime Environment to continue.
# Native memory allocation (mmap) failed to map 67108864 bytes for G1 virtual space
# Possible reasons:
#   The system is out of physical RAM or swap space
#   The process is running with CompressedOops enabled, and the Java Heap may be blocking the growth of the native heap
# Possible solutions:
#   Reduce memory load on the system
#   Increase physical memory or swap space
#   Check if swap backing store is full
#   Decrease Java heap size (-Xmx/-Xms)
#   Decrease number of Java threads
#   Decrease Java thread stack sizes (-Xss)
#   Set larger code cache with -XX:ReservedCodeCacheSize=
#   JVM is running with Unscaled Compressed Oops mode in which the Java heap is
#     placed in the first 4GB address space. The Java Heap base address is the
#     maximum limit for the native heap growth. Please use -XX:HeapBaseMinAddress
#     to set the Java Heap base and to place the Java Heap above 4GB virtual address.
# This output file may be truncated or incomplete.
#
#  Out of Memory Error (os_windows.cpp:3548), pid=19304, tid=4152
#
# JRE version:  (17.0.12+8) (build )
# Java VM: Java HotSpot(TM) 64-Bit Server VM (17.0.12+8-LTS-286, mixed mode, sharing, tiered, compressed oops, compressed class ptrs, g1 gc, windows-amd64)
# No core dump will be written. Minidumps are not enabled by default on client versions of Windows
#

---------------  S U M M A R Y ------------

Command Line: -Xmx64m -Xms64m -Dorg.gradle.appname=gradlew E:\App\deliveryapp\Cffappfrontend-1\android\\gradle\wrapper\gradle-wrapper.jar bundleRelease

Host: AMD Ryzen 5 5600H with Radeon Graphics         , 12 cores, 5G,  Windows 11 , 64 bit Build 22621 (10.0.22621.5415)
Time: Thu Sep 25 16:59:17 2025 India Standard Time elapsed time: 0.025330 seconds (0d 0h 0m 0s)

---------------  T H R E A D  ---------------

Current thread (0x000002b467ba1430):  JavaThread "Unknown thread" [_thread_in_vm, id=4152, stack(0x000000cada900000,0x000000cadaa00000)]

Stack: [0x000000cada900000,0x000000cadaa00000]
Native frames: (J=compiled Java code, j=interpreted, Vv=VM code, C=native code)
V  [jvm.dll+0x67a04a]
V  [jvm.dll+0x7da4ed]
V  [jvm.dll+0x7dbe33]
V  [jvm.dll+0x7dc4a3]
V  [jvm.dll+0x24508f]
V  [jvm.dll+0x677089]
V  [jvm.dll+0x66bd32]
V  [jvm.dll+0x301fa6]
V  [jvm.dll+0x309546]
V  [jvm.dll+0x359d2e]
V  [jvm.dll+0x359f5f]
V  [jvm.dll+0x2d9078]
V  [jvm.dll+0x2d9fe4]
V  [jvm.dll+0x7aca21]
V  [jvm.dll+0x367591]
V  [jvm.dll+0x78b999]
V  [jvm.dll+0x3ec83f]
V  [jvm.dll+0x3ee471]
C  [jli.dll+0x5297]
C  [ucrtbase.dll+0x29333]
C  [KERNEL32.DLL+0x1259d]
C  [ntdll.dll+0x5af78]


---------------  P R O C E S S  ---------------

Threads class SMR info:
_java_thread_list=0x00007ffe94b37a18, length=0, elements={
}

Java Threads: ( => current thread )

Other Threads:
  0x000002b467bc0ed0 GCTaskThread "GC Thread#0" [stack: 0x000000cadaa00000,0x000000cadab00000] [id=21260]
  0x000002b467bc2630 ConcurrentGCThread "G1 Main Marker" [stack: 0x000000cadab00000,0x000000cadac00000] [id=26204]
  0x000002b467bc3040 ConcurrentGCThread "G1 Conc#0" [stack: 0x000000cadac00000,0x000000cadad00000] [id=26240]

[error occurred during error reporting (printing all threads), id 0xc0000005, EXCEPTION_ACCESS_VIOLATION (0xc0000005) at pc=0x00007ffe94369b67]

VM state: not at safepoint (not fully initialized)

VM Mutex/Monitor currently owned by a thread:  ([mutex/lock_event])
[0x000002b467b9c340] Heap_lock - owner thread: 0x000002b467ba1430

Heap address: 0x00000000fc000000, size: 64 MB, Compressed Oops mode: 32-bit

CDS archive(s) mapped at: [0x0000000000000000-0x0000000000000000-0x0000000000000000), size 0, SharedBaseAddress: 0x0000000800000000, ArchiveRelocationMode: 1.
Narrow klass base: 0x0000000000000000, Narrow klass shift: 0, Narrow klass range: 0x0

GC Precious Log:
<Empty>

Heap:
 garbage-first heap   total 0K, used 0K [0x00000000fc000000, 0x0000000100000000)
  region size 1024K, 0 young (0K), 0 survivors (0K)

[error occurred during error reporting (printing heap information), id 0xc0000005, EXCEPTION_ACCESS_VIOLATION (0xc0000005) at pc=0x00007ffe94753859]

GC Heap History (0 events):
No events

Deoptimization events (0 events):
No events

Classes unloaded (0 events):
No events

Classes redefined (0 events):
No events

Internal exceptions (0 events):
No events

VM Operations (0 events):
No events

Events (1 events):
Event: 0.014 Loaded shared library C:\Program Files\Java\jdk-17\bin\java.dll


Dynamic libraries:
0x00007ff73fa00000 - 0x00007ff73fa10000 	C:\Program Files\Java\jdk-17\bin\java.exe
0x00007fff3e0b0000 - 0x00007fff3e2c7000 	C:\WINDOWS\SYSTEM32\ntdll.dll
0x00007fff3d600000 - 0x00007fff3d6c4000 	C:\WINDOWS\System32\KERNEL32.DLL
0x00007fff3b230000 - 0x00007fff3b600000 	C:\WINDOWS\System32\KERNELBASE.dll
0x00007fff3b600000 - 0x00007fff3b711000 	C:\WINDOWS\System32\ucrtbase.dll
0x00007ffef1a80000 - 0x00007ffef1a99000 	C:\Program Files\Java\jdk-17\bin\jli.dll
0x00007ffef6f10000 - 0x00007ffef6f2b000 	C:\Program Files\Java\jdk-17\bin\VCRUNTIME140.dll
0x00007fff3d900000 - 0x00007fff3d9b1000 	C:\WINDOWS\System32\ADVAPI32.dll
0x00007fff3dc80000 - 0x00007fff3dd27000 	C:\WINDOWS\System32\msvcrt.dll
0x00007fff3c6a0000 - 0x00007fff3c748000 	C:\WINDOWS\System32\sechost.dll
0x00007fff3ba80000 - 0x00007fff3baa8000 	C:\WINDOWS\System32\bcrypt.dll
0x00007fff3d9c0000 - 0x00007fff3dad8000 	C:\WINDOWS\System32\RPCRT4.dll
0x00007fff3d440000 - 0x00007fff3d5f1000 	C:\WINDOWS\System32\USER32.dll
0x00007fff3ba50000 - 0x00007fff3ba76000 	C:\WINDOWS\System32\win32u.dll
0x00007fff2ba30000 - 0x00007fff2bccc000 	C:\WINDOWS\WinSxS\amd64_microsoft.windows.common-controls_6595b64144ccf1df_6.0.22621.5840_none_2710ea077384a4fe\COMCTL32.dll
0x00007fff3c8f0000 - 0x00007fff3c919000 	C:\WINDOWS\System32\GDI32.dll
0x00007fff3b720000 - 0x00007fff3b843000 	C:\WINDOWS\System32\gdi32full.dll
0x00007fff3bab0000 - 0x00007fff3bb4a000 	C:\WINDOWS\System32\msvcp_win.dll
0x00007fff345f0000 - 0x00007fff345fa000 	C:\WINDOWS\SYSTEM32\VERSION.dll
0x00007fff3cbe0000 - 0x00007fff3cc11000 	C:\WINDOWS\System32\IMM32.DLL
0x00007fff2b110000 - 0x00007fff2b11c000 	C:\Program Files\Java\jdk-17\bin\vcruntime140_1.dll
0x00007ffedd8e0000 - 0x00007ffedd96e000 	C:\Program Files\Java\jdk-17\bin\msvcp140.dll
0x00007ffe94080000 - 0x00007ffe94c60000 	C:\Program Files\Java\jdk-17\bin\server\jvm.dll
0x00007fff3c920000 - 0x00007fff3c928000 	C:\WINDOWS\System32\PSAPI.DLL
0x00007fff37270000 - 0x00007fff372a4000 	C:\WINDOWS\SYSTEM32\WINMM.dll
0x00007fff1ab30000 - 0x00007fff1ab39000 	C:\WINDOWS\SYSTEM32\WSOCK32.dll
0x00007fff3c870000 - 0x00007fff3c8e1000 	C:\WINDOWS\System32\WS2_32.dll
0x00007fff3a140000 - 0x00007fff3a158000 	C:\WINDOWS\SYSTEM32\kernel.appcore.dll
0x00007fff28680000 - 0x00007fff2868a000 	C:\Program Files\Java\jdk-17\bin\jimage.dll
0x00007fff38c10000 - 0x00007fff38e43000 	C:\WINDOWS\SYSTEM32\DBGHELP.DLL
0x00007fff3d0a0000 - 0x00007fff3d431000 	C:\WINDOWS\System32\combase.dll
0x00007fff3ca90000 - 0x00007fff3cb68000 	C:\WINDOWS\System32\OLEAUT32.dll
0x00007fff21660000 - 0x00007fff21692000 	C:\WINDOWS\SYSTEM32\dbgcore.DLL
0x00007fff3bb50000 - 0x00007fff3bbcb000 	C:\WINDOWS\System32\bcryptPrimitives.dll
0x00007ffeefc10000 - 0x00007ffeefc35000 	C:\Program Files\Java\jdk-17\bin\java.dll

dbghelp: loaded successfully - version: 4.0.5 - missing functions: none
symbol engine: initialized successfully - sym options: 0x614 - pdb path: .;C:\Program Files\Java\jdk-17\bin;C:\WINDOWS\SYSTEM32;C:\WINDOWS\WinSxS\amd64_microsoft.windows.common-controls_6595b64144ccf1df_6.0.22621.5840_none_2710ea077384a4fe;C:\Program Files\Java\jdk-17\bin\server

VM Arguments:
jvm_args: -Xmx64m -Xms64m -Dorg.gradle.appname=gradlew 
java_command: E:\App\deliveryapp\Cffappfrontend-1\android\\gradle\wrapper\gradle-wrapper.jar bundleRelease
java_class_path (initial): E:\App\deliveryapp\Cffappfrontend-1\android\\gradle\wrapper\gradle-wrapper.jar
Launcher Type: SUN_STANDARD

[Global flags]
     intx CICompilerCount                          = 4                                         {product} {ergonomic}
     uint ConcGCThreads                            = 3                                         {product} {ergonomic}
     uint G1ConcRefinementThreads                  = 10                                        {product} {ergonomic}
   size_t G1HeapRegionSize                         = 1048576                                   {product} {ergonomic}
    uintx GCDrainStackTargetSize                   = 64                                        {product} {ergonomic}
   size_t InitialHeapSize                          = 67108864                                  {product} {command line}
   size_t MarkStackSize                            = 4194304                                   {product} {ergonomic}
   size_t MaxHeapSize                              = 67108864                                  {product} {command line}
   size_t MinHeapDeltaBytes                        = 1048576                                   {product} {ergonomic}
   size_t MinHeapSize                              = 67108864                                  {product} {command line}
    uintx NonNMethodCodeHeapSize                   = 5839372                                {pd product} {ergonomic}
    uintx NonProfiledCodeHeapSize                  = 122909434                              {pd product} {ergonomic}
    uintx ProfiledCodeHeapSize                     = 122909434                              {pd product} {ergonomic}
    uintx ReservedCodeCacheSize                    = 251658240                              {pd product} {ergonomic}
     bool SegmentedCodeCache                       = true                                      {product} {ergonomic}
   size_t SoftMaxHeapSize                          = 67108864                               {manageable} {ergonomic}
     bool UseCompressedClassPointers               = true                           {product lp64_product} {ergonomic}
     bool UseCompressedOops                        = true                           {product lp64_product} {ergonomic}
     bool UseG1GC                                  = true                                      {product} {ergonomic}
     bool UseLargePagesIndividualAllocation        = false                                  {pd product} {ergonomic}

Logging:
Log output configuration:
 #0: stdout all=warning uptime,level,tags
 #1: stderr all=off uptime,level,tags

Environment Variables:
JAVA_HOME=C:\Program Files\Java\jdk-17
PATH=C:\Program Files\Common Files\Oracle\Java\javapath;C:\Program Files\Python310\Scripts\;C:\Program Files\Python310\;C:\Windows\system32;C:\Windows;C:\Windows\System32\Wbem;C:\Windows\System32\WindowsPowerShell\v1.0\;C:\Windows\System32\OpenSSH\;C:\Program Files (x86)\NVIDIA Corporation\PhysX\Common;C:\Program Files\Java\jdk-17\bin;C:\WINDOWS\system32;C:\WINDOWS;C:\WINDOWS\System32\Wbem;C:\WINDOWS\System32\WindowsPowerShell\v1.0\;C:\WINDOWS\System32\OpenSSH\;C:\Program Files\MySQL\MySQL Server 8.0\bin;C:\Program Files\nodejs\;C:\Program Files\Git\cmd;C:\Users\rickb\AppData\Local\Android\Sdk\platform-tools;C:\Users\rickb\AppData\Local\Android\Sdk\tools;C:\Users\rickb\AppData\Local\Android\Sdk\platform-tools;C:\Users\rickb\AppData\Local\Android\Sdk\tools;C:\Users\rickb\AppData\Local\Android\Sdk\platform-tools;C:\Users\rickb\AppData\Local\Android\Sdk\tools;C:\Program Files\MySQL\MySQL Shell 8.0\bin\;C:\Users\rickb\AppData\Local\Programs\Python\Launcher\;C:\Users\rickb\AppData\Local\Microsoft\WindowsApps;C:\Users\rickb\AppData\Roaming\Python\Python310\Scripts;C:\Users\rickb\AppData\Local\Programs\Microsoft VS Code\bin;C:\Users\rickb\AppData\Roaming\npm;C:\Users\rickb\AppData\Local\GitHubDesktop\bin
USERNAME=rickb
OS=Windows_NT
PROCESSOR_IDENTIFIER=AMD64 Family 25 Model 80 Stepping 0, AuthenticAMD



---------------  S Y S T E M  ---------------

OS:
 Windows 11 , 64 bit Build 22621 (10.0.22621.5415)
OS uptime: 1 days 2:06 hours
Hyper-V role detected

CPU: total 12 (initial active 12) (12 cores per cpu, 2 threads per core) family 25 model 80 stepping 0 microcode 0x0, cx8, cmov, fxsr, ht, mmx, 3dnowpref, sse, sse2, sse3, ssse3, sse4a, sse4.1, sse4.2, popcnt, lzcnt, tsc, tscinvbit, avx, avx2, aes, erms, clmul, bmi1, bmi2, adx, sha, fma, vzeroupper, clflush, clflushopt, hv

Memory: 4k page, system-wide physical 5996M (254M free)
TotalPageFile size 24428M (AvailPageFile size 5M)
current process WorkingSet (physical memory assigned to process): 11M, peak: 11M
current process commit charge ("private bytes"): 63M, peak: 127M

vm_info: Java HotSpot(TM) 64-Bit Server VM (17.0.12+8-LTS-286) for windows-amd64 JRE (17.0.12+8-LTS-286), built on Jun  5 2024 06:46:59 by "mach5one" with MS VC++ 17.6 (VS2022)

END.
