#
# There is insufficient memory for the Java Runtime Environment to continue.
# Native memory allocation (mmap) failed to map 65536 bytes for Failed to commit metaspace.
# Possible reasons:
#   The system is out of physical RAM or swap space
#   The process is running with CompressedOops enabled, and the Java Heap may be blocking the growth of the native heap
# Possible solutions:
#   Reduce memory load on the system
#   Increase physical memory or swap space
#   Check if swap backing store is full
#   Decrease Java heap size (-Xmx/-Xms)
#   Decrease number of Java threads
#   Decrease Java thread stack sizes (-Xss)
#   Set larger code cache with -XX:ReservedCodeCacheSize=
#   JVM is running with Unscaled Compressed Oops mode in which the Java heap is
#     placed in the first 4GB address space. The Java Heap base address is the
#     maximum limit for the native heap growth. Please use -XX:HeapBaseMinAddress
#     to set the Java Heap base and to place the Java Heap above 4GB virtual address.
# This output file may be truncated or incomplete.
#
#  Out of Memory Error (virtualSpaceNode.cpp:110), pid=7820, tid=1336
#
# JRE version: Java(TM) SE Runtime Environment (17.0.12+8) (build 17.0.12+8-LTS-286)
# Java VM: Java HotSpot(TM) 64-Bit Server VM (17.0.12+8-LTS-286, mixed mode, sharing, tiered, compressed oops, compressed class ptrs, g1 gc, windows-amd64)
# No core dump will be written. Minidumps are not enabled by default on client versions of Windows
#

---------------  S U M M A R Y ------------

Command Line: -Xmx64m -Xms64m -Dorg.gradle.appname=gradlew E:\App\TempApp\Cffappfrontend-1\android\\gradle\wrapper\gradle-wrapper.jar assembleRelease

Host: AMD Ryzen 5 5600H with Radeon Graphics         , 12 cores, 5G,  Windows 11 , 64 bit Build 22621 (10.0.22621.5415)
Time: Fri Oct 24 18:36:15 2025 India Standard Time elapsed time: 0.199703 seconds (0d 0h 0m 0s)

---------------  T H R E A D  ---------------

Current thread (0x000002477f85f140):  JavaThread "main" [_thread_in_vm, id=1336, stack(0x0000009321900000,0x0000009321a00000)]

Stack: [0x0000009321900000,0x0000009321a00000]
Native frames: (J=compiled Java code, j=interpreted, Vv=VM code, C=native code)
V  [jvm.dll+0x67a04a]
V  [jvm.dll+0x7da4ed]
V  [jvm.dll+0x7dbe33]
V  [jvm.dll+0x7dc4a3]
V  [jvm.dll+0x24508f]
V  [jvm.dll+0x7d60bb]
V  [jvm.dll+0x6206c6]
V  [jvm.dll+0x62072a]
V  [jvm.dll+0x622f4d]
V  [jvm.dll+0x621086]
V  [jvm.dll+0x631f09]
V  [jvm.dll+0x62b264]
V  [jvm.dll+0x37d8f1]
C  0x000002471013c6b3

Java frames: (J=compiled Java code, j=interpreted, Vv=VM code)
j  java.util.zip.ZipFile$Source.isSignatureRelated(II)Z+0 java.base@17.0.12
j  java.util.zip.ZipFile$Source.initCEN(I)V+329 java.base@17.0.12
j  java.util.zip.ZipFile$Source.<init>(Ljava/util/zip/ZipFile$Source$Key;ZLjava/util/zip/ZipCoder;)V+107 java.base@17.0.12
j  java.util.zip.ZipFile$Source.get(Ljava/io/File;ZLjava/util/zip/ZipCoder;)Ljava/util/zip/ZipFile$Source;+110 java.base@17.0.12
j  java.util.zip.ZipFile$CleanableResource.<init>(Ljava/util/zip/ZipFile;Ljava/util/zip/ZipCoder;Ljava/io/File;I)V+56 java.base@17.0.12
j  java.util.zip.ZipFile.<init>(Ljava/io/File;ILjava/nio/charset/Charset;)V+123 java.base@17.0.12
j  java.util.zip.ZipFile.<init>(Ljava/io/File;I)V+6 java.base@17.0.12
j  java.util.jar.JarFile.<init>(Ljava/io/File;ZILjava/lang/Runtime$Version;)V+3 java.base@17.0.12
j  java.util.jar.JarFile.<init>(Ljava/io/File;ZI)V+7 java.base@17.0.12
j  java.util.jar.JarFile.<init>(Ljava/lang/String;)V+11 java.base@17.0.12
j  sun.launcher.LauncherHelper.getMainClassFromJar(Ljava/lang/String;)Ljava/lang/String;+5 java.base@17.0.12
j  sun.launcher.LauncherHelper.loadMainClass(ILjava/lang/String;)Ljava/lang/Class;+34 java.base@17.0.12
j  sun.launcher.LauncherHelper.checkAndLoadMain(ZILjava/lang/String;)Ljava/lang/Class;+42 java.base@17.0.12
v  ~StubRoutines::call_stub

---------------  P R O C E S S  ---------------

Threads class SMR info:
_java_thread_list=0x000002475c375f80, length=12, elements={
0x000002477f85f140, 0x000002477f911cf0, 0x000002477f914980, 0x000002477f9293c0,
0x000002477f92aca0, 0x000002477f92b980, 0x000002477f92c250, 0x000002477f92e980,
0x000002475c122e40, 0x000002475c12de90, 0x000002475c39ca50, 0x000002475c39f1d0
}

Java Threads: ( => current thread )
=>0x000002477f85f140 JavaThread "main" [_thread_in_vm, id=1336, stack(0x0000009321900000,0x0000009321a00000)]
  0x000002477f911cf0 JavaThread "Reference Handler" daemon [_thread_blocked, id=9036, stack(0x0000009322000000,0x0000009322100000)]
  0x000002477f914980 JavaThread "Finalizer" daemon [_thread_blocked, id=21704, stack(0x0000009322100000,0x0000009322200000)]
  0x000002477f9293c0 JavaThread "Signal Dispatcher" daemon [_thread_blocked, id=18108, stack(0x0000009322200000,0x0000009322300000)]
  0x000002477f92aca0 JavaThread "Attach Listener" daemon [_thread_blocked, id=10528, stack(0x0000009322300000,0x0000009322400000)]
  0x000002477f92b980 JavaThread "Service Thread" daemon [_thread_blocked, id=29184, stack(0x0000009322400000,0x0000009322500000)]
  0x000002477f92c250 JavaThread "Monitor Deflation Thread" daemon [_thread_blocked, id=22500, stack(0x0000009322500000,0x0000009322600000)]
  0x000002477f92e980 JavaThread "C2 CompilerThread0" daemon [_thread_blocked, id=22596, stack(0x0000009322600000,0x0000009322700000)]
  0x000002475c122e40 JavaThread "C1 CompilerThread0" daemon [_thread_blocked, id=24736, stack(0x0000009322700000,0x0000009322800000)]
  0x000002475c12de90 JavaThread "Sweeper thread" daemon [_thread_blocked, id=20892, stack(0x0000009322800000,0x0000009322900000)]
  0x000002475c39ca50 JavaThread "Notification Thread" daemon [_thread_blocked, id=2748, stack(0x0000009322900000,0x0000009322a00000)]
  0x000002475c39f1d0 JavaThread "Common-Cleaner" daemon [_thread_blocked, id=3280, stack(0x0000009322b00000,0x0000009322c00000)]

Other Threads:
  0x000002477f90e2e0 VMThread "VM Thread" [stack: 0x0000009321f00000,0x0000009322000000] [id=24164]
  0x000002475c39ef40 WatcherThread [stack: 0x0000009322a00000,0x0000009322b00000] [id=16828]
  0x000002477f8838a0 GCTaskThread "GC Thread#0" [stack: 0x0000009321a00000,0x0000009321b00000] [id=1712]
  0x000002477f885690 ConcurrentGCThread "G1 Main Marker" [stack: 0x0000009321b00000,0x0000009321c00000] [id=25288]
  0x000002477f885fa0 ConcurrentGCThread "G1 Conc#0" [stack: 0x0000009321c00000,0x0000009321d00000] [id=27848]
  0x000002477f8f2c70 ConcurrentGCThread "G1 Refine#0" [stack: 0x0000009321d00000,0x0000009321e00000] [id=19892]
  0x000002477f8f35a0 ConcurrentGCThread "G1 Service" [stack: 0x0000009321e00000,0x0000009321f00000] [id=3128]

Threads with active compile tasks:

VM state: not at safepoint (normal execution)

VM Mutex/Monitor currently owned by a thread:  ([mutex/lock_event])
[0x000002477f859c40] Metaspace_lock - owner thread: 0x000002477f85f140

Heap address: 0x00000000fc000000, size: 64 MB, Compressed Oops mode: 32-bit

CDS archive(s) mapped at: [0x000002471b000000-0x000002471bbd0000-0x000002471bbd0000), size 12386304, SharedBaseAddress: 0x000002471b000000, ArchiveRelocationMode: 1.
Compressed class space mapped at: 0x000002471c000000-0x000002475c000000, reserved size: 1073741824
Narrow klass base: 0x000002471b000000, Narrow klass shift: 0, Narrow klass range: 0x100000000

GC Precious Log:
 CPUs: 12 total, 12 available
 Memory: 5996M
 Large Page Support: Disabled
 NUMA Support: Disabled
 Compressed Oops: Enabled (32-bit)
 Heap Region Size: 1M
 Heap Min Capacity: 64M
 Heap Initial Capacity: 64M
 Heap Max Capacity: 64M
 Pre-touch: Disabled
 Parallel Workers: 10
 Concurrent Workers: 3
 Concurrent Refinement Workers: 10
 Periodic GC: Disabled

Heap:
 garbage-first heap   total 65536K, used 1024K [0x00000000fc000000, 0x0000000100000000)
  region size 1024K, 2 young (2048K), 0 survivors (0K)
 Metaspace       used 134K, committed 192K, reserved 1114112K
  class space    used 6K, committed 64K, reserved 1048576K

Heap Regions: E=young(eden), S=young(survivor), O=old, HS=humongous(starts), HC=humongous(continues), CS=collection set, F=free, OA=open archive, CA=closed archive, TAMS=top-at-mark-start (previous, next)
|   0|0x00000000fc000000, 0x00000000fc000000, 0x00000000fc100000|  0%| F|  |TAMS 0x00000000fc000000, 0x00000000fc000000| Untracked 
|   1|0x00000000fc100000, 0x00000000fc100000, 0x00000000fc200000|  0%| F|  |TAMS 0x00000000fc100000, 0x00000000fc100000| Untracked 
|   2|0x00000000fc200000, 0x00000000fc200000, 0x00000000fc300000|  0%| F|  |TAMS 0x00000000fc200000, 0x00000000fc200000| Untracked 
|   3|0x00000000fc300000, 0x00000000fc300000, 0x00000000fc400000|  0%| F|  |TAMS 0x00000000fc300000, 0x00000000fc300000| Untracked 
|   4|0x00000000fc400000, 0x00000000fc400000, 0x00000000fc500000|  0%| F|  |TAMS 0x00000000fc400000, 0x00000000fc400000| Untracked 
|   5|0x00000000fc500000, 0x00000000fc500000, 0x00000000fc600000|  0%| F|  |TAMS 0x00000000fc500000, 0x00000000fc500000| Untracked 
|   6|0x00000000fc600000, 0x00000000fc600000, 0x00000000fc700000|  0%| F|  |TAMS 0x00000000fc600000, 0x00000000fc600000| Untracked 
|   7|0x00000000fc700000, 0x00000000fc700000, 0x00000000fc800000|  0%| F|  |TAMS 0x00000000fc700000, 0x00000000fc700000| Untracked 
|   8|0x00000000fc800000, 0x00000000fc800000, 0x00000000fc900000|  0%| F|  |TAMS 0x00000000fc800000, 0x00000000fc800000| Untracked 
|   9|0x00000000fc900000, 0x00000000fc900000, 0x00000000fca00000|  0%| F|  |TAMS 0x00000000fc900000, 0x00000000fc900000| Untracked 
|  10|0x00000000fca00000, 0x00000000fca00000, 0x00000000fcb00000|  0%| F|  |TAMS 0x00000000fca00000, 0x00000000fca00000| Untracked 
|  11|0x00000000fcb00000, 0x00000000fcb00000, 0x00000000fcc00000|  0%| F|  |TAMS 0x00000000fcb00000, 0x00000000fcb00000| Untracked 
|  12|0x00000000fcc00000, 0x00000000fcc00000, 0x00000000fcd00000|  0%| F|  |TAMS 0x00000000fcc00000, 0x00000000fcc00000| Untracked 
|  13|0x00000000fcd00000, 0x00000000fcd00000, 0x00000000fce00000|  0%| F|  |TAMS 0x00000000fcd00000, 0x00000000fcd00000| Untracked 
|  14|0x00000000fce00000, 0x00000000fce00000, 0x00000000fcf00000|  0%| F|  |TAMS 0x00000000fce00000, 0x00000000fce00000| Untracked 
|  15|0x00000000fcf00000, 0x00000000fcf00000, 0x00000000fd000000|  0%| F|  |TAMS 0x00000000fcf00000, 0x00000000fcf00000| Untracked 
|  16|0x00000000fd000000, 0x00000000fd000000, 0x00000000fd100000|  0%| F|  |TAMS 0x00000000fd000000, 0x00000000fd000000| Untracked 
|  17|0x00000000fd100000, 0x00000000fd100000, 0x00000000fd200000|  0%| F|  |TAMS 0x00000000fd100000, 0x00000000fd100000| Untracked 
|  18|0x00000000fd200000, 0x00000000fd200000, 0x00000000fd300000|  0%| F|  |TAMS 0x00000000fd200000, 0x00000000fd200000| Untracked 
|  19|0x00000000fd300000, 0x00000000fd300000, 0x00000000fd400000|  0%| F|  |TAMS 0x00000000fd300000, 0x00000000fd300000| Untracked 
|  20|0x00000000fd400000, 0x00000000fd400000, 0x00000000fd500000|  0%| F|  |TAMS 0x00000000fd400000, 0x00000000fd400000| Untracked 
|  21|0x00000000fd500000, 0x00000000fd500000, 0x00000000fd600000|  0%| F|  |TAMS 0x00000000fd500000, 0x00000000fd500000| Untracked 
|  22|0x00000000fd600000, 0x00000000fd600000, 0x00000000fd700000|  0%| F|  |TAMS 0x00000000fd600000, 0x00000000fd600000| Untracked 
|  23|0x00000000fd700000, 0x00000000fd700000, 0x00000000fd800000|  0%| F|  |TAMS 0x00000000fd700000, 0x00000000fd700000| Untracked 
|  24|0x00000000fd800000, 0x00000000fd800000, 0x00000000fd900000|  0%| F|  |TAMS 0x00000000fd800000, 0x00000000fd800000| Untracked 
|  25|0x00000000fd900000, 0x00000000fd900000, 0x00000000fda00000|  0%| F|  |TAMS 0x00000000fd900000, 0x00000000fd900000| Untracked 
|  26|0x00000000fda00000, 0x00000000fda00000, 0x00000000fdb00000|  0%| F|  |TAMS 0x00000000fda00000, 0x00000000fda00000| Untracked 
|  27|0x00000000fdb00000, 0x00000000fdb00000, 0x00000000fdc00000|  0%| F|  |TAMS 0x00000000fdb00000, 0x00000000fdb00000| Untracked 
|  28|0x00000000fdc00000, 0x00000000fdc00000, 0x00000000fdd00000|  0%| F|  |TAMS 0x00000000fdc00000, 0x00000000fdc00000| Untracked 
|  29|0x00000000fdd00000, 0x00000000fdd00000, 0x00000000fde00000|  0%| F|  |TAMS 0x00000000fdd00000, 0x00000000fdd00000| Untracked 
|  30|0x00000000fde00000, 0x00000000fde00000, 0x00000000fdf00000|  0%| F|  |TAMS 0x00000000fde00000, 0x00000000fde00000| Untracked 
|  31|0x00000000fdf00000, 0x00000000fdf00000, 0x00000000fe000000|  0%| F|  |TAMS 0x00000000fdf00000, 0x00000000fdf00000| Untracked 
|  32|0x00000000fe000000, 0x00000000fe000000, 0x00000000fe100000|  0%| F|  |TAMS 0x00000000fe000000, 0x00000000fe000000| Untracked 
|  33|0x00000000fe100000, 0x00000000fe100000, 0x00000000fe200000|  0%| F|  |TAMS 0x00000000fe100000, 0x00000000fe100000| Untracked 
|  34|0x00000000fe200000, 0x00000000fe200000, 0x00000000fe300000|  0%| F|  |TAMS 0x00000000fe200000, 0x00000000fe200000| Untracked 
|  35|0x00000000fe300000, 0x00000000fe300000, 0x00000000fe400000|  0%| F|  |TAMS 0x00000000fe300000, 0x00000000fe300000| Untracked 
|  36|0x00000000fe400000, 0x00000000fe400000, 0x00000000fe500000|  0%| F|  |TAMS 0x00000000fe400000, 0x00000000fe400000| Untracked 
|  37|0x00000000fe500000, 0x00000000fe500000, 0x00000000fe600000|  0%| F|  |TAMS 0x00000000fe500000, 0x00000000fe500000| Untracked 
|  38|0x00000000fe600000, 0x00000000fe600000, 0x00000000fe700000|  0%| F|  |TAMS 0x00000000fe600000, 0x00000000fe600000| Untracked 
|  39|0x00000000fe700000, 0x00000000fe700000, 0x00000000fe800000|  0%| F|  |TAMS 0x00000000fe700000, 0x00000000fe700000| Untracked 
|  40|0x00000000fe800000, 0x00000000fe800000, 0x00000000fe900000|  0%| F|  |TAMS 0x00000000fe800000, 0x00000000fe800000| Untracked 
|  41|0x00000000fe900000, 0x00000000fe900000, 0x00000000fea00000|  0%| F|  |TAMS 0x00000000fe900000, 0x00000000fe900000| Untracked 
|  42|0x00000000fea00000, 0x00000000fea00000, 0x00000000feb00000|  0%| F|  |TAMS 0x00000000fea00000, 0x00000000fea00000| Untracked 
|  43|0x00000000feb00000, 0x00000000feb00000, 0x00000000fec00000|  0%| F|  |TAMS 0x00000000feb00000, 0x00000000feb00000| Untracked 
|  44|0x00000000fec00000, 0x00000000fec00000, 0x00000000fed00000|  0%| F|  |TAMS 0x00000000fec00000, 0x00000000fec00000| Untracked 
|  45|0x00000000fed00000, 0x00000000fed00000, 0x00000000fee00000|  0%| F|  |TAMS 0x00000000fed00000, 0x00000000fed00000| Untracked 
|  46|0x00000000fee00000, 0x00000000fee00000, 0x00000000fef00000|  0%| F|  |TAMS 0x00000000fee00000, 0x00000000fee00000| Untracked 
|  47|0x00000000fef00000, 0x00000000fef00000, 0x00000000ff000000|  0%| F|  |TAMS 0x00000000fef00000, 0x00000000fef00000| Untracked 
|  48|0x00000000ff000000, 0x00000000ff000000, 0x00000000ff100000|  0%| F|  |TAMS 0x00000000ff000000, 0x00000000ff000000| Untracked 
|  49|0x00000000ff100000, 0x00000000ff100000, 0x00000000ff200000|  0%| F|  |TAMS 0x00000000ff100000, 0x00000000ff100000| Untracked 
|  50|0x00000000ff200000, 0x00000000ff200000, 0x00000000ff300000|  0%| F|  |TAMS 0x00000000ff200000, 0x00000000ff200000| Untracked 
|  51|0x00000000ff300000, 0x00000000ff300000, 0x00000000ff400000|  0%| F|  |TAMS 0x00000000ff300000, 0x00000000ff300000| Untracked 
|  52|0x00000000ff400000, 0x00000000ff400000, 0x00000000ff500000|  0%| F|  |TAMS 0x00000000ff400000, 0x00000000ff400000| Untracked 
|  53|0x00000000ff500000, 0x00000000ff500000, 0x00000000ff600000|  0%| F|  |TAMS 0x00000000ff500000, 0x00000000ff500000| Untracked 
|  54|0x00000000ff600000, 0x00000000ff600000, 0x00000000ff700000|  0%| F|  |TAMS 0x00000000ff600000, 0x00000000ff600000| Untracked 
|  55|0x00000000ff700000, 0x00000000ff700000, 0x00000000ff800000|  0%| F|  |TAMS 0x00000000ff700000, 0x00000000ff700000| Untracked 
|  56|0x00000000ff800000, 0x00000000ff800000, 0x00000000ff900000|  0%| F|  |TAMS 0x00000000ff800000, 0x00000000ff800000| Untracked 
|  57|0x00000000ff900000, 0x00000000ff900000, 0x00000000ffa00000|  0%| F|  |TAMS 0x00000000ff900000, 0x00000000ff900000| Untracked 
|  58|0x00000000ffa00000, 0x00000000ffa00000, 0x00000000ffb00000|  0%| F|  |TAMS 0x00000000ffa00000, 0x00000000ffa00000| Untracked 
|  59|0x00000000ffb00000, 0x00000000ffb00000, 0x00000000ffc00000|  0%| F|  |TAMS 0x00000000ffb00000, 0x00000000ffb00000| Untracked 
|  60|0x00000000ffc00000, 0x00000000ffc00000, 0x00000000ffd00000|  0%| F|  |TAMS 0x00000000ffc00000, 0x00000000ffc00000| Untracked 
|  61|0x00000000ffd00000, 0x00000000ffd00000, 0x00000000ffe00000|  0%| F|  |TAMS 0x00000000ffd00000, 0x00000000ffd00000| Untracked 
|  62|0x00000000ffe00000, 0x00000000ffe76440, 0x00000000fff00000| 46%| E|  |TAMS 0x00000000ffe00000, 0x00000000ffe00000| Complete 
|  63|0x00000000fff00000, 0x0000000100000000, 0x0000000100000000|100%| E|CS|TAMS 0x00000000fff00000, 0x00000000fff00000| Complete 

Card table byte_map: [0x000002477f460000,0x000002477f480000] _byte_map_base: 0x000002477ec80000

Marking Bits (Prev, Next): (CMBitMap*) 0x000002477f883dc0, (CMBitMap*) 0x000002477f883e00
 Prev Bits: [0x0000024718260000, 0x0000024718360000)
 Next Bits: [0x0000024718360000, 0x0000024718460000)

Polling page: 0x000002477f410000

Metaspace:

Usage:
  Non-class:    127.98 KB used.
      Class:      6.93 KB used.
       Both:    134.91 KB used.

Virtual space:
  Non-class space:       64.00 MB reserved,     128.00 KB ( <1%) committed,  1 nodes.
      Class space:        1.00 GB reserved,      64.00 KB ( <1%) committed,  1 nodes.
             Both:        1.06 GB reserved,     192.00 KB ( <1%) committed. 

Chunk freelists:
   Non-Class:  12.00 MB
       Class:  15.75 MB
        Both:  27.75 MB

MaxMetaspaceSize: unlimited
CompressedClassSpaceSize: 1.00 GB
Initial GC threshold: 21.00 MB
Current GC threshold: 21.00 MB
CDS: on
MetaspaceReclaimPolicy: balanced
 - commit_granule_bytes: 65536.
 - commit_granule_words: 8192.
 - virtual_space_node_default_size: 8388608.
 - enlarge_chunks_in_place: 1.
 - new_chunks_are_fully_committed: 0.
 - uncommit_free_chunks: 1.
 - use_allocation_guard: 0.
 - handle_deallocations: 1.


Internal statistics:

num_allocs_failed_limit: 0.
num_arena_births: 2.
num_arena_deaths: 0.
num_vsnodes_births: 2.
num_vsnodes_deaths: 0.
num_space_committed: 3.
num_space_uncommitted: 0.
num_chunks_returned_to_freelist: 0.
num_chunks_taken_from_freelist: 3.
num_chunk_merges: 0.
num_chunk_splits: 2.
num_chunks_enlarged: 0.
num_inconsistent_stats: 0.

CodeHeap 'non-profiled nmethods': size=120000Kb used=12Kb max_used=12Kb free=119987Kb
 bounds [0x00000247106d0000, 0x0000024710940000, 0x0000024717c00000]
CodeHeap 'profiled nmethods': size=120000Kb used=70Kb max_used=70Kb free=119929Kb
 bounds [0x0000024708c00000, 0x0000024708e70000, 0x0000024710130000]
CodeHeap 'non-nmethods': size=5760Kb used=1045Kb max_used=1045Kb free=4714Kb
 bounds [0x0000024710130000, 0x00000247103a0000, 0x00000247106d0000]
 total_blobs=360 nmethods=56 adapters=217
 compilation: enabled
              stopped_count=0, restarted_count=0
 full_count=0

Compilation events (20 events):
Event: 0.174 Thread 0x000002475c122e40 nmethod 36 0x00000247106d1b90 code [0x00000247106d1d20, 0x00000247106d1df8]
Event: 0.174 Thread 0x000002475c122e40   44       1       java.lang.module.ModuleDescriptor::isAutomatic (5 bytes)
Event: 0.174 Thread 0x000002475c122e40 nmethod 44 0x00000247106d1e90 code [0x00000247106d2020, 0x00000247106d20f8]
Event: 0.174 Thread 0x000002475c122e40   50       1       java.util.ImmutableCollections$Set12::isEmpty (2 bytes)
Event: 0.174 Thread 0x000002475c122e40 nmethod 50 0x00000247106d2190 code [0x00000247106d2320, 0x00000247106d23f8]
Event: 0.174 Thread 0x000002475c122e40   45       1       java.lang.module.ResolvedModule::configuration (5 bytes)
Event: 0.174 Thread 0x000002475c122e40 nmethod 45 0x00000247106d2490 code [0x00000247106d2620, 0x00000247106d26f8]
Event: 0.174 Thread 0x000002475c122e40   49       1       java.lang.module.ModuleDescriptor$Exports::targets (5 bytes)
Event: 0.174 Thread 0x000002475c122e40 nmethod 49 0x00000247106d2790 code [0x00000247106d2920, 0x00000247106d29f8]
Event: 0.175 Thread 0x000002475c122e40   51       3       java.lang.AbstractStringBuilder::ensureCapacityInternal (39 bytes)
Event: 0.175 Thread 0x000002475c122e40 nmethod 51 0x0000024708c10410 code [0x0000024708c105c0, 0x0000024708c107f8]
Event: 0.175 Thread 0x000002477f92e980 nmethod 19 0x00000247106d2a90 code [0x00000247106d2c00, 0x00000247106d2c78]
Event: 0.178 Thread 0x000002475c122e40   52       3       java.lang.StringUTF16::getChar (60 bytes)
Event: 0.178 Thread 0x000002475c122e40 nmethod 52 0x0000024708c10910 code [0x0000024708c10aa0, 0x0000024708c10c18]
Event: 0.178 Thread 0x000002475c122e40   53       3       java.util.Optional::<init> (10 bytes)
Event: 0.178 Thread 0x000002475c122e40 nmethod 53 0x0000024708c10d10 code [0x0000024708c10ea0, 0x0000024708c11058]
Event: 0.179 Thread 0x000002475c122e40   54       3       java.lang.StringLatin1::canEncode (13 bytes)
Event: 0.179 Thread 0x000002475c122e40 nmethod 54 0x0000024708c11110 code [0x0000024708c112a0, 0x0000024708c113f8]
Event: 0.180 Thread 0x000002475c122e40   55       3       java.lang.StringLatin1::indexOfChar (33 bytes)
Event: 0.180 Thread 0x000002475c122e40 nmethod 55 0x0000024708c11490 code [0x0000024708c11640, 0x0000024708c11878]

GC Heap History (0 events):
No events

Deoptimization events (0 events):
No events

Classes unloaded (0 events):
No events

Classes redefined (0 events):
No events

Internal exceptions (0 events):
No events

VM Operations (0 events):
No events

Events (20 events):
Event: 0.045 Loaded shared library C:\Program Files\Java\jdk-17\bin\java.dll
Event: 0.111 Loaded shared library C:\Program Files\Java\jdk-17\bin\jsvml.dll
Event: 0.112 Thread 0x000002477f85f140 Thread added: 0x000002477f85f140
Event: 0.118 Thread 0x000002477f911cf0 Thread added: 0x000002477f911cf0
Event: 0.119 Thread 0x000002477f914980 Thread added: 0x000002477f914980
Event: 0.155 loading class sun/nio/cs/IBM437
Event: 0.157 loading class sun/nio/cs/IBM437 done
Event: 0.157 loading class sun/nio/cs/IBM437$Holder
Event: 0.158 loading class sun/nio/cs/IBM437$Holder done
Event: 0.159 Thread 0x000002477f9293c0 Thread added: 0x000002477f9293c0
Event: 0.159 Thread 0x000002477f92aca0 Thread added: 0x000002477f92aca0
Event: 0.159 Thread 0x000002477f92b980 Thread added: 0x000002477f92b980
Event: 0.159 Thread 0x000002477f92c250 Thread added: 0x000002477f92c250
Event: 0.160 Thread 0x000002477f92e980 Thread added: 0x000002477f92e980
Event: 0.160 Thread 0x000002475c122e40 Thread added: 0x000002475c122e40
Event: 0.160 Thread 0x000002475c12de90 Thread added: 0x000002475c12de90
Event: 0.174 Thread 0x000002475c39ca50 Thread added: 0x000002475c39ca50
Event: 0.179 Thread 0x000002475c39f1d0 Thread added: 0x000002475c39f1d0
Event: 0.185 Loaded shared library C:\Program Files\Java\jdk-17\bin\net.dll
Event: 0.191 Loaded shared library C:\Program Files\Java\jdk-17\bin\nio.dll


Dynamic libraries:
0x00007ff651db0000 - 0x00007ff651dc0000 	C:\Program Files\Java\jdk-17\bin\java.exe
0x00007fffe0630000 - 0x00007fffe0848000 	C:\WINDOWS\SYSTEM32\ntdll.dll
0x00007fffdfd90000 - 0x00007fffdfe54000 	C:\WINDOWS\System32\KERNEL32.DLL
0x00007fffdd7e0000 - 0x00007fffddbb3000 	C:\WINDOWS\System32\KERNELBASE.dll
0x00007fffddbc0000 - 0x00007fffddcd1000 	C:\WINDOWS\System32\ucrtbase.dll
0x00007fffb54e0000 - 0x00007fffb54fb000 	C:\Program Files\Java\jdk-17\bin\VCRUNTIME140.dll
0x00007fffbc7b0000 - 0x00007fffbc7c9000 	C:\Program Files\Java\jdk-17\bin\jli.dll
0x00007fffe0130000 - 0x00007fffe01e1000 	C:\WINDOWS\System32\ADVAPI32.dll
0x00007fffe0210000 - 0x00007fffe02b7000 	C:\WINDOWS\System32\msvcrt.dll
0x00007fffe0480000 - 0x00007fffe0528000 	C:\WINDOWS\System32\sechost.dll
0x00007fffdde90000 - 0x00007fffddeb8000 	C:\WINDOWS\System32\bcrypt.dll
0x00007fffde770000 - 0x00007fffde888000 	C:\WINDOWS\System32\RPCRT4.dll
0x00007fffe02c0000 - 0x00007fffe0472000 	C:\WINDOWS\System32\USER32.dll
0x00007fffccaa0000 - 0x00007fffccd3c000 	C:\WINDOWS\WinSxS\amd64_microsoft.windows.common-controls_6595b64144ccf1df_6.0.22621.6060_none_2712eda17382d24b\COMCTL32.dll
0x00007fffdd7b0000 - 0x00007fffdd7d6000 	C:\WINDOWS\System32\win32u.dll
0x00007fffde6f0000 - 0x00007fffde719000 	C:\WINDOWS\System32\GDI32.dll
0x00007fffddd60000 - 0x00007fffdde83000 	C:\WINDOWS\System32\gdi32full.dll
0x00007fffde230000 - 0x00007fffde2ca000 	C:\WINDOWS\System32\msvcp_win.dll
0x00007fffd5480000 - 0x00007fffd548a000 	C:\WINDOWS\SYSTEM32\VERSION.dll
0x00007fffde730000 - 0x00007fffde761000 	C:\WINDOWS\System32\IMM32.DLL
0x00007fffccf50000 - 0x00007fffccf5c000 	C:\Program Files\Java\jdk-17\bin\vcruntime140_1.dll
0x00007fff82170000 - 0x00007fff821fe000 	C:\Program Files\Java\jdk-17\bin\msvcp140.dll
0x00007fff80d90000 - 0x00007fff81970000 	C:\Program Files\Java\jdk-17\bin\server\jvm.dll
0x00007fffbfe50000 - 0x00007fffbfe59000 	C:\WINDOWS\SYSTEM32\WSOCK32.dll
0x00007fffde720000 - 0x00007fffde728000 	C:\WINDOWS\System32\PSAPI.DLL
0x00007fffdf890000 - 0x00007fffdf901000 	C:\WINDOWS\System32\WS2_32.dll
0x00007fffd7c10000 - 0x00007fffd7c44000 	C:\WINDOWS\SYSTEM32\WINMM.dll
0x00007fffdc620000 - 0x00007fffdc638000 	C:\WINDOWS\SYSTEM32\kernel.appcore.dll
0x00007fffcabe0000 - 0x00007fffcabea000 	C:\Program Files\Java\jdk-17\bin\jimage.dll
0x00007fffdb190000 - 0x00007fffdb3c3000 	C:\WINDOWS\SYSTEM32\DBGHELP.DLL
0x00007fffde350000 - 0x00007fffde6e2000 	C:\WINDOWS\System32\combase.dll
0x00007fffdf290000 - 0x00007fffdf368000 	C:\WINDOWS\System32\OLEAUT32.dll
0x00007fffcb130000 - 0x00007fffcb162000 	C:\WINDOWS\SYSTEM32\dbgcore.DLL
0x00007fffdd730000 - 0x00007fffdd7ab000 	C:\WINDOWS\System32\bcryptPrimitives.dll
0x00007fff98c20000 - 0x00007fff98c45000 	C:\Program Files\Java\jdk-17\bin\java.dll
0x00007fff82090000 - 0x00007fff82167000 	C:\Program Files\Java\jdk-17\bin\jsvml.dll
0x00007fffde890000 - 0x00007fffdf12e000 	C:\WINDOWS\System32\SHELL32.dll
0x00007fffddec0000 - 0x00007fffddfff000 	C:\WINDOWS\System32\wintypes.dll
0x00007fffdb5c0000 - 0x00007fffdbed8000 	C:\WINDOWS\SYSTEM32\windows.storage.dll
0x00007fffdf3e0000 - 0x00007fffdf4e4000 	C:\WINDOWS\System32\SHCORE.dll
0x00007fffdf4f0000 - 0x00007fffdf559000 	C:\WINDOWS\System32\shlwapi.dll
0x00007fffdd660000 - 0x00007fffdd685000 	C:\WINDOWS\SYSTEM32\profapi.dll
0x00007fffb19f0000 - 0x00007fffb1a09000 	C:\Program Files\Java\jdk-17\bin\net.dll
0x00007fffd87e0000 - 0x00007fffd890c000 	C:\WINDOWS\SYSTEM32\WINHTTP.dll
0x00007fffdcb80000 - 0x00007fffdcbe9000 	C:\WINDOWS\system32\mswsock.dll
0x00007fffb15a0000 - 0x00007fffb15b6000 	C:\Program Files\Java\jdk-17\bin\nio.dll

dbghelp: loaded successfully - version: 4.0.5 - missing functions: none
symbol engine: initialized successfully - sym options: 0x614 - pdb path: .;C:\Program Files\Java\jdk-17\bin;C:\WINDOWS\SYSTEM32;C:\WINDOWS\WinSxS\amd64_microsoft.windows.common-controls_6595b64144ccf1df_6.0.22621.6060_none_2712eda17382d24b;C:\Program Files\Java\jdk-17\bin\server

VM Arguments:
jvm_args: -Xmx64m -Xms64m -Dorg.gradle.appname=gradlew 
java_command: E:\App\TempApp\Cffappfrontend-1\android\\gradle\wrapper\gradle-wrapper.jar assembleRelease
java_class_path (initial): E:\App\TempApp\Cffappfrontend-1\android\\gradle\wrapper\gradle-wrapper.jar
Launcher Type: SUN_STANDARD

[Global flags]
     intx CICompilerCount                          = 4                                         {product} {ergonomic}
     uint ConcGCThreads                            = 3                                         {product} {ergonomic}
     uint G1ConcRefinementThreads                  = 10                                        {product} {ergonomic}
   size_t G1HeapRegionSize                         = 1048576                                   {product} {ergonomic}
    uintx GCDrainStackTargetSize                   = 64                                        {product} {ergonomic}
   size_t InitialHeapSize                          = 67108864                                  {product} {command line}
   size_t MarkStackSize                            = 4194304                                   {product} {ergonomic}
   size_t MaxHeapSize                              = 67108864                                  {product} {command line}
   size_t MaxNewSize                               = 39845888                                  {product} {ergonomic}
   size_t MinHeapDeltaBytes                        = 1048576                                   {product} {ergonomic}
   size_t MinHeapSize                              = 67108864                                  {product} {command line}
    uintx NonNMethodCodeHeapSize                   = 5839372                                {pd product} {ergonomic}
    uintx NonProfiledCodeHeapSize                  = 122909434                              {pd product} {ergonomic}
    uintx ProfiledCodeHeapSize                     = 122909434                              {pd product} {ergonomic}
    uintx ReservedCodeCacheSize                    = 251658240                              {pd product} {ergonomic}
     bool SegmentedCodeCache                       = true                                      {product} {ergonomic}
   size_t SoftMaxHeapSize                          = 67108864                               {manageable} {ergonomic}
     bool UseCompressedClassPointers               = true                           {product lp64_product} {ergonomic}
     bool UseCompressedOops                        = true                           {product lp64_product} {ergonomic}
     bool UseG1GC                                  = true                                      {product} {ergonomic}
     bool UseLargePagesIndividualAllocation        = false                                  {pd product} {ergonomic}

Logging:
Log output configuration:
 #0: stdout all=warning uptime,level,tags
 #1: stderr all=off uptime,level,tags

Environment Variables:
JAVA_HOME=C:\Program Files\Java\jdk-17
PATH=C:\Program Files\Common Files\Oracle\Java\javapath;C:\Program Files\Python310\Scripts\;C:\Program Files\Python310\;C:\Windows\system32;C:\Windows;C:\Windows\System32\Wbem;C:\Windows\System32\WindowsPowerShell\v1.0\;C:\Windows\System32\OpenSSH\;C:\Program Files (x86)\NVIDIA Corporation\PhysX\Common;C:\Program Files\Java\jdk-17\bin;C:\WINDOWS\system32;C:\WINDOWS;C:\WINDOWS\System32\Wbem;C:\WINDOWS\System32\WindowsPowerShell\v1.0\;C:\WINDOWS\System32\OpenSSH\;C:\Program Files\MySQL\MySQL Server 8.0\bin;C:\Program Files\nodejs\;C:\Program Files\Git\cmd;C:\Users\rickb\AppData\Local\Android\Sdk\platform-tools;C:\Users\rickb\AppData\Local\Android\Sdk\tools;C:\Users\rickb\AppData\Local\Android\Sdk\platform-tools;C:\Users\rickb\AppData\Local\Android\Sdk\tools;C:\Users\rickb\AppData\Local\Android\Sdk\platform-tools;C:\Users\rickb\AppData\Local\Android\Sdk\tools;C:\Program Files\MySQL\MySQL Shell 8.0\bin\;C:\Users\rickb\AppData\Local\Programs\Python\Launcher\;C:\Users\rickb\AppData\Local\Microsoft\WindowsApps;C:\Users\rickb\AppData\Roaming\Python\Python310\Scripts;C:\Users\rickb\AppData\Local\Programs\Microsoft VS Code\bin;C:\Users\rickb\AppData\Roaming\npm;C:\Users\rickb\AppData\Local\GitHubDesktop\bin
USERNAME=rickb
OS=Windows_NT
PROCESSOR_IDENTIFIER=AMD64 Family 25 Model 80 Stepping 0, AuthenticAMD



---------------  S Y S T E M  ---------------

OS:
 Windows 11 , 64 bit Build 22621 (10.0.22621.5415)
OS uptime: 2 days 0:24 hours
Hyper-V role detected

CPU: total 12 (initial active 12) (12 cores per cpu, 2 threads per core) family 25 model 80 stepping 0 microcode 0x0, cx8, cmov, fxsr, ht, mmx, 3dnowpref, sse, sse2, sse3, ssse3, sse4a, sse4.1, sse4.2, popcnt, lzcnt, tsc, tscinvbit, avx, avx2, aes, erms, clmul, bmi1, bmi2, adx, sha, fma, vzeroupper, clflush, clflushopt, hv

Memory: 4k page, system-wide physical 5996M (222M free)
TotalPageFile size 24428M (AvailPageFile size 0M)
current process WorkingSet (physical memory assigned to process): 32M, peak: 32M
current process commit charge ("private bytes"): 146M, peak: 146M

vm_info: Java HotSpot(TM) 64-Bit Server VM (17.0.12+8-LTS-286) for windows-amd64 JRE (17.0.12+8-LTS-286), built on Jun  5 2024 06:46:59 by "mach5one" with MS VC++ 17.6 (VS2022)

END.
